<?xml version="1.0" encoding="UTF-8"?>
<coverage generated="1607189863719" clover="3.2.0">
  <project timestamp="1607189863720" name="All files">
    <metrics statements="501" coveredstatements="110" conditionals="211" coveredconditionals="9" methods="102" coveredmethods="37" elements="814" coveredelements="156" complexity="0" loc="501" ncloc="501" packages="1" files="2" classes="2"/>
    <file name="dao.js" path="D:\Documenti\PULSeBS_Team5\server\dao.js">
      <metrics statements="492" coveredstatements="107" conditionals="209" coveredconditionals="9" methods="99" coveredmethods="37"/>
      <line num="1" count="1" type="stmt"/>
      <line num="2" count="1" type="stmt"/>
      <line num="3" count="1" type="stmt"/>
      <line num="4" count="1" type="stmt"/>
      <line num="7" count="1" type="stmt"/>
      <line num="8" count="1" type="stmt"/>
      <line num="9" count="1" type="stmt"/>
      <line num="10" count="1" type="stmt"/>
      <line num="11" count="1" type="stmt"/>
      <line num="13" count="1" type="stmt"/>
      <line num="17" count="1" type="stmt"/>
      <line num="18" count="1" type="stmt"/>
      <line num="19" count="0" type="cond" truecount="0" falsecount="2"/>
      <line num="20" count="0" type="stmt"/>
      <line num="24" count="1" type="stmt"/>
      <line num="27" count="1" type="stmt"/>
      <line num="28" count="3" type="stmt"/>
      <line num="30" count="3" type="stmt"/>
      <line num="31" count="3" type="stmt"/>
      <line num="32" count="0" type="cond" truecount="0" falsecount="2"/>
      <line num="33" count="0" type="stmt"/>
      <line num="35" count="0" type="cond" truecount="0" falsecount="2"/>
      <line num="36" count="0" type="stmt"/>
      <line num="38" count="0" type="stmt"/>
      <line num="44" count="0" type="stmt"/>
      <line num="52" count="1" type="stmt"/>
      <line num="53" count="1" type="stmt"/>
      <line num="54" count="1" type="stmt"/>
      <line num="55" count="1" type="stmt"/>
      <line num="56" count="0" type="cond" truecount="0" falsecount="2"/>
      <line num="57" count="0" type="stmt"/>
      <line num="58" count="0" type="cond" truecount="0" falsecount="2"/>
      <line num="59" count="0" type="stmt"/>
      <line num="61" count="0" type="stmt"/>
      <line num="67" count="1" type="stmt"/>
      <line num="68" count="0" type="stmt"/>
      <line num="69" count="0" type="stmt"/>
      <line num="70" count="0" type="stmt"/>
      <line num="71" count="0" type="cond" truecount="0" falsecount="2"/>
      <line num="72" count="0" type="stmt"/>
      <line num="73" count="0" type="cond" truecount="0" falsecount="2"/>
      <line num="74" count="0" type="stmt"/>
      <line num="76" count="0" type="stmt"/>
      <line num="82" count="1" type="stmt"/>
      <line num="83" count="0" type="stmt"/>
      <line num="84" count="0" type="stmt"/>
      <line num="85" count="0" type="stmt"/>
      <line num="86" count="0" type="cond" truecount="0" falsecount="2"/>
      <line num="87" count="0" type="stmt"/>
      <line num="88" count="0" type="cond" truecount="0" falsecount="2"/>
      <line num="89" count="0" type="stmt"/>
      <line num="91" count="0" type="stmt"/>
      <line num="98" count="1" type="stmt"/>
      <line num="99" count="0" type="stmt"/>
      <line num="104" count="1" type="stmt"/>
      <line num="105" count="0" type="stmt"/>
      <line num="106" count="0" type="stmt"/>
      <line num="112" count="1" type="stmt"/>
      <line num="113" count="2" type="stmt"/>
      <line num="115" count="2" type="stmt"/>
      <line num="132" count="2" type="stmt"/>
      <line num="133" count="0" type="cond" truecount="0" falsecount="2"/>
      <line num="134" count="0" type="stmt"/>
      <line num="136" count="0" type="cond" truecount="0" falsecount="2"/>
      <line num="137" count="0" type="stmt"/>
      <line num="139" count="0" type="stmt"/>
      <line num="140" count="0" type="stmt"/>
      <line num="141" count="0" type="stmt"/>
      <line num="160" count="0" type="stmt"/>
      <line num="169" count="1" type="stmt"/>
      <line num="171" count="9" type="stmt"/>
      <line num="173" count="9" type="stmt"/>
      <line num="174" count="0" type="cond" truecount="0" falsecount="2"/>
      <line num="175" count="0" type="stmt"/>
      <line num="176" count="0" type="stmt"/>
      <line num="177" count="0" type="cond" truecount="0" falsecount="2"/>
      <line num="178" count="0" type="stmt"/>
      <line num="180" count="0" type="cond" truecount="0" falsecount="4"/>
      <line num="181" count="0" type="stmt"/>
      <line num="183" count="0" type="stmt"/>
      <line num="187" count="0" type="stmt"/>
      <line num="193" count="1" type="stmt"/>
      <line num="194" count="11" type="stmt"/>
      <line num="196" count="11" type="stmt"/>
      <line num="199" count="11" type="stmt"/>
      <line num="200" count="0" type="cond" truecount="0" falsecount="2"/>
      <line num="201" count="0" type="stmt"/>
      <line num="203" count="0" type="cond" truecount="0" falsecount="4"/>
      <line num="204" count="0" type="stmt"/>
      <line num="206" count="0" type="stmt"/>
      <line num="212" count="1" type="stmt"/>
      <line num="213" count="3" type="stmt"/>
      <line num="215" count="3" type="stmt"/>
      <line num="218" count="3" type="stmt"/>
      <line num="219" count="0" type="cond" truecount="0" falsecount="2"/>
      <line num="220" count="0" type="stmt"/>
      <line num="222" count="0" type="cond" truecount="0" falsecount="4"/>
      <line num="223" count="0" type="stmt"/>
      <line num="225" count="0" type="stmt"/>
      <line num="230" count="1" type="stmt"/>
      <line num="231" count="1" type="stmt"/>
      <line num="235" count="1" type="stmt"/>
      <line num="240" count="1" type="stmt"/>
      <line num="241" count="0" type="cond" truecount="0" falsecount="2"/>
      <line num="242" count="0" type="stmt"/>
      <line num="243" count="0" type="cond" truecount="0" falsecount="2"/>
      <line num="244" count="0" type="stmt"/>
      <line num="253" count="0" type="stmt"/>
      <line num="258" count="1" type="stmt"/>
      <line num="259" count="2" type="stmt"/>
      <line num="261" count="2" type="stmt"/>
      <line num="262" count="2" type="stmt"/>
      <line num="263" count="0" type="cond" truecount="0" falsecount="2"/>
      <line num="264" count="0" type="stmt"/>
      <line num="265" count="0" type="cond" truecount="0" falsecount="2"/>
      <line num="266" count="0" type="cond" truecount="0" falsecount="2"/>
      <line num="267" count="0" type="stmt"/>
      <line num="270" count="0" type="stmt"/>
      <line num="278" count="0" type="stmt"/>
      <line num="285" count="1" type="stmt"/>
      <line num="287" count="1" type="stmt"/>
      <line num="289" count="1" type="stmt"/>
      <line num="294" count="1" type="stmt"/>
      <line num="295" count="0" type="cond" truecount="0" falsecount="2"/>
      <line num="296" count="0" type="stmt"/>
      <line num="297" count="0" type="cond" truecount="0" falsecount="2"/>
      <line num="298" count="0" type="stmt"/>
      <line num="309" count="1" type="stmt"/>
      <line num="311" count="7" type="stmt"/>
      <line num="314" count="7" type="stmt"/>
      <line num="315" count="0" type="cond" truecount="0" falsecount="2"/>
      <line num="316" count="0" type="stmt"/>
      <line num="318" count="0" type="stmt"/>
      <line num="319" count="0" type="cond" truecount="0" falsecount="2"/>
      <line num="321" count="0" type="stmt"/>
      <line num="322" count="0" type="cond" truecount="0" falsecount="2"/>
      <line num="323" count="0" type="stmt"/>
      <line num="324" count="0" type="cond" truecount="0" falsecount="2"/>
      <line num="325" count="0" type="stmt"/>
      <line num="327" count="0" type="stmt"/>
      <line num="329" count="0" type="cond" truecount="0" falsecount="2"/>
      <line num="330" count="0" type="stmt"/>
      <line num="333" count="0" type="stmt"/>
      <line num="335" count="0" type="stmt"/>
      <line num="337" count="0" type="stmt"/>
      <line num="339" count="0" type="cond" truecount="0" falsecount="2"/>
      <line num="340" count="0" type="stmt"/>
      <line num="344" count="0" type="stmt"/>
      <line num="349" count="0" type="cond" truecount="0" falsecount="2"/>
      <line num="350" count="0" type="stmt"/>
      <line num="351" count="0" type="cond" truecount="0" falsecount="2"/>
      <line num="352" count="0" type="stmt"/>
      <line num="354" count="0" type="stmt"/>
      <line num="358" count="0" type="stmt"/>
      <line num="360" count="0" type="stmt"/>
      <line num="365" count="1" type="stmt"/>
      <line num="366" count="1" type="stmt"/>
      <line num="368" count="1" type="stmt"/>
      <line num="379" count="1" type="stmt"/>
      <line num="380" count="0" type="cond" truecount="0" falsecount="2"/>
      <line num="381" count="0" type="stmt"/>
      <line num="383" count="0" type="cond" truecount="0" falsecount="2"/>
      <line num="384" count="0" type="stmt"/>
      <line num="386" count="0" type="stmt"/>
      <line num="387" count="0" type="stmt"/>
      <line num="388" count="0" type="stmt"/>
      <line num="403" count="0" type="stmt"/>
      <line num="411" count="1" type="stmt"/>
      <line num="412" count="0" type="stmt"/>
      <line num="416" count="0" type="stmt"/>
      <line num="417" count="0" type="cond" truecount="0" falsecount="2"/>
      <line num="418" count="0" type="stmt"/>
      <line num="421" count="0" type="stmt"/>
      <line num="425" count="0" type="stmt"/>
      <line num="426" count="0" type="cond" truecount="0" falsecount="2"/>
      <line num="427" count="0" type="stmt"/>
      <line num="429" count="0" type="cond" truecount="0" falsecount="2"/>
      <line num="430" count="0" type="stmt"/>
      <line num="432" count="0" type="stmt"/>
      <line num="433" count="0" type="stmt"/>
      <line num="434" count="0" type="stmt"/>
      <line num="446" count="0" type="stmt"/>
      <line num="455" count="1" type="stmt"/>
      <line num="456" count="0" type="stmt"/>
      <line num="458" count="0" type="stmt"/>
      <line num="464" count="0" type="stmt"/>
      <line num="465" count="0" type="cond" truecount="0" falsecount="2"/>
      <line num="466" count="0" type="stmt"/>
      <line num="468" count="0" type="cond" truecount="0" falsecount="2"/>
      <line num="469" count="0" type="stmt"/>
      <line num="471" count="0" type="stmt"/>
      <line num="472" count="0" type="stmt"/>
      <line num="473" count="0" type="stmt"/>
      <line num="489" count="0" type="stmt"/>
      <line num="498" count="1" type="stmt"/>
      <line num="499" count="0" type="stmt"/>
      <line num="501" count="0" type="stmt"/>
      <line num="502" count="0" type="stmt"/>
      <line num="503" count="0" type="cond" truecount="0" falsecount="2"/>
      <line num="504" count="0" type="stmt"/>
      <line num="505" count="0" type="cond" truecount="0" falsecount="2"/>
      <line num="506" count="0" type="stmt"/>
      <line num="514" count="0" type="stmt"/>
      <line num="521" count="1" type="stmt"/>
      <line num="522" count="0" type="stmt"/>
      <line num="523" count="0" type="stmt"/>
      <line num="525" count="0" type="stmt"/>
      <line num="526" count="0" type="stmt"/>
      <line num="527" count="0" type="stmt"/>
      <line num="528" count="0" type="stmt"/>
      <line num="530" count="0" type="cond" truecount="0" falsecount="2"/>
      <line num="531" count="0" type="stmt"/>
      <line num="532" count="0" type="stmt"/>
      <line num="533" count="0" type="stmt"/>
      <line num="535" count="0" type="stmt"/>
      <line num="537" count="0" type="cond" truecount="0" falsecount="2"/>
      <line num="538" count="0" type="stmt"/>
      <line num="541" count="0" type="cond" truecount="0" falsecount="2"/>
      <line num="542" count="0" type="stmt"/>
      <line num="543" count="0" type="cond" truecount="0" falsecount="2"/>
      <line num="544" count="0" type="stmt"/>
      <line num="546" count="0" type="stmt"/>
      <line num="551" count="0" type="stmt"/>
      <line num="555" count="0" type="stmt"/>
      <line num="563" count="1" type="stmt"/>
      <line num="564" count="0" type="stmt"/>
      <line num="568" count="0" type="stmt"/>
      <line num="575" count="0" type="stmt"/>
      <line num="576" count="0" type="cond" truecount="0" falsecount="2"/>
      <line num="577" count="0" type="stmt"/>
      <line num="579" count="0" type="cond" truecount="0" falsecount="2"/>
      <line num="580" count="0" type="stmt"/>
      <line num="582" count="0" type="stmt"/>
      <line num="583" count="0" type="stmt"/>
      <line num="584" count="0" type="stmt"/>
      <line num="595" count="0" type="stmt"/>
      <line num="604" count="1" type="stmt"/>
      <line num="605" count="2" type="stmt"/>
      <line num="607" count="2" type="stmt"/>
      <line num="608" count="0" type="cond" truecount="0" falsecount="2"/>
      <line num="609" count="0" type="stmt"/>
      <line num="611" count="0" type="stmt"/>
      <line num="612" count="0" type="stmt"/>
      <line num="613" count="0" type="stmt"/>
      <line num="616" count="0" type="cond" truecount="0" falsecount="2"/>
      <line num="617" count="0" type="stmt"/>
      <line num="620" count="0" type="cond" truecount="0" falsecount="2"/>
      <line num="621" count="0" type="stmt"/>
      <line num="622" count="0" type="stmt"/>
      <line num="628" count="0" type="cond" truecount="0" falsecount="2"/>
      <line num="629" count="0" type="stmt"/>
      <line num="630" count="0" type="cond" truecount="0" falsecount="2"/>
      <line num="631" count="0" type="stmt"/>
      <line num="635" count="0" type="stmt"/>
      <line num="645" count="1" type="stmt"/>
      <line num="646" count="0" type="stmt"/>
      <line num="648" count="0" type="stmt"/>
      <line num="656" count="0" type="stmt"/>
      <line num="657" count="0" type="cond" truecount="0" falsecount="2"/>
      <line num="658" count="0" type="stmt"/>
      <line num="660" count="0" type="cond" truecount="0" falsecount="2"/>
      <line num="661" count="0" type="stmt"/>
      <line num="663" count="0" type="stmt"/>
      <line num="664" count="0" type="stmt"/>
      <line num="665" count="0" type="stmt"/>
      <line num="680" count="0" type="stmt"/>
      <line num="689" count="1" type="stmt"/>
      <line num="690" count="0" type="stmt"/>
      <line num="691" count="0" type="stmt"/>
      <line num="692" count="0" type="stmt"/>
      <line num="694" count="0" type="cond" truecount="0" falsecount="2"/>
      <line num="695" count="0" type="stmt"/>
      <line num="697" count="0" type="stmt"/>
      <line num="703" count="1" type="stmt"/>
      <line num="704" count="2" type="stmt"/>
      <line num="708" count="2" type="stmt"/>
      <line num="709" count="2" type="cond" truecount="2" falsecount="0"/>
      <line num="710" count="2" type="cond" truecount="2" falsecount="0"/>
      <line num="711" count="2" type="stmt"/>
      <line num="747" count="2" type="cond" truecount="1" falsecount="1"/>
      <line num="748" count="2" type="cond" truecount="2" falsecount="0"/>
      <line num="749" count="2" type="cond" truecount="2" falsecount="0"/>
      <line num="750" count="2" type="stmt"/>
      <line num="751" count="2" type="stmt"/>
      <line num="752" count="0" type="cond" truecount="0" falsecount="2"/>
      <line num="753" count="0" type="stmt"/>
      <line num="755" count="0" type="cond" truecount="0" falsecount="2"/>
      <line num="756" count="0" type="stmt"/>
      <line num="758" count="0" type="stmt"/>
      <line num="759" count="0" type="stmt"/>
      <line num="760" count="0" type="stmt"/>
      <line num="761" count="0" type="stmt"/>
      <line num="762" count="0" type="stmt"/>
      <line num="763" count="0" type="stmt"/>
      <line num="764" count="0" type="cond" truecount="0" falsecount="2"/>
      <line num="765" count="0" type="cond" truecount="0" falsecount="2"/>
      <line num="766" count="0" type="cond" truecount="0" falsecount="2"/>
      <line num="767" count="0" type="stmt"/>
      <line num="768" count="0" type="stmt"/>
      <line num="769" count="0" type="stmt"/>
      <line num="770" count="0" type="stmt"/>
      <line num="771" count="0" type="stmt"/>
      <line num="772" count="0" type="stmt"/>
      <line num="773" count="0" type="stmt"/>
      <line num="774" count="0" type="stmt"/>
      <line num="775" count="0" type="stmt"/>
      <line num="776" count="0" type="stmt"/>
      <line num="779" count="0" type="stmt"/>
      <line num="834" count="1" type="stmt"/>
      <line num="835" count="1" type="stmt"/>
      <line num="837" count="1" type="stmt"/>
      <line num="850" count="1" type="stmt"/>
      <line num="851" count="0" type="cond" truecount="0" falsecount="2"/>
      <line num="852" count="0" type="stmt"/>
      <line num="853" count="0" type="stmt"/>
      <line num="855" count="0" type="cond" truecount="0" falsecount="2"/>
      <line num="857" count="0" type="stmt"/>
      <line num="859" count="0" type="stmt"/>
      <line num="861" count="0" type="stmt"/>
      <line num="862" count="0" type="stmt"/>
      <line num="876" count="0" type="stmt"/>
      <line num="886" count="1" type="stmt"/>
      <line num="887" count="2" type="stmt"/>
      <line num="889" count="2" type="stmt"/>
      <line num="897" count="2" type="stmt"/>
      <line num="898" count="0" type="cond" truecount="0" falsecount="2"/>
      <line num="899" count="0" type="stmt"/>
      <line num="900" count="0" type="cond" truecount="0" falsecount="2"/>
      <line num="901" count="0" type="stmt"/>
      <line num="905" count="0" type="stmt"/>
      <line num="912" count="1" type="stmt"/>
      <line num="913" count="2" type="stmt"/>
      <line num="915" count="2" type="stmt"/>
      <line num="923" count="2" type="stmt"/>
      <line num="924" count="2" type="stmt"/>
      <line num="925" count="0" type="cond" truecount="0" falsecount="2"/>
      <line num="926" count="0" type="stmt"/>
      <line num="927" count="0" type="cond" truecount="0" falsecount="2"/>
      <line num="928" count="0" type="stmt"/>
      <line num="932" count="0" type="stmt"/>
      <line num="939" count="1" type="stmt"/>
      <line num="940" count="1" type="stmt"/>
      <line num="942" count="1" type="stmt"/>
      <line num="944" count="1" type="stmt"/>
      <line num="945" count="0" type="cond" truecount="0" falsecount="2"/>
      <line num="946" count="0" type="stmt"/>
      <line num="948" count="0" type="cond" truecount="0" falsecount="2"/>
      <line num="950" count="0" type="stmt"/>
      <line num="952" count="0" type="stmt"/>
      <line num="954" count="0" type="stmt"/>
      <line num="955" count="0" type="stmt"/>
      <line num="962" count="0" type="stmt"/>
      <line num="970" count="1" type="stmt"/>
      <line num="971" count="1" type="stmt"/>
      <line num="973" count="1" type="stmt"/>
      <line num="975" count="1" type="stmt"/>
      <line num="976" count="0" type="cond" truecount="0" falsecount="2"/>
      <line num="977" count="0" type="stmt"/>
      <line num="979" count="0" type="cond" truecount="0" falsecount="2"/>
      <line num="981" count="0" type="stmt"/>
      <line num="983" count="0" type="stmt"/>
      <line num="985" count="0" type="stmt"/>
      <line num="986" count="0" type="stmt"/>
      <line num="995" count="0" type="stmt"/>
      <line num="1004" count="1" type="stmt"/>
      <line num="1005" count="0" type="stmt"/>
      <line num="1006" count="0" type="stmt"/>
      <line num="1007" count="0" type="stmt"/>
      <line num="1009" count="0" type="stmt"/>
      <line num="1010" count="0" type="stmt"/>
      <line num="1012" count="0" type="stmt"/>
      <line num="1013" count="0" type="cond" truecount="0" falsecount="7"/>
      <line num="1014" count="0" type="stmt"/>
      <line num="1015" count="0" type="stmt"/>
      <line num="1018" count="0" type="cond" truecount="0" falsecount="2"/>
      <line num="1019" count="0" type="stmt"/>
      <line num="1020" count="0" type="stmt"/>
      <line num="1023" count="0" type="stmt"/>
      <line num="1025" count="0" type="stmt"/>
      <line num="1026" count="0" type="stmt"/>
      <line num="1027" count="0" type="stmt"/>
      <line num="1030" count="0" type="stmt"/>
      <line num="1034" count="0" type="stmt"/>
      <line num="1039" count="1" type="stmt"/>
      <line num="1040" count="0" type="stmt"/>
      <line num="1041" count="0" type="stmt"/>
      <line num="1042" count="0" type="stmt"/>
      <line num="1044" count="0" type="stmt"/>
      <line num="1045" count="0" type="stmt"/>
      <line num="1047" count="0" type="stmt"/>
      <line num="1048" count="0" type="cond" truecount="0" falsecount="7"/>
      <line num="1049" count="0" type="stmt"/>
      <line num="1050" count="0" type="stmt"/>
      <line num="1053" count="0" type="cond" truecount="0" falsecount="2"/>
      <line num="1054" count="0" type="stmt"/>
      <line num="1055" count="0" type="stmt"/>
      <line num="1058" count="0" type="stmt"/>
      <line num="1060" count="0" type="stmt"/>
      <line num="1061" count="0" type="stmt"/>
      <line num="1062" count="0" type="stmt"/>
      <line num="1065" count="0" type="stmt"/>
      <line num="1069" count="0" type="stmt"/>
      <line num="1073" count="1" type="stmt"/>
      <line num="1074" count="0" type="stmt"/>
      <line num="1075" count="0" type="stmt"/>
      <line num="1076" count="0" type="stmt"/>
      <line num="1078" count="0" type="stmt"/>
      <line num="1079" count="0" type="stmt"/>
      <line num="1081" count="0" type="stmt"/>
      <line num="1082" count="0" type="cond" truecount="0" falsecount="4"/>
      <line num="1083" count="0" type="stmt"/>
      <line num="1084" count="0" type="stmt"/>
      <line num="1087" count="0" type="stmt"/>
      <line num="1089" count="0" type="cond" truecount="0" falsecount="2"/>
      <line num="1090" count="0" type="stmt"/>
      <line num="1091" count="0" type="stmt"/>
      <line num="1093" count="0" type="cond" truecount="0" falsecount="2"/>
      <line num="1094" count="0" type="stmt"/>
      <line num="1095" count="0" type="stmt"/>
      <line num="1098" count="0" type="stmt"/>
      <line num="1100" count="0" type="cond" truecount="0" falsecount="2"/>
      <line num="1101" count="0" type="stmt"/>
      <line num="1102" count="0" type="stmt"/>
      <line num="1105" count="0" type="stmt"/>
      <line num="1107" count="0" type="stmt"/>
      <line num="1108" count="0" type="stmt"/>
      <line num="1109" count="0" type="stmt"/>
      <line num="1112" count="0" type="stmt"/>
      <line num="1116" count="0" type="stmt"/>
      <line num="1121" count="1" type="stmt"/>
      <line num="1122" count="0" type="stmt"/>
      <line num="1123" count="0" type="stmt"/>
      <line num="1124" count="0" type="stmt"/>
      <line num="1126" count="0" type="stmt"/>
      <line num="1127" count="0" type="stmt"/>
      <line num="1129" count="0" type="stmt"/>
      <line num="1130" count="0" type="cond" truecount="0" falsecount="4"/>
      <line num="1131" count="0" type="stmt"/>
      <line num="1132" count="0" type="stmt"/>
      <line num="1135" count="0" type="stmt"/>
      <line num="1137" count="0" type="cond" truecount="0" falsecount="2"/>
      <line num="1138" count="0" type="stmt"/>
      <line num="1139" count="0" type="stmt"/>
      <line num="1141" count="0" type="cond" truecount="0" falsecount="2"/>
      <line num="1142" count="0" type="stmt"/>
      <line num="1143" count="0" type="stmt"/>
      <line num="1146" count="0" type="stmt"/>
      <line num="1148" count="0" type="stmt"/>
      <line num="1149" count="0" type="stmt"/>
      <line num="1150" count="0" type="stmt"/>
      <line num="1153" count="0" type="stmt"/>
      <line num="1157" count="0" type="stmt"/>
      <line num="1162" count="1" type="stmt"/>
      <line num="1163" count="0" type="stmt"/>
      <line num="1164" count="0" type="stmt"/>
      <line num="1165" count="0" type="stmt"/>
      <line num="1167" count="0" type="stmt"/>
      <line num="1168" count="0" type="stmt"/>
      <line num="1170" count="0" type="stmt"/>
      <line num="1171" count="0" type="cond" truecount="0" falsecount="7"/>
      <line num="1172" count="0" type="stmt"/>
      <line num="1173" count="0" type="stmt"/>
      <line num="1176" count="0" type="stmt"/>
      <line num="1178" count="0" type="cond" truecount="0" falsecount="2"/>
      <line num="1179" count="0" type="stmt"/>
      <line num="1180" count="0" type="stmt"/>
      <line num="1183" count="0" type="stmt"/>
      <line num="1185" count="0" type="cond" truecount="0" falsecount="2"/>
      <line num="1186" count="0" type="stmt"/>
      <line num="1187" count="0" type="stmt"/>
      <line num="1190" count="0" type="stmt"/>
      <line num="1192" count="0" type="stmt"/>
      <line num="1193" count="0" type="stmt"/>
      <line num="1194" count="0" type="stmt"/>
      <line num="1197" count="0" type="stmt"/>
      <line num="1201" count="0" type="stmt"/>
      <line num="1206" count="1" type="stmt"/>
      <line num="1207" count="0" type="stmt"/>
      <line num="1208" count="0" type="stmt"/>
      <line num="1209" count="0" type="stmt"/>
      <line num="1211" count="0" type="stmt"/>
      <line num="1212" count="0" type="stmt"/>
      <line num="1214" count="0" type="stmt"/>
      <line num="1215" count="0" type="cond" truecount="0" falsecount="4"/>
      <line num="1216" count="0" type="stmt"/>
      <line num="1217" count="0" type="stmt"/>
      <line num="1220" count="0" type="stmt"/>
      <line num="1222" count="0" type="stmt"/>
      <line num="1223" count="0" type="stmt"/>
      <line num="1224" count="0" type="stmt"/>
      <line num="1227" count="0" type="stmt"/>
      <line num="1231" count="0" type="stmt"/>
    </file>
    <file name="email.js" path="D:\Documenti\PULSeBS_Team5\server\email.js">
      <metrics statements="9" coveredstatements="3" conditionals="2" coveredconditionals="0" methods="3" coveredmethods="0"/>
      <line num="2" count="1" type="stmt"/>
      <line num="4" count="1" type="stmt"/>
      <line num="8" count="0" type="stmt"/>
      <line num="9" count="0" type="cond" truecount="0" falsecount="2"/>
      <line num="11" count="0" type="stmt"/>
      <line num="14" count="1" type="stmt"/>
      <line num="33" count="0" type="stmt"/>
      <line num="43" count="0" type="stmt"/>
      <line num="45" count="0" type="stmt"/>
    </file>
  </project>
</coverage>
