{"D:\\Documenti\\PULSeBS_Team5\\server\\dao.js": {"path":"D:\\Documenti\\PULSeBS_Team5\\server\\dao.js","statementMap":{"0":{"start":{"line":1,"column":13},"end":{"line":1,"column":41}},"1":{"start":{"line":2,"column":13},"end":{"line":2,"column":30}},"2":{"start":{"line":3,"column":14},"end":{"line":3,"column":32}},"3":{"start":{"line":4,"column":18},"end":{"line":4,"column":38}},"4":{"start":{"line":7,"column":29},"end":{"line":7,"column":147}},"5":{"start":{"line":8,"column":24},"end":{"line":8,"column":212}},"6":{"start":{"line":9,"column":24},"end":{"line":9,"column":202}},"7":{"start":{"line":10,"column":25},"end":{"line":10,"column":130}},"8":{"start":{"line":11,"column":25},"end":{"line":11,"column":132}},"9":{"start":{"line":13,"column":14},"end":{"line":13,"column":36}},"10":{"start":{"line":17,"column":0},"end":{"line":25,"column":1}},"11":{"start":{"line":18,"column":4},"end":{"line":22,"column":7}},"12":{"start":{"line":19,"column":8},"end":{"line":21,"column":9}},"13":{"start":{"line":20,"column":12},"end":{"line":20,"column":22}},"14":{"start":{"line":24,"column":4},"end":{"line":24,"column":14}},"15":{"start":{"line":27,"column":0},"end":{"line":50,"column":1}},"16":{"start":{"line":28,"column":4},"end":{"line":49,"column":6}},"17":{"start":{"line":30,"column":22},"end":{"line":30,"column":57}},"18":{"start":{"line":31,"column":12},"end":{"line":47,"column":14}},"19":{"start":{"line":32,"column":20},"end":{"line":45,"column":21}},"20":{"start":{"line":33,"column":24},"end":{"line":33,"column":36}},"21":{"start":{"line":35,"column":25},"end":{"line":45,"column":21}},"22":{"start":{"line":36,"column":24},"end":{"line":36,"column":42}},"23":{"start":{"line":38,"column":35},"end":{"line":43,"column":54}},"24":{"start":{"line":44,"column":24},"end":{"line":44,"column":38}},"25":{"start":{"line":52,"column":0},"end":{"line":65,"column":4}},"26":{"start":{"line":53,"column":4},"end":{"line":64,"column":7}},"27":{"start":{"line":54,"column":20},"end":{"line":54,"column":57}},"28":{"start":{"line":55,"column":8},"end":{"line":63,"column":11}},"29":{"start":{"line":56,"column":12},"end":{"line":62,"column":13}},"30":{"start":{"line":57,"column":16},"end":{"line":57,"column":28}},"31":{"start":{"line":58,"column":17},"end":{"line":62,"column":13}},"32":{"start":{"line":59,"column":16},"end":{"line":59,"column":28}},"33":{"start":{"line":61,"column":16},"end":{"line":61,"column":33}},"34":{"start":{"line":67,"column":0},"end":{"line":80,"column":2}},"35":{"start":{"line":68,"column":4},"end":{"line":79,"column":7}},"36":{"start":{"line":69,"column":20},"end":{"line":69,"column":61}},"37":{"start":{"line":70,"column":8},"end":{"line":78,"column":11}},"38":{"start":{"line":71,"column":12},"end":{"line":77,"column":13}},"39":{"start":{"line":72,"column":16},"end":{"line":72,"column":28}},"40":{"start":{"line":73,"column":17},"end":{"line":77,"column":13}},"41":{"start":{"line":74,"column":16},"end":{"line":74,"column":28}},"42":{"start":{"line":76,"column":16},"end":{"line":76,"column":33}},"43":{"start":{"line":82,"column":0},"end":{"line":95,"column":2}},"44":{"start":{"line":83,"column":4},"end":{"line":94,"column":7}},"45":{"start":{"line":84,"column":20},"end":{"line":84,"column":67}},"46":{"start":{"line":85,"column":8},"end":{"line":93,"column":11}},"47":{"start":{"line":86,"column":12},"end":{"line":92,"column":13}},"48":{"start":{"line":87,"column":16},"end":{"line":87,"column":28}},"49":{"start":{"line":88,"column":17},"end":{"line":92,"column":13}},"50":{"start":{"line":89,"column":16},"end":{"line":89,"column":28}},"51":{"start":{"line":91,"column":16},"end":{"line":91,"column":33}},"52":{"start":{"line":98,"column":0},"end":{"line":100,"column":1}},"53":{"start":{"line":99,"column":4},"end":{"line":99,"column":49}},"54":{"start":{"line":104,"column":0},"end":{"line":108,"column":2}},"55":{"start":{"line":105,"column":4},"end":{"line":107,"column":6}},"56":{"start":{"line":106,"column":8},"end":{"line":106,"column":20}},"57":{"start":{"line":112,"column":0},"end":{"line":166,"column":1}},"58":{"start":{"line":113,"column":4},"end":{"line":165,"column":6}},"59":{"start":{"line":115,"column":24},"end":{"line":130,"column":45}},"60":{"start":{"line":132,"column":12},"end":{"line":163,"column":14}},"61":{"start":{"line":133,"column":20},"end":{"line":161,"column":21}},"62":{"start":{"line":134,"column":24},"end":{"line":134,"column":36}},"63":{"start":{"line":136,"column":25},"end":{"line":161,"column":21}},"64":{"start":{"line":137,"column":24},"end":{"line":137,"column":35}},"65":{"start":{"line":139,"column":38},"end":{"line":139,"column":40}},"66":{"start":{"line":140,"column":24},"end":{"line":159,"column":25}},"67":{"start":{"line":141,"column":28},"end":{"line":158,"column":30}},"68":{"start":{"line":160,"column":24},"end":{"line":160,"column":43}},"69":{"start":{"line":169,"column":0},"end":{"line":190,"column":1}},"70":{"start":{"line":171,"column":4},"end":{"line":189,"column":7}},"71":{"start":{"line":173,"column":31},"end":{"line":173,"column":81}},"72":{"start":{"line":174,"column":12},"end":{"line":188,"column":13}},"73":{"start":{"line":175,"column":26},"end":{"line":175,"column":108}},"74":{"start":{"line":176,"column":16},"end":{"line":184,"column":19}},"75":{"start":{"line":177,"column":20},"end":{"line":183,"column":43}},"76":{"start":{"line":178,"column":24},"end":{"line":178,"column":36}},"77":{"start":{"line":180,"column":25},"end":{"line":183,"column":43}},"78":{"start":{"line":181,"column":24},"end":{"line":181,"column":44}},"79":{"start":{"line":183,"column":24},"end":{"line":183,"column":43}},"80":{"start":{"line":187,"column":16},"end":{"line":187,"column":56}},"81":{"start":{"line":193,"column":0},"end":{"line":209,"column":1}},"82":{"start":{"line":194,"column":4},"end":{"line":208,"column":7}},"83":{"start":{"line":196,"column":18},"end":{"line":198,"column":68}},"84":{"start":{"line":199,"column":8},"end":{"line":207,"column":11}},"85":{"start":{"line":200,"column":12},"end":{"line":206,"column":36}},"86":{"start":{"line":201,"column":16},"end":{"line":201,"column":28}},"87":{"start":{"line":203,"column":17},"end":{"line":206,"column":36}},"88":{"start":{"line":204,"column":16},"end":{"line":204,"column":35}},"89":{"start":{"line":206,"column":16},"end":{"line":206,"column":36}},"90":{"start":{"line":212,"column":0},"end":{"line":228,"column":1}},"91":{"start":{"line":213,"column":4},"end":{"line":227,"column":7}},"92":{"start":{"line":215,"column":18},"end":{"line":217,"column":59}},"93":{"start":{"line":218,"column":8},"end":{"line":226,"column":11}},"94":{"start":{"line":219,"column":12},"end":{"line":225,"column":36}},"95":{"start":{"line":220,"column":16},"end":{"line":220,"column":28}},"96":{"start":{"line":222,"column":17},"end":{"line":225,"column":36}},"97":{"start":{"line":223,"column":16},"end":{"line":223,"column":35}},"98":{"start":{"line":225,"column":16},"end":{"line":225,"column":36}},"99":{"start":{"line":230,"column":0},"end":{"line":256,"column":1}},"100":{"start":{"line":231,"column":4},"end":{"line":255,"column":7}},"101":{"start":{"line":235,"column":18},"end":{"line":239,"column":38}},"102":{"start":{"line":240,"column":8},"end":{"line":254,"column":11}},"103":{"start":{"line":241,"column":12},"end":{"line":253,"column":28}},"104":{"start":{"line":242,"column":16},"end":{"line":242,"column":28}},"105":{"start":{"line":243,"column":18},"end":{"line":253,"column":28}},"106":{"start":{"line":244,"column":16},"end":{"line":250,"column":23}},"107":{"start":{"line":253,"column":16},"end":{"line":253,"column":28}},"108":{"start":{"line":258,"column":0},"end":{"line":282,"column":1}},"109":{"start":{"line":259,"column":4},"end":{"line":281,"column":7}},"110":{"start":{"line":261,"column":18},"end":{"line":261,"column":75}},"111":{"start":{"line":262,"column":8},"end":{"line":280,"column":11}},"112":{"start":{"line":263,"column":12},"end":{"line":279,"column":13}},"113":{"start":{"line":264,"column":16},"end":{"line":264,"column":28}},"114":{"start":{"line":265,"column":18},"end":{"line":279,"column":13}},"115":{"start":{"line":266,"column":16},"end":{"line":275,"column":17}},"116":{"start":{"line":267,"column":20},"end":{"line":267,"column":39}},"117":{"start":{"line":270,"column":20},"end":{"line":274,"column":27}},"118":{"start":{"line":278,"column":16},"end":{"line":278,"column":35}},"119":{"start":{"line":285,"column":0},"end":{"line":306,"column":1}},"120":{"start":{"line":287,"column":4},"end":{"line":305,"column":7}},"121":{"start":{"line":289,"column":19},"end":{"line":293,"column":53}},"122":{"start":{"line":294,"column":8},"end":{"line":304,"column":11}},"123":{"start":{"line":295,"column":12},"end":{"line":303,"column":17}},"124":{"start":{"line":296,"column":16},"end":{"line":296,"column":28}},"125":{"start":{"line":297,"column":18},"end":{"line":303,"column":17}},"126":{"start":{"line":298,"column":16},"end":{"line":302,"column":23}},"127":{"start":{"line":309,"column":0},"end":{"line":363,"column":1}},"128":{"start":{"line":311,"column":4},"end":{"line":362,"column":7}},"129":{"start":{"line":314,"column":23},"end":{"line":314,"column":66}},"130":{"start":{"line":315,"column":8},"end":{"line":361,"column":9}},"131":{"start":{"line":316,"column":12},"end":{"line":316,"column":46}},"132":{"start":{"line":318,"column":29},"end":{"line":318,"column":79}},"133":{"start":{"line":319,"column":12},"end":{"line":360,"column":56}},"134":{"start":{"line":321,"column":28},"end":{"line":321,"column":64}},"135":{"start":{"line":322,"column":16},"end":{"line":358,"column":50}},"136":{"start":{"line":323,"column":32},"end":{"line":323,"column":33}},"137":{"start":{"line":324,"column":20},"end":{"line":325,"column":34}},"138":{"start":{"line":325,"column":24},"end":{"line":325,"column":34}},"139":{"start":{"line":327,"column":40},"end":{"line":327,"column":77}},"140":{"start":{"line":329,"column":20},"end":{"line":331,"column":21}},"141":{"start":{"line":330,"column":24},"end":{"line":330,"column":64}},"142":{"start":{"line":333,"column":40},"end":{"line":333,"column":74}},"143":{"start":{"line":335,"column":30},"end":{"line":336,"column":52}},"144":{"start":{"line":337,"column":32},"end":{"line":356,"column":39}},"145":{"start":{"line":339,"column":40},"end":{"line":355,"column":41}},"146":{"start":{"line":340,"column":44},"end":{"line":340,"column":56}},"147":{"start":{"line":344,"column":68},"end":{"line":348,"column":108}},"148":{"start":{"line":349,"column":44},"end":{"line":352,"column":124}},"149":{"start":{"line":350,"column":48},"end":{"line":350,"column":129}},"150":{"start":{"line":351,"column":49},"end":{"line":352,"column":124}},"151":{"start":{"line":352,"column":48},"end":{"line":352,"column":124}},"152":{"start":{"line":354,"column":44},"end":{"line":354,"column":94}},"153":{"start":{"line":358,"column":20},"end":{"line":358,"column":50}},"154":{"start":{"line":360,"column":16},"end":{"line":360,"column":56}},"155":{"start":{"line":365,"column":0},"end":{"line":409,"column":1}},"156":{"start":{"line":366,"column":4},"end":{"line":408,"column":6}},"157":{"start":{"line":368,"column":24},"end":{"line":377,"column":45}},"158":{"start":{"line":379,"column":16},"end":{"line":406,"column":14}},"159":{"start":{"line":380,"column":20},"end":{"line":404,"column":21}},"160":{"start":{"line":381,"column":24},"end":{"line":381,"column":36}},"161":{"start":{"line":383,"column":25},"end":{"line":404,"column":21}},"162":{"start":{"line":384,"column":24},"end":{"line":384,"column":35}},"163":{"start":{"line":386,"column":38},"end":{"line":386,"column":40}},"164":{"start":{"line":387,"column":24},"end":{"line":402,"column":25}},"165":{"start":{"line":388,"column":28},"end":{"line":401,"column":30}},"166":{"start":{"line":403,"column":24},"end":{"line":403,"column":43}},"167":{"start":{"line":411,"column":0},"end":{"line":453,"column":1}},"168":{"start":{"line":412,"column":4},"end":{"line":452,"column":6}},"169":{"start":{"line":416,"column":22},"end":{"line":416,"column":69}},"170":{"start":{"line":417,"column":12},"end":{"line":450,"column":13}},"171":{"start":{"line":418,"column":16},"end":{"line":418,"column":55}},"172":{"start":{"line":421,"column":26},"end":{"line":424,"column":49}},"173":{"start":{"line":425,"column":20},"end":{"line":449,"column":18}},"174":{"start":{"line":426,"column":24},"end":{"line":447,"column":25}},"175":{"start":{"line":427,"column":28},"end":{"line":427,"column":40}},"176":{"start":{"line":429,"column":29},"end":{"line":447,"column":25}},"177":{"start":{"line":430,"column":28},"end":{"line":430,"column":39}},"178":{"start":{"line":432,"column":42},"end":{"line":432,"column":44}},"179":{"start":{"line":433,"column":28},"end":{"line":445,"column":29}},"180":{"start":{"line":434,"column":32},"end":{"line":444,"column":34}},"181":{"start":{"line":446,"column":28},"end":{"line":446,"column":47}},"182":{"start":{"line":455,"column":0},"end":{"line":495,"column":1}},"183":{"start":{"line":456,"column":4},"end":{"line":494,"column":6}},"184":{"start":{"line":458,"column":22},"end":{"line":463,"column":49}},"185":{"start":{"line":464,"column":16},"end":{"line":492,"column":14}},"186":{"start":{"line":465,"column":20},"end":{"line":490,"column":21}},"187":{"start":{"line":466,"column":24},"end":{"line":466,"column":36}},"188":{"start":{"line":468,"column":25},"end":{"line":490,"column":21}},"189":{"start":{"line":469,"column":24},"end":{"line":469,"column":35}},"190":{"start":{"line":471,"column":37},"end":{"line":471,"column":39}},"191":{"start":{"line":472,"column":24},"end":{"line":488,"column":25}},"192":{"start":{"line":473,"column":28},"end":{"line":487,"column":30}},"193":{"start":{"line":489,"column":24},"end":{"line":489,"column":43}},"194":{"start":{"line":498,"column":0},"end":{"line":519,"column":1}},"195":{"start":{"line":499,"column":4},"end":{"line":518,"column":7}},"196":{"start":{"line":501,"column":18},"end":{"line":501,"column":167}},"197":{"start":{"line":502,"column":8},"end":{"line":517,"column":11}},"198":{"start":{"line":503,"column":12},"end":{"line":516,"column":17}},"199":{"start":{"line":504,"column":16},"end":{"line":504,"column":28}},"200":{"start":{"line":505,"column":18},"end":{"line":516,"column":17}},"201":{"start":{"line":506,"column":16},"end":{"line":510,"column":23}},"202":{"start":{"line":514,"column":20},"end":{"line":515,"column":27}},"203":{"start":{"line":521,"column":0},"end":{"line":559,"column":1}},"204":{"start":{"line":522,"column":4},"end":{"line":558,"column":11}},"205":{"start":{"line":523,"column":27},"end":{"line":523,"column":63}},"206":{"start":{"line":525,"column":24},"end":{"line":525,"column":33}},"207":{"start":{"line":526,"column":24},"end":{"line":526,"column":33}},"208":{"start":{"line":527,"column":21},"end":{"line":527,"column":30}},"209":{"start":{"line":528,"column":16},"end":{"line":528,"column":62}},"210":{"start":{"line":530,"column":8},"end":{"line":534,"column":9}},"211":{"start":{"line":531,"column":12},"end":{"line":531,"column":67}},"212":{"start":{"line":532,"column":12},"end":{"line":532,"column":75}},"213":{"start":{"line":533,"column":12},"end":{"line":533,"column":75}},"214":{"start":{"line":535,"column":8},"end":{"line":557,"column":15}},"215":{"start":{"line":537,"column":16},"end":{"line":556,"column":17}},"216":{"start":{"line":538,"column":20},"end":{"line":538,"column":32}},"217":{"start":{"line":541,"column":20},"end":{"line":554,"column":21}},"218":{"start":{"line":542,"column":24},"end":{"line":553,"column":27}},"219":{"start":{"line":543,"column":28},"end":{"line":552,"column":29}},"220":{"start":{"line":544,"column":32},"end":{"line":544,"column":45}},"221":{"start":{"line":546,"column":56},"end":{"line":550,"column":88}},"222":{"start":{"line":551,"column":33},"end":{"line":551,"column":109}},"223":{"start":{"line":555,"column":20},"end":{"line":555,"column":34}},"224":{"start":{"line":563,"column":0},"end":{"line":602,"column":1}},"225":{"start":{"line":564,"column":4},"end":{"line":601,"column":6}},"226":{"start":{"line":568,"column":18},"end":{"line":574,"column":45}},"227":{"start":{"line":575,"column":12},"end":{"line":598,"column":10}},"228":{"start":{"line":576,"column":16},"end":{"line":596,"column":17}},"229":{"start":{"line":577,"column":20},"end":{"line":577,"column":32}},"230":{"start":{"line":579,"column":21},"end":{"line":596,"column":17}},"231":{"start":{"line":580,"column":20},"end":{"line":580,"column":31}},"232":{"start":{"line":582,"column":34},"end":{"line":582,"column":36}},"233":{"start":{"line":583,"column":20},"end":{"line":594,"column":21}},"234":{"start":{"line":584,"column":24},"end":{"line":593,"column":26}},"235":{"start":{"line":595,"column":20},"end":{"line":595,"column":39}},"236":{"start":{"line":604,"column":0},"end":{"line":640,"column":1}},"237":{"start":{"line":605,"column":4},"end":{"line":639,"column":7}},"238":{"start":{"line":607,"column":18},"end":{"line":607,"column":71}},"239":{"start":{"line":608,"column":8},"end":{"line":638,"column":9}},"240":{"start":{"line":609,"column":12},"end":{"line":609,"column":51}},"241":{"start":{"line":611,"column":27},"end":{"line":611,"column":62}},"242":{"start":{"line":612,"column":22},"end":{"line":612,"column":69}},"243":{"start":{"line":613,"column":12},"end":{"line":637,"column":19}},"244":{"start":{"line":616,"column":20},"end":{"line":636,"column":21}},"245":{"start":{"line":617,"column":24},"end":{"line":617,"column":36}},"246":{"start":{"line":620,"column":24},"end":{"line":633,"column":25}},"247":{"start":{"line":621,"column":28},"end":{"line":632,"column":29}},"248":{"start":{"line":622,"column":56},"end":{"line":627,"column":62}},"249":{"start":{"line":628,"column":32},"end":{"line":631,"column":103}},"250":{"start":{"line":629,"column":36},"end":{"line":629,"column":103}},"251":{"start":{"line":630,"column":37},"end":{"line":631,"column":103}},"252":{"start":{"line":631,"column":36},"end":{"line":631,"column":103}},"253":{"start":{"line":635,"column":24},"end":{"line":635,"column":38}},"254":{"start":{"line":645,"column":0},"end":{"line":686,"column":1}},"255":{"start":{"line":646,"column":4},"end":{"line":685,"column":6}},"256":{"start":{"line":648,"column":24},"end":{"line":654,"column":87}},"257":{"start":{"line":656,"column":16},"end":{"line":683,"column":14}},"258":{"start":{"line":657,"column":20},"end":{"line":681,"column":21}},"259":{"start":{"line":658,"column":24},"end":{"line":658,"column":36}},"260":{"start":{"line":660,"column":25},"end":{"line":681,"column":21}},"261":{"start":{"line":661,"column":24},"end":{"line":661,"column":35}},"262":{"start":{"line":663,"column":38},"end":{"line":663,"column":40}},"263":{"start":{"line":664,"column":24},"end":{"line":678,"column":25}},"264":{"start":{"line":665,"column":28},"end":{"line":677,"column":30}},"265":{"start":{"line":680,"column":24},"end":{"line":680,"column":43}},"266":{"start":{"line":689,"column":0},"end":{"line":701,"column":1}},"267":{"start":{"line":690,"column":4},"end":{"line":700,"column":7}},"268":{"start":{"line":691,"column":18},"end":{"line":691,"column":69}},"269":{"start":{"line":692,"column":8},"end":{"line":699,"column":15}},"270":{"start":{"line":694,"column":16},"end":{"line":697,"column":34}},"271":{"start":{"line":695,"column":20},"end":{"line":695,"column":32}},"272":{"start":{"line":697,"column":20},"end":{"line":697,"column":34}},"273":{"start":{"line":703,"column":0},"end":{"line":786,"column":1}},"274":{"start":{"line":704,"column":4},"end":{"line":785,"column":6}},"275":{"start":{"line":708,"column":16},"end":{"line":708,"column":51}},"276":{"start":{"line":709,"column":4},"end":{"line":709,"column":82}},"277":{"start":{"line":710,"column":4},"end":{"line":710,"column":84}},"278":{"start":{"line":711,"column":4},"end":{"line":746,"column":30}},"279":{"start":{"line":747,"column":4},"end":{"line":747,"column":47}},"280":{"start":{"line":748,"column":4},"end":{"line":748,"column":39}},"281":{"start":{"line":749,"column":4},"end":{"line":749,"column":41}},"282":{"start":{"line":750,"column":4},"end":{"line":750,"column":18}},"283":{"start":{"line":751,"column":12},"end":{"line":782,"column":10}},"284":{"start":{"line":752,"column":16},"end":{"line":780,"column":17}},"285":{"start":{"line":753,"column":20},"end":{"line":753,"column":32}},"286":{"start":{"line":755,"column":21},"end":{"line":780,"column":17}},"287":{"start":{"line":756,"column":20},"end":{"line":756,"column":31}},"288":{"start":{"line":758,"column":34},"end":{"line":758,"column":36}},"289":{"start":{"line":759,"column":28},"end":{"line":759,"column":200}},"290":{"start":{"line":760,"column":20},"end":{"line":778,"column":21}},"291":{"start":{"line":761,"column":24},"end":{"line":761,"column":52}},"292":{"start":{"line":762,"column":24},"end":{"line":762,"column":50}},"293":{"start":{"line":763,"column":24},"end":{"line":763,"column":44}},"294":{"start":{"line":764,"column":24},"end":{"line":764,"column":100}},"295":{"start":{"line":765,"column":24},"end":{"line":765,"column":88}},"296":{"start":{"line":766,"column":24},"end":{"line":766,"column":90}},"297":{"start":{"line":767,"column":24},"end":{"line":767,"column":42}},"298":{"start":{"line":768,"column":24},"end":{"line":768,"column":52}},"299":{"start":{"line":769,"column":24},"end":{"line":769,"column":50}},"300":{"start":{"line":770,"column":24},"end":{"line":770,"column":58}},"301":{"start":{"line":771,"column":24},"end":{"line":771,"column":54}},"302":{"start":{"line":772,"column":24},"end":{"line":772,"column":48}},"303":{"start":{"line":773,"column":24},"end":{"line":773,"column":58}},"304":{"start":{"line":774,"column":24},"end":{"line":774,"column":52}},"305":{"start":{"line":775,"column":24},"end":{"line":775,"column":56}},"306":{"start":{"line":776,"column":24},"end":{"line":776,"column":62}},"307":{"start":{"line":779,"column":20},"end":{"line":779,"column":39}},"308":{"start":{"line":834,"column":0},"end":{"line":882,"column":1}},"309":{"start":{"line":835,"column":4},"end":{"line":881,"column":6}},"310":{"start":{"line":837,"column":24},"end":{"line":848,"column":96}},"311":{"start":{"line":850,"column":16},"end":{"line":879,"column":14}},"312":{"start":{"line":851,"column":20},"end":{"line":877,"column":21}},"313":{"start":{"line":852,"column":24},"end":{"line":852,"column":41}},"314":{"start":{"line":853,"column":24},"end":{"line":853,"column":36}},"315":{"start":{"line":855,"column":25},"end":{"line":877,"column":21}},"316":{"start":{"line":857,"column":24},"end":{"line":857,"column":35}},"317":{"start":{"line":859,"column":38},"end":{"line":859,"column":40}},"318":{"start":{"line":861,"column":24},"end":{"line":875,"column":25}},"319":{"start":{"line":862,"column":28},"end":{"line":874,"column":30}},"320":{"start":{"line":876,"column":24},"end":{"line":876,"column":43}},"321":{"start":{"line":886,"column":0},"end":{"line":910,"column":1}},"322":{"start":{"line":887,"column":4},"end":{"line":909,"column":7}},"323":{"start":{"line":889,"column":18},"end":{"line":896,"column":30}},"324":{"start":{"line":897,"column":8},"end":{"line":908,"column":11}},"325":{"start":{"line":898,"column":12},"end":{"line":907,"column":17}},"326":{"start":{"line":899,"column":16},"end":{"line":899,"column":28}},"327":{"start":{"line":900,"column":18},"end":{"line":907,"column":17}},"328":{"start":{"line":901,"column":16},"end":{"line":901,"column":42}},"329":{"start":{"line":905,"column":20},"end":{"line":906,"column":27}},"330":{"start":{"line":912,"column":0},"end":{"line":937,"column":1}},"331":{"start":{"line":913,"column":4},"end":{"line":936,"column":7}},"332":{"start":{"line":915,"column":18},"end":{"line":922,"column":30}},"333":{"start":{"line":923,"column":8},"end":{"line":923,"column":25}},"334":{"start":{"line":924,"column":8},"end":{"line":935,"column":11}},"335":{"start":{"line":925,"column":12},"end":{"line":934,"column":17}},"336":{"start":{"line":926,"column":16},"end":{"line":926,"column":28}},"337":{"start":{"line":927,"column":18},"end":{"line":934,"column":17}},"338":{"start":{"line":928,"column":16},"end":{"line":928,"column":42}},"339":{"start":{"line":932,"column":20},"end":{"line":933,"column":27}},"340":{"start":{"line":939,"column":0},"end":{"line":968,"column":1}},"341":{"start":{"line":940,"column":4},"end":{"line":967,"column":6}},"342":{"start":{"line":942,"column":24},"end":{"line":942,"column":91}},"343":{"start":{"line":944,"column":16},"end":{"line":965,"column":14}},"344":{"start":{"line":945,"column":20},"end":{"line":963,"column":21}},"345":{"start":{"line":946,"column":24},"end":{"line":946,"column":36}},"346":{"start":{"line":948,"column":25},"end":{"line":963,"column":21}},"347":{"start":{"line":950,"column":24},"end":{"line":950,"column":35}},"348":{"start":{"line":952,"column":38},"end":{"line":952,"column":40}},"349":{"start":{"line":954,"column":24},"end":{"line":961,"column":25}},"350":{"start":{"line":955,"column":28},"end":{"line":960,"column":30}},"351":{"start":{"line":962,"column":24},"end":{"line":962,"column":43}},"352":{"start":{"line":970,"column":0},"end":{"line":1001,"column":1}},"353":{"start":{"line":971,"column":4},"end":{"line":1000,"column":6}},"354":{"start":{"line":973,"column":24},"end":{"line":973,"column":178}},"355":{"start":{"line":975,"column":16},"end":{"line":998,"column":14}},"356":{"start":{"line":976,"column":20},"end":{"line":996,"column":21}},"357":{"start":{"line":977,"column":24},"end":{"line":977,"column":36}},"358":{"start":{"line":979,"column":25},"end":{"line":996,"column":21}},"359":{"start":{"line":981,"column":24},"end":{"line":981,"column":35}},"360":{"start":{"line":983,"column":38},"end":{"line":983,"column":40}},"361":{"start":{"line":985,"column":24},"end":{"line":994,"column":25}},"362":{"start":{"line":986,"column":28},"end":{"line":993,"column":30}},"363":{"start":{"line":995,"column":24},"end":{"line":995,"column":43}},"364":{"start":{"line":1004,"column":0},"end":{"line":1036,"column":1}},"365":{"start":{"line":1005,"column":4},"end":{"line":1035,"column":7}},"366":{"start":{"line":1006,"column":28},"end":{"line":1006,"column":30}},"367":{"start":{"line":1007,"column":27},"end":{"line":1007,"column":29}},"368":{"start":{"line":1009,"column":22},"end":{"line":1009,"column":43}},"369":{"start":{"line":1010,"column":8},"end":{"line":1010,"column":61}},"370":{"start":{"line":1012,"column":8},"end":{"line":1032,"column":9}},"371":{"start":{"line":1013,"column":12},"end":{"line":1016,"column":13}},"372":{"start":{"line":1014,"column":16},"end":{"line":1014,"column":85}},"373":{"start":{"line":1015,"column":16},"end":{"line":1015,"column":25}},"374":{"start":{"line":1018,"column":12},"end":{"line":1021,"column":13}},"375":{"start":{"line":1019,"column":16},"end":{"line":1019,"column":83}},"376":{"start":{"line":1020,"column":16},"end":{"line":1020,"column":25}},"377":{"start":{"line":1023,"column":24},"end":{"line":1023,"column":103}},"378":{"start":{"line":1025,"column":12},"end":{"line":1031,"column":13}},"379":{"start":{"line":1026,"column":16},"end":{"line":1026,"column":99}},"380":{"start":{"line":1027,"column":16},"end":{"line":1027,"column":39}},"381":{"start":{"line":1030,"column":16},"end":{"line":1030,"column":48}},"382":{"start":{"line":1034,"column":8},"end":{"line":1034,"column":29}},"383":{"start":{"line":1039,"column":0},"end":{"line":1071,"column":1}},"384":{"start":{"line":1040,"column":4},"end":{"line":1070,"column":6}},"385":{"start":{"line":1041,"column":28},"end":{"line":1041,"column":30}},"386":{"start":{"line":1042,"column":27},"end":{"line":1042,"column":29}},"387":{"start":{"line":1044,"column":22},"end":{"line":1044,"column":43}},"388":{"start":{"line":1045,"column":8},"end":{"line":1045,"column":61}},"389":{"start":{"line":1047,"column":8},"end":{"line":1067,"column":9}},"390":{"start":{"line":1048,"column":12},"end":{"line":1051,"column":13}},"391":{"start":{"line":1049,"column":16},"end":{"line":1049,"column":85}},"392":{"start":{"line":1050,"column":16},"end":{"line":1050,"column":25}},"393":{"start":{"line":1053,"column":12},"end":{"line":1056,"column":13}},"394":{"start":{"line":1054,"column":16},"end":{"line":1054,"column":83}},"395":{"start":{"line":1055,"column":16},"end":{"line":1055,"column":25}},"396":{"start":{"line":1058,"column":24},"end":{"line":1058,"column":103}},"397":{"start":{"line":1060,"column":12},"end":{"line":1066,"column":13}},"398":{"start":{"line":1061,"column":16},"end":{"line":1061,"column":99}},"399":{"start":{"line":1062,"column":16},"end":{"line":1062,"column":39}},"400":{"start":{"line":1065,"column":16},"end":{"line":1065,"column":48}},"401":{"start":{"line":1069,"column":8},"end":{"line":1069,"column":29}},"402":{"start":{"line":1073,"column":0},"end":{"line":1118,"column":1}},"403":{"start":{"line":1074,"column":4},"end":{"line":1117,"column":7}},"404":{"start":{"line":1075,"column":34},"end":{"line":1075,"column":36}},"405":{"start":{"line":1076,"column":33},"end":{"line":1076,"column":35}},"406":{"start":{"line":1078,"column":22},"end":{"line":1078,"column":43}},"407":{"start":{"line":1079,"column":8},"end":{"line":1079,"column":67}},"408":{"start":{"line":1081,"column":8},"end":{"line":1114,"column":9}},"409":{"start":{"line":1082,"column":12},"end":{"line":1085,"column":13}},"410":{"start":{"line":1083,"column":16},"end":{"line":1083,"column":91}},"411":{"start":{"line":1084,"column":16},"end":{"line":1084,"column":25}},"412":{"start":{"line":1087,"column":25},"end":{"line":1087,"column":66}},"413":{"start":{"line":1089,"column":12},"end":{"line":1096,"column":13}},"414":{"start":{"line":1090,"column":16},"end":{"line":1090,"column":111}},"415":{"start":{"line":1091,"column":16},"end":{"line":1091,"column":25}},"416":{"start":{"line":1093,"column":17},"end":{"line":1096,"column":13}},"417":{"start":{"line":1094,"column":16},"end":{"line":1094,"column":112}},"418":{"start":{"line":1095,"column":16},"end":{"line":1095,"column":25}},"419":{"start":{"line":1098,"column":27},"end":{"line":1098,"column":72}},"420":{"start":{"line":1100,"column":12},"end":{"line":1103,"column":13}},"421":{"start":{"line":1101,"column":16},"end":{"line":1101,"column":112}},"422":{"start":{"line":1102,"column":16},"end":{"line":1102,"column":25}},"423":{"start":{"line":1105,"column":24},"end":{"line":1105,"column":83}},"424":{"start":{"line":1107,"column":12},"end":{"line":1113,"column":13}},"425":{"start":{"line":1108,"column":16},"end":{"line":1108,"column":76}},"426":{"start":{"line":1109,"column":16},"end":{"line":1109,"column":51}},"427":{"start":{"line":1112,"column":16},"end":{"line":1112,"column":53}},"428":{"start":{"line":1116,"column":8},"end":{"line":1116,"column":35}},"429":{"start":{"line":1121,"column":0},"end":{"line":1159,"column":1}},"430":{"start":{"line":1122,"column":4},"end":{"line":1158,"column":7}},"431":{"start":{"line":1123,"column":30},"end":{"line":1123,"column":32}},"432":{"start":{"line":1124,"column":29},"end":{"line":1124,"column":31}},"433":{"start":{"line":1126,"column":22},"end":{"line":1126,"column":43}},"434":{"start":{"line":1127,"column":8},"end":{"line":1127,"column":63}},"435":{"start":{"line":1129,"column":8},"end":{"line":1155,"column":9}},"436":{"start":{"line":1130,"column":12},"end":{"line":1133,"column":13}},"437":{"start":{"line":1131,"column":16},"end":{"line":1131,"column":87}},"438":{"start":{"line":1132,"column":16},"end":{"line":1132,"column":25}},"439":{"start":{"line":1135,"column":25},"end":{"line":1135,"column":65}},"440":{"start":{"line":1137,"column":12},"end":{"line":1144,"column":13}},"441":{"start":{"line":1138,"column":16},"end":{"line":1138,"column":106}},"442":{"start":{"line":1139,"column":16},"end":{"line":1139,"column":25}},"443":{"start":{"line":1141,"column":17},"end":{"line":1144,"column":13}},"444":{"start":{"line":1142,"column":16},"end":{"line":1142,"column":107}},"445":{"start":{"line":1143,"column":16},"end":{"line":1143,"column":25}},"446":{"start":{"line":1146,"column":24},"end":{"line":1146,"column":75}},"447":{"start":{"line":1148,"column":12},"end":{"line":1154,"column":13}},"448":{"start":{"line":1149,"column":16},"end":{"line":1149,"column":67}},"449":{"start":{"line":1150,"column":16},"end":{"line":1150,"column":43}},"450":{"start":{"line":1153,"column":16},"end":{"line":1153,"column":49}},"451":{"start":{"line":1157,"column":8},"end":{"line":1157,"column":31}},"452":{"start":{"line":1162,"column":0},"end":{"line":1203,"column":1}},"453":{"start":{"line":1163,"column":4},"end":{"line":1202,"column":7}},"454":{"start":{"line":1164,"column":31},"end":{"line":1164,"column":33}},"455":{"start":{"line":1165,"column":30},"end":{"line":1165,"column":32}},"456":{"start":{"line":1167,"column":22},"end":{"line":1167,"column":43}},"457":{"start":{"line":1168,"column":8},"end":{"line":1168,"column":64}},"458":{"start":{"line":1170,"column":8},"end":{"line":1199,"column":9}},"459":{"start":{"line":1171,"column":12},"end":{"line":1174,"column":13}},"460":{"start":{"line":1172,"column":16},"end":{"line":1172,"column":88}},"461":{"start":{"line":1173,"column":16},"end":{"line":1173,"column":25}},"462":{"start":{"line":1176,"column":27},"end":{"line":1176,"column":69}},"463":{"start":{"line":1178,"column":12},"end":{"line":1181,"column":13}},"464":{"start":{"line":1179,"column":16},"end":{"line":1179,"column":105}},"465":{"start":{"line":1180,"column":16},"end":{"line":1180,"column":25}},"466":{"start":{"line":1183,"column":30},"end":{"line":1183,"column":78}},"467":{"start":{"line":1185,"column":12},"end":{"line":1188,"column":13}},"468":{"start":{"line":1186,"column":16},"end":{"line":1186,"column":110}},"469":{"start":{"line":1187,"column":16},"end":{"line":1187,"column":25}},"470":{"start":{"line":1190,"column":24},"end":{"line":1190,"column":110}},"471":{"start":{"line":1192,"column":12},"end":{"line":1198,"column":13}},"472":{"start":{"line":1193,"column":16},"end":{"line":1193,"column":118}},"473":{"start":{"line":1194,"column":16},"end":{"line":1194,"column":45}},"474":{"start":{"line":1197,"column":16},"end":{"line":1197,"column":50}},"475":{"start":{"line":1201,"column":8},"end":{"line":1201,"column":32}},"476":{"start":{"line":1206,"column":0},"end":{"line":1233,"column":1}},"477":{"start":{"line":1207,"column":4},"end":{"line":1232,"column":7}},"478":{"start":{"line":1208,"column":33},"end":{"line":1208,"column":35}},"479":{"start":{"line":1209,"column":32},"end":{"line":1209,"column":34}},"480":{"start":{"line":1211,"column":22},"end":{"line":1211,"column":43}},"481":{"start":{"line":1212,"column":8},"end":{"line":1212,"column":66}},"482":{"start":{"line":1214,"column":8},"end":{"line":1229,"column":9}},"483":{"start":{"line":1215,"column":12},"end":{"line":1218,"column":13}},"484":{"start":{"line":1216,"column":16},"end":{"line":1216,"column":90}},"485":{"start":{"line":1217,"column":16},"end":{"line":1217,"column":25}},"486":{"start":{"line":1220,"column":24},"end":{"line":1220,"column":74}},"487":{"start":{"line":1222,"column":12},"end":{"line":1228,"column":13}},"488":{"start":{"line":1223,"column":16},"end":{"line":1223,"column":69}},"489":{"start":{"line":1224,"column":16},"end":{"line":1224,"column":49}},"490":{"start":{"line":1227,"column":16},"end":{"line":1227,"column":52}},"491":{"start":{"line":1231,"column":8},"end":{"line":1231,"column":34}}},"fnMap":{"0":{"name":"(anonymous_0)","decl":{"start":{"line":17,"column":27},"end":{"line":17,"column":28}},"loc":{"start":{"line":17,"column":44},"end":{"line":25,"column":1}},"line":17},"1":{"name":"(anonymous_1)","decl":{"start":{"line":18,"column":36},"end":{"line":18,"column":37}},"loc":{"start":{"line":18,"column":43},"end":{"line":22,"column":5}},"line":18},"2":{"name":"(anonymous_2)","decl":{"start":{"line":27,"column":16},"end":{"line":27,"column":17}},"loc":{"start":{"line":27,"column":34},"end":{"line":50,"column":1}},"line":27},"3":{"name":"(anonymous_3)","decl":{"start":{"line":29,"column":8},"end":{"line":29,"column":9}},"loc":{"start":{"line":29,"column":26},"end":{"line":48,"column":9}},"line":29},"4":{"name":"(anonymous_4)","decl":{"start":{"line":31,"column":34},"end":{"line":31,"column":35}},"loc":{"start":{"line":31,"column":46},"end":{"line":46,"column":17}},"line":31},"5":{"name":"(anonymous_5)","decl":{"start":{"line":52,"column":22},"end":{"line":52,"column":23}},"loc":{"start":{"line":52,"column":40},"end":{"line":65,"column":3}},"line":52},"6":{"name":"(anonymous_6)","decl":{"start":{"line":53,"column":23},"end":{"line":53,"column":24}},"loc":{"start":{"line":53,"column":44},"end":{"line":64,"column":5}},"line":53},"7":{"name":"(anonymous_7)","decl":{"start":{"line":55,"column":30},"end":{"line":55,"column":31}},"loc":{"start":{"line":55,"column":45},"end":{"line":63,"column":9}},"line":55},"8":{"name":"(anonymous_8)","decl":{"start":{"line":67,"column":24},"end":{"line":67,"column":25}},"loc":{"start":{"line":67,"column":44},"end":{"line":80,"column":1}},"line":67},"9":{"name":"(anonymous_9)","decl":{"start":{"line":68,"column":23},"end":{"line":68,"column":24}},"loc":{"start":{"line":68,"column":44},"end":{"line":79,"column":5}},"line":68},"10":{"name":"(anonymous_10)","decl":{"start":{"line":70,"column":32},"end":{"line":70,"column":33}},"loc":{"start":{"line":70,"column":47},"end":{"line":78,"column":9}},"line":70},"11":{"name":"(anonymous_11)","decl":{"start":{"line":82,"column":27},"end":{"line":82,"column":28}},"loc":{"start":{"line":82,"column":50},"end":{"line":95,"column":1}},"line":82},"12":{"name":"(anonymous_12)","decl":{"start":{"line":83,"column":23},"end":{"line":83,"column":24}},"loc":{"start":{"line":83,"column":44},"end":{"line":94,"column":5}},"line":83},"13":{"name":"(anonymous_13)","decl":{"start":{"line":85,"column":35},"end":{"line":85,"column":36}},"loc":{"start":{"line":85,"column":50},"end":{"line":93,"column":9}},"line":85},"14":{"name":"(anonymous_14)","decl":{"start":{"line":98,"column":22},"end":{"line":98,"column":23}},"loc":{"start":{"line":98,"column":49},"end":{"line":100,"column":1}},"line":98},"15":{"name":"(anonymous_15)","decl":{"start":{"line":104,"column":21},"end":{"line":104,"column":22}},"loc":{"start":{"line":104,"column":42},"end":{"line":108,"column":1}},"line":104},"16":{"name":"(anonymous_16)","decl":{"start":{"line":105,"column":33},"end":{"line":105,"column":34}},"loc":{"start":{"line":105,"column":53},"end":{"line":107,"column":5}},"line":105},"17":{"name":"(anonymous_17)","decl":{"start":{"line":112,"column":20},"end":{"line":112,"column":21}},"loc":{"start":{"line":112,"column":56},"end":{"line":166,"column":1}},"line":112},"18":{"name":"(anonymous_18)","decl":{"start":{"line":114,"column":8},"end":{"line":114,"column":9}},"loc":{"start":{"line":114,"column":26},"end":{"line":164,"column":9}},"line":114},"19":{"name":"(anonymous_19)","decl":{"start":{"line":132,"column":59},"end":{"line":132,"column":60}},"loc":{"start":{"line":132,"column":71},"end":{"line":162,"column":17}},"line":132},"20":{"name":"(anonymous_20)","decl":{"start":{"line":169,"column":21},"end":{"line":169,"column":22}},"loc":{"start":{"line":169,"column":49},"end":{"line":190,"column":1}},"line":169},"21":{"name":"(anonymous_21)","decl":{"start":{"line":172,"column":8},"end":{"line":172,"column":9}},"loc":{"start":{"line":172,"column":32},"end":{"line":189,"column":5}},"line":172},"22":{"name":"(anonymous_22)","decl":{"start":{"line":176,"column":50},"end":{"line":176,"column":51}},"loc":{"start":{"line":176,"column":64},"end":{"line":184,"column":17}},"line":176},"23":{"name":"(anonymous_23)","decl":{"start":{"line":193,"column":28},"end":{"line":193,"column":29}},"loc":{"start":{"line":193,"column":56},"end":{"line":209,"column":1}},"line":193},"24":{"name":"(anonymous_24)","decl":{"start":{"line":195,"column":8},"end":{"line":195,"column":9}},"loc":{"start":{"line":195,"column":26},"end":{"line":208,"column":5}},"line":195},"25":{"name":"(anonymous_25)","decl":{"start":{"line":199,"column":42},"end":{"line":199,"column":43}},"loc":{"start":{"line":199,"column":56},"end":{"line":207,"column":9}},"line":199},"26":{"name":"(anonymous_26)","decl":{"start":{"line":212,"column":28},"end":{"line":212,"column":29}},"loc":{"start":{"line":212,"column":59},"end":{"line":228,"column":1}},"line":212},"27":{"name":"(anonymous_27)","decl":{"start":{"line":214,"column":8},"end":{"line":214,"column":9}},"loc":{"start":{"line":214,"column":26},"end":{"line":227,"column":5}},"line":214},"28":{"name":"(anonymous_28)","decl":{"start":{"line":218,"column":45},"end":{"line":218,"column":46}},"loc":{"start":{"line":218,"column":59},"end":{"line":226,"column":9}},"line":218},"29":{"name":"(anonymous_29)","decl":{"start":{"line":230,"column":23},"end":{"line":230,"column":24}},"loc":{"start":{"line":230,"column":43},"end":{"line":256,"column":1}},"line":230},"30":{"name":"(anonymous_30)","decl":{"start":{"line":233,"column":8},"end":{"line":233,"column":9}},"loc":{"start":{"line":233,"column":26},"end":{"line":255,"column":5}},"line":233},"31":{"name":"(anonymous_31)","decl":{"start":{"line":240,"column":34},"end":{"line":240,"column":35}},"loc":{"start":{"line":240,"column":48},"end":{"line":254,"column":9}},"line":240},"32":{"name":"(anonymous_32)","decl":{"start":{"line":258,"column":23},"end":{"line":258,"column":24}},"loc":{"start":{"line":258,"column":43},"end":{"line":282,"column":1}},"line":258},"33":{"name":"(anonymous_33)","decl":{"start":{"line":260,"column":8},"end":{"line":260,"column":9}},"loc":{"start":{"line":260,"column":26},"end":{"line":281,"column":5}},"line":260},"34":{"name":"(anonymous_34)","decl":{"start":{"line":262,"column":34},"end":{"line":262,"column":35}},"loc":{"start":{"line":262,"column":48},"end":{"line":280,"column":9}},"line":262},"35":{"name":"(anonymous_35)","decl":{"start":{"line":285,"column":22},"end":{"line":285,"column":23}},"loc":{"start":{"line":285,"column":42},"end":{"line":306,"column":1}},"line":285},"36":{"name":"(anonymous_36)","decl":{"start":{"line":288,"column":8},"end":{"line":288,"column":9}},"loc":{"start":{"line":288,"column":26},"end":{"line":305,"column":5}},"line":288},"37":{"name":"(anonymous_37)","decl":{"start":{"line":294,"column":34},"end":{"line":294,"column":35}},"loc":{"start":{"line":294,"column":48},"end":{"line":304,"column":9}},"line":294},"38":{"name":"(anonymous_38)","decl":{"start":{"line":309,"column":20},"end":{"line":309,"column":21}},"loc":{"start":{"line":309,"column":54},"end":{"line":363,"column":1}},"line":309},"39":{"name":"(anonymous_39)","decl":{"start":{"line":312,"column":8},"end":{"line":312,"column":9}},"loc":{"start":{"line":312,"column":32},"end":{"line":362,"column":5}},"line":312},"40":{"name":"(anonymous_40)","decl":{"start":{"line":338,"column":36},"end":{"line":338,"column":37}},"loc":{"start":{"line":338,"column":55},"end":{"line":356,"column":37}},"line":338},"41":{"name":"(anonymous_41)","decl":{"start":{"line":365,"column":27},"end":{"line":365,"column":28}},"loc":{"start":{"line":365,"column":68},"end":{"line":409,"column":1}},"line":365},"42":{"name":"(anonymous_42)","decl":{"start":{"line":367,"column":8},"end":{"line":367,"column":9}},"loc":{"start":{"line":367,"column":26},"end":{"line":407,"column":9}},"line":367},"43":{"name":"(anonymous_43)","decl":{"start":{"line":379,"column":60},"end":{"line":379,"column":61}},"loc":{"start":{"line":379,"column":72},"end":{"line":405,"column":17}},"line":379},"44":{"name":"(anonymous_44)","decl":{"start":{"line":411,"column":20},"end":{"line":411,"column":21}},"loc":{"start":{"line":411,"column":45},"end":{"line":453,"column":1}},"line":411},"45":{"name":"(anonymous_45)","decl":{"start":{"line":413,"column":8},"end":{"line":413,"column":9}},"loc":{"start":{"line":413,"column":32},"end":{"line":451,"column":9}},"line":413},"46":{"name":"(anonymous_46)","decl":{"start":{"line":425,"column":44},"end":{"line":425,"column":45}},"loc":{"start":{"line":425,"column":56},"end":{"line":448,"column":21}},"line":425},"47":{"name":"(anonymous_47)","decl":{"start":{"line":455,"column":20},"end":{"line":455,"column":21}},"loc":{"start":{"line":455,"column":40},"end":{"line":495,"column":1}},"line":455},"48":{"name":"(anonymous_48)","decl":{"start":{"line":457,"column":8},"end":{"line":457,"column":9}},"loc":{"start":{"line":457,"column":26},"end":{"line":493,"column":9}},"line":457},"49":{"name":"(anonymous_49)","decl":{"start":{"line":464,"column":40},"end":{"line":464,"column":41}},"loc":{"start":{"line":464,"column":52},"end":{"line":491,"column":17}},"line":464},"50":{"name":"(anonymous_50)","decl":{"start":{"line":498,"column":22},"end":{"line":498,"column":23}},"loc":{"start":{"line":498,"column":42},"end":{"line":519,"column":1}},"line":498},"51":{"name":"(anonymous_51)","decl":{"start":{"line":500,"column":8},"end":{"line":500,"column":9}},"loc":{"start":{"line":500,"column":26},"end":{"line":518,"column":5}},"line":500},"52":{"name":"(anonymous_52)","decl":{"start":{"line":502,"column":34},"end":{"line":502,"column":35}},"loc":{"start":{"line":502,"column":48},"end":{"line":517,"column":9}},"line":502},"53":{"name":"(anonymous_53)","decl":{"start":{"line":521,"column":22},"end":{"line":521,"column":23}},"loc":{"start":{"line":521,"column":43},"end":{"line":559,"column":1}},"line":521},"54":{"name":"(anonymous_54)","decl":{"start":{"line":522,"column":24},"end":{"line":522,"column":25}},"loc":{"start":{"line":522,"column":48},"end":{"line":558,"column":9}},"line":522},"55":{"name":"(anonymous_55)","decl":{"start":{"line":536,"column":12},"end":{"line":536,"column":13}},"loc":{"start":{"line":536,"column":25},"end":{"line":557,"column":13}},"line":536},"56":{"name":"(anonymous_56)","decl":{"start":{"line":542,"column":64},"end":{"line":542,"column":65}},"loc":{"start":{"line":542,"column":78},"end":{"line":553,"column":25}},"line":542},"57":{"name":"(anonymous_57)","decl":{"start":{"line":563,"column":21},"end":{"line":563,"column":22}},"loc":{"start":{"line":563,"column":41},"end":{"line":602,"column":1}},"line":563},"58":{"name":"(anonymous_58)","decl":{"start":{"line":565,"column":8},"end":{"line":565,"column":9}},"loc":{"start":{"line":565,"column":32},"end":{"line":599,"column":5}},"line":565},"59":{"name":"(anonymous_59)","decl":{"start":{"line":575,"column":36},"end":{"line":575,"column":37}},"loc":{"start":{"line":575,"column":48},"end":{"line":597,"column":13}},"line":575},"60":{"name":"(anonymous_60)","decl":{"start":{"line":604,"column":22},"end":{"line":604,"column":23}},"loc":{"start":{"line":604,"column":59},"end":{"line":640,"column":1}},"line":604},"61":{"name":"(anonymous_61)","decl":{"start":{"line":605,"column":24},"end":{"line":605,"column":25}},"loc":{"start":{"line":605,"column":48},"end":{"line":639,"column":5}},"line":605},"62":{"name":"(anonymous_62)","decl":{"start":{"line":614,"column":16},"end":{"line":614,"column":17}},"loc":{"start":{"line":614,"column":29},"end":{"line":637,"column":17}},"line":614},"63":{"name":"(anonymous_63)","decl":{"start":{"line":645,"column":31},"end":{"line":645,"column":32}},"loc":{"start":{"line":645,"column":72},"end":{"line":686,"column":1}},"line":645},"64":{"name":"(anonymous_64)","decl":{"start":{"line":647,"column":8},"end":{"line":647,"column":9}},"loc":{"start":{"line":647,"column":26},"end":{"line":684,"column":9}},"line":647},"65":{"name":"(anonymous_65)","decl":{"start":{"line":656,"column":27},"end":{"line":656,"column":28}},"loc":{"start":{"line":656,"column":39},"end":{"line":682,"column":17}},"line":656},"66":{"name":"(anonymous_66)","decl":{"start":{"line":689,"column":21},"end":{"line":689,"column":22}},"loc":{"start":{"line":689,"column":41},"end":{"line":701,"column":1}},"line":689},"67":{"name":"(anonymous_67)","decl":{"start":{"line":690,"column":23},"end":{"line":690,"column":24}},"loc":{"start":{"line":690,"column":41},"end":{"line":700,"column":5}},"line":690},"68":{"name":"(anonymous_68)","decl":{"start":{"line":693,"column":12},"end":{"line":693,"column":13}},"loc":{"start":{"line":693,"column":25},"end":{"line":699,"column":13}},"line":693},"69":{"name":"(anonymous_69)","decl":{"start":{"line":703,"column":22},"end":{"line":703,"column":23}},"loc":{"start":{"line":703,"column":70},"end":{"line":786,"column":1}},"line":703},"70":{"name":"(anonymous_70)","decl":{"start":{"line":705,"column":8},"end":{"line":705,"column":9}},"loc":{"start":{"line":705,"column":32},"end":{"line":783,"column":5}},"line":705},"71":{"name":"(anonymous_71)","decl":{"start":{"line":751,"column":65},"end":{"line":751,"column":66}},"loc":{"start":{"line":751,"column":77},"end":{"line":781,"column":13}},"line":751},"72":{"name":"(anonymous_72)","decl":{"start":{"line":834,"column":25},"end":{"line":834,"column":26}},"loc":{"start":{"line":834,"column":65},"end":{"line":882,"column":1}},"line":834},"73":{"name":"(anonymous_73)","decl":{"start":{"line":836,"column":8},"end":{"line":836,"column":9}},"loc":{"start":{"line":836,"column":26},"end":{"line":880,"column":9}},"line":836},"74":{"name":"(anonymous_74)","decl":{"start":{"line":850,"column":59},"end":{"line":850,"column":60}},"loc":{"start":{"line":850,"column":71},"end":{"line":878,"column":17}},"line":850},"75":{"name":"(anonymous_75)","decl":{"start":{"line":886,"column":21},"end":{"line":886,"column":22}},"loc":{"start":{"line":886,"column":53},"end":{"line":910,"column":1}},"line":886},"76":{"name":"(anonymous_76)","decl":{"start":{"line":888,"column":8},"end":{"line":888,"column":9}},"loc":{"start":{"line":888,"column":26},"end":{"line":909,"column":5}},"line":888},"77":{"name":"(anonymous_77)","decl":{"start":{"line":897,"column":56},"end":{"line":897,"column":57}},"loc":{"start":{"line":897,"column":70},"end":{"line":908,"column":9}},"line":897},"78":{"name":"(anonymous_78)","decl":{"start":{"line":912,"column":22},"end":{"line":912,"column":23}},"loc":{"start":{"line":912,"column":54},"end":{"line":937,"column":1}},"line":912},"79":{"name":"(anonymous_79)","decl":{"start":{"line":914,"column":8},"end":{"line":914,"column":9}},"loc":{"start":{"line":914,"column":26},"end":{"line":936,"column":5}},"line":914},"80":{"name":"(anonymous_80)","decl":{"start":{"line":924,"column":56},"end":{"line":924,"column":57}},"loc":{"start":{"line":924,"column":70},"end":{"line":935,"column":9}},"line":924},"81":{"name":"(anonymous_81)","decl":{"start":{"line":939,"column":26},"end":{"line":939,"column":27}},"loc":{"start":{"line":939,"column":46},"end":{"line":968,"column":1}},"line":939},"82":{"name":"(anonymous_82)","decl":{"start":{"line":941,"column":8},"end":{"line":941,"column":9}},"loc":{"start":{"line":941,"column":26},"end":{"line":966,"column":9}},"line":941},"83":{"name":"(anonymous_83)","decl":{"start":{"line":944,"column":40},"end":{"line":944,"column":41}},"loc":{"start":{"line":944,"column":52},"end":{"line":964,"column":17}},"line":944},"84":{"name":"(anonymous_84)","decl":{"start":{"line":970,"column":22},"end":{"line":970,"column":23}},"loc":{"start":{"line":970,"column":32},"end":{"line":1001,"column":1}},"line":970},"85":{"name":"(anonymous_85)","decl":{"start":{"line":972,"column":8},"end":{"line":972,"column":9}},"loc":{"start":{"line":972,"column":26},"end":{"line":999,"column":9}},"line":972},"86":{"name":"(anonymous_86)","decl":{"start":{"line":975,"column":27},"end":{"line":975,"column":28}},"loc":{"start":{"line":975,"column":39},"end":{"line":997,"column":17}},"line":975},"87":{"name":"(anonymous_87)","decl":{"start":{"line":1004,"column":20},"end":{"line":1004,"column":21}},"loc":{"start":{"line":1004,"column":35},"end":{"line":1036,"column":1}},"line":1004},"88":{"name":"(anonymous_88)","decl":{"start":{"line":1005,"column":23},"end":{"line":1005,"column":24}},"loc":{"start":{"line":1005,"column":50},"end":{"line":1035,"column":5}},"line":1005},"89":{"name":"(anonymous_89)","decl":{"start":{"line":1039,"column":20},"end":{"line":1039,"column":21}},"loc":{"start":{"line":1039,"column":35},"end":{"line":1071,"column":1}},"line":1039},"90":{"name":"(anonymous_90)","decl":{"start":{"line":1040,"column":23},"end":{"line":1040,"column":24}},"loc":{"start":{"line":1040,"column":50},"end":{"line":1070,"column":5}},"line":1040},"91":{"name":"(anonymous_91)","decl":{"start":{"line":1073,"column":23},"end":{"line":1073,"column":24}},"loc":{"start":{"line":1073,"column":38},"end":{"line":1118,"column":1}},"line":1073},"92":{"name":"(anonymous_92)","decl":{"start":{"line":1074,"column":23},"end":{"line":1074,"column":24}},"loc":{"start":{"line":1074,"column":50},"end":{"line":1117,"column":5}},"line":1074},"93":{"name":"(anonymous_93)","decl":{"start":{"line":1121,"column":19},"end":{"line":1121,"column":20}},"loc":{"start":{"line":1121,"column":34},"end":{"line":1159,"column":1}},"line":1121},"94":{"name":"(anonymous_94)","decl":{"start":{"line":1122,"column":23},"end":{"line":1122,"column":24}},"loc":{"start":{"line":1122,"column":50},"end":{"line":1158,"column":5}},"line":1122},"95":{"name":"(anonymous_95)","decl":{"start":{"line":1162,"column":20},"end":{"line":1162,"column":21}},"loc":{"start":{"line":1162,"column":35},"end":{"line":1203,"column":1}},"line":1162},"96":{"name":"(anonymous_96)","decl":{"start":{"line":1163,"column":23},"end":{"line":1163,"column":24}},"loc":{"start":{"line":1163,"column":50},"end":{"line":1202,"column":5}},"line":1163},"97":{"name":"(anonymous_97)","decl":{"start":{"line":1206,"column":22},"end":{"line":1206,"column":23}},"loc":{"start":{"line":1206,"column":37},"end":{"line":1233,"column":1}},"line":1206},"98":{"name":"(anonymous_98)","decl":{"start":{"line":1207,"column":23},"end":{"line":1207,"column":24}},"loc":{"start":{"line":1207,"column":50},"end":{"line":1232,"column":5}},"line":1207}},"branchMap":{"0":{"loc":{"start":{"line":19,"column":8},"end":{"line":21,"column":9}},"type":"if","locations":[{"start":{"line":19,"column":8},"end":{"line":21,"column":9}},{"start":{"line":19,"column":8},"end":{"line":21,"column":9}}],"line":19},"1":{"loc":{"start":{"line":32,"column":20},"end":{"line":45,"column":21}},"type":"if","locations":[{"start":{"line":32,"column":20},"end":{"line":45,"column":21}},{"start":{"line":32,"column":20},"end":{"line":45,"column":21}}],"line":32},"2":{"loc":{"start":{"line":35,"column":25},"end":{"line":45,"column":21}},"type":"if","locations":[{"start":{"line":35,"column":25},"end":{"line":45,"column":21}},{"start":{"line":35,"column":25},"end":{"line":45,"column":21}}],"line":35},"3":{"loc":{"start":{"line":56,"column":12},"end":{"line":62,"column":13}},"type":"if","locations":[{"start":{"line":56,"column":12},"end":{"line":62,"column":13}},{"start":{"line":56,"column":12},"end":{"line":62,"column":13}}],"line":56},"4":{"loc":{"start":{"line":58,"column":17},"end":{"line":62,"column":13}},"type":"if","locations":[{"start":{"line":58,"column":17},"end":{"line":62,"column":13}},{"start":{"line":58,"column":17},"end":{"line":62,"column":13}}],"line":58},"5":{"loc":{"start":{"line":71,"column":12},"end":{"line":77,"column":13}},"type":"if","locations":[{"start":{"line":71,"column":12},"end":{"line":77,"column":13}},{"start":{"line":71,"column":12},"end":{"line":77,"column":13}}],"line":71},"6":{"loc":{"start":{"line":73,"column":17},"end":{"line":77,"column":13}},"type":"if","locations":[{"start":{"line":73,"column":17},"end":{"line":77,"column":13}},{"start":{"line":73,"column":17},"end":{"line":77,"column":13}}],"line":73},"7":{"loc":{"start":{"line":86,"column":12},"end":{"line":92,"column":13}},"type":"if","locations":[{"start":{"line":86,"column":12},"end":{"line":92,"column":13}},{"start":{"line":86,"column":12},"end":{"line":92,"column":13}}],"line":86},"8":{"loc":{"start":{"line":88,"column":17},"end":{"line":92,"column":13}},"type":"if","locations":[{"start":{"line":88,"column":17},"end":{"line":92,"column":13}},{"start":{"line":88,"column":17},"end":{"line":92,"column":13}}],"line":88},"9":{"loc":{"start":{"line":133,"column":20},"end":{"line":161,"column":21}},"type":"if","locations":[{"start":{"line":133,"column":20},"end":{"line":161,"column":21}},{"start":{"line":133,"column":20},"end":{"line":161,"column":21}}],"line":133},"10":{"loc":{"start":{"line":136,"column":25},"end":{"line":161,"column":21}},"type":"if","locations":[{"start":{"line":136,"column":25},"end":{"line":161,"column":21}},{"start":{"line":136,"column":25},"end":{"line":161,"column":21}}],"line":136},"11":{"loc":{"start":{"line":174,"column":12},"end":{"line":188,"column":13}},"type":"if","locations":[{"start":{"line":174,"column":12},"end":{"line":188,"column":13}},{"start":{"line":174,"column":12},"end":{"line":188,"column":13}}],"line":174},"12":{"loc":{"start":{"line":177,"column":20},"end":{"line":183,"column":43}},"type":"if","locations":[{"start":{"line":177,"column":20},"end":{"line":183,"column":43}},{"start":{"line":177,"column":20},"end":{"line":183,"column":43}}],"line":177},"13":{"loc":{"start":{"line":180,"column":25},"end":{"line":183,"column":43}},"type":"if","locations":[{"start":{"line":180,"column":25},"end":{"line":183,"column":43}},{"start":{"line":180,"column":25},"end":{"line":183,"column":43}}],"line":180},"14":{"loc":{"start":{"line":180,"column":28},"end":{"line":180,"column":44}},"type":"binary-expr","locations":[{"start":{"line":180,"column":28},"end":{"line":180,"column":33}},{"start":{"line":180,"column":37},"end":{"line":180,"column":44}}],"line":180},"15":{"loc":{"start":{"line":200,"column":12},"end":{"line":206,"column":36}},"type":"if","locations":[{"start":{"line":200,"column":12},"end":{"line":206,"column":36}},{"start":{"line":200,"column":12},"end":{"line":206,"column":36}}],"line":200},"16":{"loc":{"start":{"line":203,"column":17},"end":{"line":206,"column":36}},"type":"if","locations":[{"start":{"line":203,"column":17},"end":{"line":206,"column":36}},{"start":{"line":203,"column":17},"end":{"line":206,"column":36}}],"line":203},"17":{"loc":{"start":{"line":203,"column":20},"end":{"line":203,"column":36}},"type":"binary-expr","locations":[{"start":{"line":203,"column":20},"end":{"line":203,"column":25}},{"start":{"line":203,"column":29},"end":{"line":203,"column":36}}],"line":203},"18":{"loc":{"start":{"line":219,"column":12},"end":{"line":225,"column":36}},"type":"if","locations":[{"start":{"line":219,"column":12},"end":{"line":225,"column":36}},{"start":{"line":219,"column":12},"end":{"line":225,"column":36}}],"line":219},"19":{"loc":{"start":{"line":222,"column":17},"end":{"line":225,"column":36}},"type":"if","locations":[{"start":{"line":222,"column":17},"end":{"line":225,"column":36}},{"start":{"line":222,"column":17},"end":{"line":225,"column":36}}],"line":222},"20":{"loc":{"start":{"line":222,"column":20},"end":{"line":222,"column":36}},"type":"binary-expr","locations":[{"start":{"line":222,"column":20},"end":{"line":222,"column":25}},{"start":{"line":222,"column":29},"end":{"line":222,"column":36}}],"line":222},"21":{"loc":{"start":{"line":241,"column":12},"end":{"line":253,"column":28}},"type":"if","locations":[{"start":{"line":241,"column":12},"end":{"line":253,"column":28}},{"start":{"line":241,"column":12},"end":{"line":253,"column":28}}],"line":241},"22":{"loc":{"start":{"line":243,"column":18},"end":{"line":253,"column":28}},"type":"if","locations":[{"start":{"line":243,"column":18},"end":{"line":253,"column":28}},{"start":{"line":243,"column":18},"end":{"line":253,"column":28}}],"line":243},"23":{"loc":{"start":{"line":263,"column":12},"end":{"line":279,"column":13}},"type":"if","locations":[{"start":{"line":263,"column":12},"end":{"line":279,"column":13}},{"start":{"line":263,"column":12},"end":{"line":279,"column":13}}],"line":263},"24":{"loc":{"start":{"line":265,"column":18},"end":{"line":279,"column":13}},"type":"if","locations":[{"start":{"line":265,"column":18},"end":{"line":279,"column":13}},{"start":{"line":265,"column":18},"end":{"line":279,"column":13}}],"line":265},"25":{"loc":{"start":{"line":266,"column":16},"end":{"line":275,"column":17}},"type":"if","locations":[{"start":{"line":266,"column":16},"end":{"line":275,"column":17}},{"start":{"line":266,"column":16},"end":{"line":275,"column":17}}],"line":266},"26":{"loc":{"start":{"line":295,"column":12},"end":{"line":303,"column":17}},"type":"if","locations":[{"start":{"line":295,"column":12},"end":{"line":303,"column":17}},{"start":{"line":295,"column":12},"end":{"line":303,"column":17}}],"line":295},"27":{"loc":{"start":{"line":297,"column":18},"end":{"line":303,"column":17}},"type":"if","locations":[{"start":{"line":297,"column":18},"end":{"line":303,"column":17}},{"start":{"line":297,"column":18},"end":{"line":303,"column":17}}],"line":297},"28":{"loc":{"start":{"line":315,"column":8},"end":{"line":361,"column":9}},"type":"if","locations":[{"start":{"line":315,"column":8},"end":{"line":361,"column":9}},{"start":{"line":315,"column":8},"end":{"line":361,"column":9}}],"line":315},"29":{"loc":{"start":{"line":319,"column":12},"end":{"line":360,"column":56}},"type":"if","locations":[{"start":{"line":319,"column":12},"end":{"line":360,"column":56}},{"start":{"line":319,"column":12},"end":{"line":360,"column":56}}],"line":319},"30":{"loc":{"start":{"line":322,"column":16},"end":{"line":358,"column":50}},"type":"if","locations":[{"start":{"line":322,"column":16},"end":{"line":358,"column":50}},{"start":{"line":322,"column":16},"end":{"line":358,"column":50}}],"line":322},"31":{"loc":{"start":{"line":324,"column":20},"end":{"line":325,"column":34}},"type":"if","locations":[{"start":{"line":324,"column":20},"end":{"line":325,"column":34}},{"start":{"line":324,"column":20},"end":{"line":325,"column":34}}],"line":324},"32":{"loc":{"start":{"line":329,"column":20},"end":{"line":331,"column":21}},"type":"if","locations":[{"start":{"line":329,"column":20},"end":{"line":331,"column":21}},{"start":{"line":329,"column":20},"end":{"line":331,"column":21}}],"line":329},"33":{"loc":{"start":{"line":339,"column":40},"end":{"line":355,"column":41}},"type":"if","locations":[{"start":{"line":339,"column":40},"end":{"line":355,"column":41}},{"start":{"line":339,"column":40},"end":{"line":355,"column":41}}],"line":339},"34":{"loc":{"start":{"line":349,"column":44},"end":{"line":352,"column":124}},"type":"if","locations":[{"start":{"line":349,"column":44},"end":{"line":352,"column":124}},{"start":{"line":349,"column":44},"end":{"line":352,"column":124}}],"line":349},"35":{"loc":{"start":{"line":351,"column":49},"end":{"line":352,"column":124}},"type":"if","locations":[{"start":{"line":351,"column":49},"end":{"line":352,"column":124}},{"start":{"line":351,"column":49},"end":{"line":352,"column":124}}],"line":351},"36":{"loc":{"start":{"line":380,"column":20},"end":{"line":404,"column":21}},"type":"if","locations":[{"start":{"line":380,"column":20},"end":{"line":404,"column":21}},{"start":{"line":380,"column":20},"end":{"line":404,"column":21}}],"line":380},"37":{"loc":{"start":{"line":383,"column":25},"end":{"line":404,"column":21}},"type":"if","locations":[{"start":{"line":383,"column":25},"end":{"line":404,"column":21}},{"start":{"line":383,"column":25},"end":{"line":404,"column":21}}],"line":383},"38":{"loc":{"start":{"line":417,"column":12},"end":{"line":450,"column":13}},"type":"if","locations":[{"start":{"line":417,"column":12},"end":{"line":450,"column":13}},{"start":{"line":417,"column":12},"end":{"line":450,"column":13}}],"line":417},"39":{"loc":{"start":{"line":426,"column":24},"end":{"line":447,"column":25}},"type":"if","locations":[{"start":{"line":426,"column":24},"end":{"line":447,"column":25}},{"start":{"line":426,"column":24},"end":{"line":447,"column":25}}],"line":426},"40":{"loc":{"start":{"line":429,"column":29},"end":{"line":447,"column":25}},"type":"if","locations":[{"start":{"line":429,"column":29},"end":{"line":447,"column":25}},{"start":{"line":429,"column":29},"end":{"line":447,"column":25}}],"line":429},"41":{"loc":{"start":{"line":465,"column":20},"end":{"line":490,"column":21}},"type":"if","locations":[{"start":{"line":465,"column":20},"end":{"line":490,"column":21}},{"start":{"line":465,"column":20},"end":{"line":490,"column":21}}],"line":465},"42":{"loc":{"start":{"line":468,"column":25},"end":{"line":490,"column":21}},"type":"if","locations":[{"start":{"line":468,"column":25},"end":{"line":490,"column":21}},{"start":{"line":468,"column":25},"end":{"line":490,"column":21}}],"line":468},"43":{"loc":{"start":{"line":503,"column":12},"end":{"line":516,"column":17}},"type":"if","locations":[{"start":{"line":503,"column":12},"end":{"line":516,"column":17}},{"start":{"line":503,"column":12},"end":{"line":516,"column":17}}],"line":503},"44":{"loc":{"start":{"line":505,"column":18},"end":{"line":516,"column":17}},"type":"if","locations":[{"start":{"line":505,"column":18},"end":{"line":516,"column":17}},{"start":{"line":505,"column":18},"end":{"line":516,"column":17}}],"line":505},"45":{"loc":{"start":{"line":530,"column":8},"end":{"line":534,"column":9}},"type":"if","locations":[{"start":{"line":530,"column":8},"end":{"line":534,"column":9}},{"start":{"line":530,"column":8},"end":{"line":534,"column":9}}],"line":530},"46":{"loc":{"start":{"line":537,"column":16},"end":{"line":556,"column":17}},"type":"if","locations":[{"start":{"line":537,"column":16},"end":{"line":556,"column":17}},{"start":{"line":537,"column":16},"end":{"line":556,"column":17}}],"line":537},"47":{"loc":{"start":{"line":541,"column":20},"end":{"line":554,"column":21}},"type":"if","locations":[{"start":{"line":541,"column":20},"end":{"line":554,"column":21}},{"start":{"line":541,"column":20},"end":{"line":554,"column":21}}],"line":541},"48":{"loc":{"start":{"line":543,"column":28},"end":{"line":552,"column":29}},"type":"if","locations":[{"start":{"line":543,"column":28},"end":{"line":552,"column":29}},{"start":{"line":543,"column":28},"end":{"line":552,"column":29}}],"line":543},"49":{"loc":{"start":{"line":576,"column":16},"end":{"line":596,"column":17}},"type":"if","locations":[{"start":{"line":576,"column":16},"end":{"line":596,"column":17}},{"start":{"line":576,"column":16},"end":{"line":596,"column":17}}],"line":576},"50":{"loc":{"start":{"line":579,"column":21},"end":{"line":596,"column":17}},"type":"if","locations":[{"start":{"line":579,"column":21},"end":{"line":596,"column":17}},{"start":{"line":579,"column":21},"end":{"line":596,"column":17}}],"line":579},"51":{"loc":{"start":{"line":608,"column":8},"end":{"line":638,"column":9}},"type":"if","locations":[{"start":{"line":608,"column":8},"end":{"line":638,"column":9}},{"start":{"line":608,"column":8},"end":{"line":638,"column":9}}],"line":608},"52":{"loc":{"start":{"line":616,"column":20},"end":{"line":636,"column":21}},"type":"if","locations":[{"start":{"line":616,"column":20},"end":{"line":636,"column":21}},{"start":{"line":616,"column":20},"end":{"line":636,"column":21}}],"line":616},"53":{"loc":{"start":{"line":620,"column":24},"end":{"line":633,"column":25}},"type":"if","locations":[{"start":{"line":620,"column":24},"end":{"line":633,"column":25}},{"start":{"line":620,"column":24},"end":{"line":633,"column":25}}],"line":620},"54":{"loc":{"start":{"line":628,"column":32},"end":{"line":631,"column":103}},"type":"if","locations":[{"start":{"line":628,"column":32},"end":{"line":631,"column":103}},{"start":{"line":628,"column":32},"end":{"line":631,"column":103}}],"line":628},"55":{"loc":{"start":{"line":630,"column":37},"end":{"line":631,"column":103}},"type":"if","locations":[{"start":{"line":630,"column":37},"end":{"line":631,"column":103}},{"start":{"line":630,"column":37},"end":{"line":631,"column":103}}],"line":630},"56":{"loc":{"start":{"line":657,"column":20},"end":{"line":681,"column":21}},"type":"if","locations":[{"start":{"line":657,"column":20},"end":{"line":681,"column":21}},{"start":{"line":657,"column":20},"end":{"line":681,"column":21}}],"line":657},"57":{"loc":{"start":{"line":660,"column":25},"end":{"line":681,"column":21}},"type":"if","locations":[{"start":{"line":660,"column":25},"end":{"line":681,"column":21}},{"start":{"line":660,"column":25},"end":{"line":681,"column":21}}],"line":660},"58":{"loc":{"start":{"line":694,"column":16},"end":{"line":697,"column":34}},"type":"if","locations":[{"start":{"line":694,"column":16},"end":{"line":697,"column":34}},{"start":{"line":694,"column":16},"end":{"line":697,"column":34}}],"line":694},"59":{"loc":{"start":{"line":709,"column":9},"end":{"line":709,"column":81}},"type":"cond-expr","locations":[{"start":{"line":709,"column":28},"end":{"line":709,"column":76}},{"start":{"line":709,"column":79},"end":{"line":709,"column":81}}],"line":709},"60":{"loc":{"start":{"line":710,"column":9},"end":{"line":710,"column":83}},"type":"cond-expr","locations":[{"start":{"line":710,"column":29},"end":{"line":710,"column":79}},{"start":{"line":710,"column":81},"end":{"line":710,"column":83}}],"line":710},"61":{"loc":{"start":{"line":747,"column":9},"end":{"line":747,"column":46}},"type":"cond-expr","locations":[{"start":{"line":747,"column":31},"end":{"line":747,"column":42}},{"start":{"line":747,"column":44},"end":{"line":747,"column":46}}],"line":747},"62":{"loc":{"start":{"line":748,"column":9},"end":{"line":748,"column":38}},"type":"cond-expr","locations":[{"start":{"line":748,"column":28},"end":{"line":748,"column":34}},{"start":{"line":748,"column":36},"end":{"line":748,"column":38}}],"line":748},"63":{"loc":{"start":{"line":749,"column":9},"end":{"line":749,"column":40}},"type":"cond-expr","locations":[{"start":{"line":749,"column":29},"end":{"line":749,"column":36}},{"start":{"line":749,"column":38},"end":{"line":749,"column":40}}],"line":749},"64":{"loc":{"start":{"line":752,"column":16},"end":{"line":780,"column":17}},"type":"if","locations":[{"start":{"line":752,"column":16},"end":{"line":780,"column":17}},{"start":{"line":752,"column":16},"end":{"line":780,"column":17}}],"line":752},"65":{"loc":{"start":{"line":755,"column":21},"end":{"line":780,"column":17}},"type":"if","locations":[{"start":{"line":755,"column":21},"end":{"line":780,"column":17}},{"start":{"line":755,"column":21},"end":{"line":780,"column":17}}],"line":755},"66":{"loc":{"start":{"line":764,"column":24},"end":{"line":764,"column":99}},"type":"cond-expr","locations":[{"start":{"line":764,"column":46},"end":{"line":764,"column":73}},{"start":{"line":764,"column":76},"end":{"line":764,"column":99}}],"line":764},"67":{"loc":{"start":{"line":765,"column":24},"end":{"line":765,"column":87}},"type":"cond-expr","locations":[{"start":{"line":765,"column":44},"end":{"line":765,"column":61}},{"start":{"line":765,"column":64},"end":{"line":765,"column":87}}],"line":765},"68":{"loc":{"start":{"line":766,"column":24},"end":{"line":766,"column":89}},"type":"cond-expr","locations":[{"start":{"line":766,"column":44},"end":{"line":766,"column":63}},{"start":{"line":766,"column":66},"end":{"line":766,"column":89}}],"line":766},"69":{"loc":{"start":{"line":851,"column":20},"end":{"line":877,"column":21}},"type":"if","locations":[{"start":{"line":851,"column":20},"end":{"line":877,"column":21}},{"start":{"line":851,"column":20},"end":{"line":877,"column":21}}],"line":851},"70":{"loc":{"start":{"line":855,"column":25},"end":{"line":877,"column":21}},"type":"if","locations":[{"start":{"line":855,"column":25},"end":{"line":877,"column":21}},{"start":{"line":855,"column":25},"end":{"line":877,"column":21}}],"line":855},"71":{"loc":{"start":{"line":898,"column":12},"end":{"line":907,"column":17}},"type":"if","locations":[{"start":{"line":898,"column":12},"end":{"line":907,"column":17}},{"start":{"line":898,"column":12},"end":{"line":907,"column":17}}],"line":898},"72":{"loc":{"start":{"line":900,"column":18},"end":{"line":907,"column":17}},"type":"if","locations":[{"start":{"line":900,"column":18},"end":{"line":907,"column":17}},{"start":{"line":900,"column":18},"end":{"line":907,"column":17}}],"line":900},"73":{"loc":{"start":{"line":925,"column":12},"end":{"line":934,"column":17}},"type":"if","locations":[{"start":{"line":925,"column":12},"end":{"line":934,"column":17}},{"start":{"line":925,"column":12},"end":{"line":934,"column":17}}],"line":925},"74":{"loc":{"start":{"line":927,"column":18},"end":{"line":934,"column":17}},"type":"if","locations":[{"start":{"line":927,"column":18},"end":{"line":934,"column":17}},{"start":{"line":927,"column":18},"end":{"line":934,"column":17}}],"line":927},"75":{"loc":{"start":{"line":945,"column":20},"end":{"line":963,"column":21}},"type":"if","locations":[{"start":{"line":945,"column":20},"end":{"line":963,"column":21}},{"start":{"line":945,"column":20},"end":{"line":963,"column":21}}],"line":945},"76":{"loc":{"start":{"line":948,"column":25},"end":{"line":963,"column":21}},"type":"if","locations":[{"start":{"line":948,"column":25},"end":{"line":963,"column":21}},{"start":{"line":948,"column":25},"end":{"line":963,"column":21}}],"line":948},"77":{"loc":{"start":{"line":976,"column":20},"end":{"line":996,"column":21}},"type":"if","locations":[{"start":{"line":976,"column":20},"end":{"line":996,"column":21}},{"start":{"line":976,"column":20},"end":{"line":996,"column":21}}],"line":976},"78":{"loc":{"start":{"line":979,"column":25},"end":{"line":996,"column":21}},"type":"if","locations":[{"start":{"line":979,"column":25},"end":{"line":996,"column":21}},{"start":{"line":979,"column":25},"end":{"line":996,"column":21}}],"line":979},"79":{"loc":{"start":{"line":1013,"column":12},"end":{"line":1016,"column":13}},"type":"if","locations":[{"start":{"line":1013,"column":12},"end":{"line":1016,"column":13}},{"start":{"line":1013,"column":12},"end":{"line":1016,"column":13}}],"line":1013},"80":{"loc":{"start":{"line":1013,"column":16},"end":{"line":1013,"column":150}},"type":"binary-expr","locations":[{"start":{"line":1013,"column":16},"end":{"line":1013,"column":39}},{"start":{"line":1013,"column":43},"end":{"line":1013,"column":69}},{"start":{"line":1013,"column":73},"end":{"line":1013,"column":95}},{"start":{"line":1013,"column":99},"end":{"line":1013,"column":124}},{"start":{"line":1013,"column":128},"end":{"line":1013,"column":150}}],"line":1013},"81":{"loc":{"start":{"line":1018,"column":12},"end":{"line":1021,"column":13}},"type":"if","locations":[{"start":{"line":1018,"column":12},"end":{"line":1021,"column":13}},{"start":{"line":1018,"column":12},"end":{"line":1021,"column":13}}],"line":1018},"82":{"loc":{"start":{"line":1048,"column":12},"end":{"line":1051,"column":13}},"type":"if","locations":[{"start":{"line":1048,"column":12},"end":{"line":1051,"column":13}},{"start":{"line":1048,"column":12},"end":{"line":1051,"column":13}}],"line":1048},"83":{"loc":{"start":{"line":1048,"column":16},"end":{"line":1048,"column":150}},"type":"binary-expr","locations":[{"start":{"line":1048,"column":16},"end":{"line":1048,"column":39}},{"start":{"line":1048,"column":43},"end":{"line":1048,"column":69}},{"start":{"line":1048,"column":73},"end":{"line":1048,"column":95}},{"start":{"line":1048,"column":99},"end":{"line":1048,"column":124}},{"start":{"line":1048,"column":128},"end":{"line":1048,"column":150}}],"line":1048},"84":{"loc":{"start":{"line":1053,"column":12},"end":{"line":1056,"column":13}},"type":"if","locations":[{"start":{"line":1053,"column":12},"end":{"line":1056,"column":13}},{"start":{"line":1053,"column":12},"end":{"line":1056,"column":13}}],"line":1053},"85":{"loc":{"start":{"line":1082,"column":12},"end":{"line":1085,"column":13}},"type":"if","locations":[{"start":{"line":1082,"column":12},"end":{"line":1085,"column":13}},{"start":{"line":1082,"column":12},"end":{"line":1085,"column":13}}],"line":1082},"86":{"loc":{"start":{"line":1082,"column":16},"end":{"line":1082,"column":82}},"type":"binary-expr","locations":[{"start":{"line":1082,"column":16},"end":{"line":1082,"column":46}},{"start":{"line":1082,"column":50},"end":{"line":1082,"column":82}}],"line":1082},"87":{"loc":{"start":{"line":1089,"column":12},"end":{"line":1096,"column":13}},"type":"if","locations":[{"start":{"line":1089,"column":12},"end":{"line":1096,"column":13}},{"start":{"line":1089,"column":12},"end":{"line":1096,"column":13}}],"line":1089},"88":{"loc":{"start":{"line":1093,"column":17},"end":{"line":1096,"column":13}},"type":"if","locations":[{"start":{"line":1093,"column":17},"end":{"line":1096,"column":13}},{"start":{"line":1093,"column":17},"end":{"line":1096,"column":13}}],"line":1093},"89":{"loc":{"start":{"line":1100,"column":12},"end":{"line":1103,"column":13}},"type":"if","locations":[{"start":{"line":1100,"column":12},"end":{"line":1103,"column":13}},{"start":{"line":1100,"column":12},"end":{"line":1103,"column":13}}],"line":1100},"90":{"loc":{"start":{"line":1130,"column":12},"end":{"line":1133,"column":13}},"type":"if","locations":[{"start":{"line":1130,"column":12},"end":{"line":1133,"column":13}},{"start":{"line":1130,"column":12},"end":{"line":1133,"column":13}}],"line":1130},"91":{"loc":{"start":{"line":1130,"column":16},"end":{"line":1130,"column":73}},"type":"binary-expr","locations":[{"start":{"line":1130,"column":16},"end":{"line":1130,"column":45}},{"start":{"line":1130,"column":49},"end":{"line":1130,"column":73}}],"line":1130},"92":{"loc":{"start":{"line":1137,"column":12},"end":{"line":1144,"column":13}},"type":"if","locations":[{"start":{"line":1137,"column":12},"end":{"line":1144,"column":13}},{"start":{"line":1137,"column":12},"end":{"line":1144,"column":13}}],"line":1137},"93":{"loc":{"start":{"line":1141,"column":17},"end":{"line":1144,"column":13}},"type":"if","locations":[{"start":{"line":1141,"column":17},"end":{"line":1144,"column":13}},{"start":{"line":1141,"column":17},"end":{"line":1144,"column":13}}],"line":1141},"94":{"loc":{"start":{"line":1171,"column":12},"end":{"line":1174,"column":13}},"type":"if","locations":[{"start":{"line":1171,"column":12},"end":{"line":1174,"column":13}},{"start":{"line":1171,"column":12},"end":{"line":1174,"column":13}}],"line":1171},"95":{"loc":{"start":{"line":1171,"column":16},"end":{"line":1171,"column":169}},"type":"binary-expr","locations":[{"start":{"line":1171,"column":16},"end":{"line":1171,"column":45}},{"start":{"line":1171,"column":49},"end":{"line":1171,"column":75}},{"start":{"line":1171,"column":79},"end":{"line":1171,"column":103}},{"start":{"line":1171,"column":107},"end":{"line":1171,"column":133}},{"start":{"line":1171,"column":137},"end":{"line":1171,"column":169}}],"line":1171},"96":{"loc":{"start":{"line":1178,"column":12},"end":{"line":1181,"column":13}},"type":"if","locations":[{"start":{"line":1178,"column":12},"end":{"line":1181,"column":13}},{"start":{"line":1178,"column":12},"end":{"line":1181,"column":13}}],"line":1178},"97":{"loc":{"start":{"line":1185,"column":12},"end":{"line":1188,"column":13}},"type":"if","locations":[{"start":{"line":1185,"column":12},"end":{"line":1188,"column":13}},{"start":{"line":1185,"column":12},"end":{"line":1188,"column":13}}],"line":1185},"98":{"loc":{"start":{"line":1215,"column":12},"end":{"line":1218,"column":13}},"type":"if","locations":[{"start":{"line":1215,"column":12},"end":{"line":1218,"column":13}},{"start":{"line":1215,"column":12},"end":{"line":1218,"column":13}}],"line":1215},"99":{"loc":{"start":{"line":1215,"column":16},"end":{"line":1215,"column":75}},"type":"binary-expr","locations":[{"start":{"line":1215,"column":16},"end":{"line":1215,"column":44}},{"start":{"line":1215,"column":48},"end":{"line":1215,"column":75}}],"line":1215}},"s":{"0":1,"1":1,"2":1,"3":1,"4":1,"5":1,"6":1,"7":1,"8":1,"9":1,"10":1,"11":1,"12":1,"13":0,"14":1,"15":1,"16":3,"17":3,"18":3,"19":3,"20":0,"21":3,"22":2,"23":1,"24":1,"25":1,"26":1,"27":1,"28":1,"29":1,"30":0,"31":1,"32":0,"33":1,"34":1,"35":0,"36":0,"37":0,"38":0,"39":0,"40":0,"41":0,"42":0,"43":1,"44":0,"45":0,"46":0,"47":0,"48":0,"49":0,"50":0,"51":0,"52":1,"53":0,"54":1,"55":0,"56":0,"57":1,"58":2,"59":2,"60":2,"61":2,"62":0,"63":2,"64":0,"65":2,"66":2,"67":5,"68":2,"69":1,"70":10,"71":10,"72":6,"73":1,"74":1,"75":1,"76":0,"77":1,"78":0,"79":1,"80":5,"81":1,"82":15,"83":15,"84":15,"85":11,"86":0,"87":11,"88":1,"89":10,"90":1,"91":3,"92":3,"93":3,"94":1,"95":0,"96":1,"97":1,"98":0,"99":1,"100":1,"101":1,"102":1,"103":1,"104":0,"105":1,"106":0,"107":1,"108":1,"109":2,"110":2,"111":2,"112":2,"113":0,"114":2,"115":1,"116":0,"117":1,"118":1,"119":1,"120":1,"121":1,"122":1,"123":0,"124":0,"125":0,"126":0,"127":1,"128":7,"129":7,"130":3,"131":0,"132":3,"133":3,"134":0,"135":0,"136":0,"137":0,"138":0,"139":0,"140":0,"141":0,"142":0,"143":0,"144":0,"145":0,"146":0,"147":0,"148":0,"149":0,"150":0,"151":0,"152":0,"153":0,"154":3,"155":1,"156":1,"157":1,"158":1,"159":0,"160":0,"161":0,"162":0,"163":0,"164":0,"165":0,"166":0,"167":1,"168":0,"169":0,"170":0,"171":0,"172":0,"173":0,"174":0,"175":0,"176":0,"177":0,"178":0,"179":0,"180":0,"181":0,"182":1,"183":0,"184":0,"185":0,"186":0,"187":0,"188":0,"189":0,"190":0,"191":0,"192":0,"193":0,"194":1,"195":0,"196":0,"197":0,"198":0,"199":0,"200":0,"201":0,"202":0,"203":1,"204":0,"205":0,"206":0,"207":0,"208":0,"209":0,"210":0,"211":0,"212":0,"213":0,"214":0,"215":0,"216":0,"217":0,"218":0,"219":0,"220":0,"221":0,"222":0,"223":0,"224":1,"225":0,"226":0,"227":0,"228":0,"229":0,"230":0,"231":0,"232":0,"233":0,"234":0,"235":0,"236":1,"237":2,"238":2,"239":0,"240":0,"241":0,"242":0,"243":0,"244":0,"245":0,"246":0,"247":0,"248":0,"249":0,"250":0,"251":0,"252":0,"253":0,"254":1,"255":0,"256":0,"257":0,"258":0,"259":0,"260":0,"261":0,"262":0,"263":0,"264":0,"265":0,"266":1,"267":0,"268":0,"269":0,"270":0,"271":0,"272":0,"273":1,"274":2,"275":2,"276":2,"277":2,"278":2,"279":2,"280":2,"281":2,"282":2,"283":2,"284":0,"285":0,"286":0,"287":0,"288":0,"289":0,"290":0,"291":0,"292":0,"293":0,"294":0,"295":0,"296":0,"297":0,"298":0,"299":0,"300":0,"301":0,"302":0,"303":0,"304":0,"305":0,"306":0,"307":0,"308":1,"309":1,"310":1,"311":1,"312":0,"313":0,"314":0,"315":0,"316":0,"317":0,"318":0,"319":0,"320":0,"321":1,"322":2,"323":2,"324":2,"325":0,"326":0,"327":0,"328":0,"329":0,"330":1,"331":2,"332":2,"333":2,"334":2,"335":0,"336":0,"337":0,"338":0,"339":0,"340":1,"341":1,"342":1,"343":1,"344":0,"345":0,"346":0,"347":0,"348":0,"349":0,"350":0,"351":0,"352":1,"353":1,"354":1,"355":1,"356":0,"357":0,"358":0,"359":0,"360":0,"361":0,"362":0,"363":0,"364":1,"365":0,"366":0,"367":0,"368":0,"369":0,"370":0,"371":0,"372":0,"373":0,"374":0,"375":0,"376":0,"377":0,"378":0,"379":0,"380":0,"381":0,"382":0,"383":1,"384":0,"385":0,"386":0,"387":0,"388":0,"389":0,"390":0,"391":0,"392":0,"393":0,"394":0,"395":0,"396":0,"397":0,"398":0,"399":0,"400":0,"401":0,"402":1,"403":0,"404":0,"405":0,"406":0,"407":0,"408":0,"409":0,"410":0,"411":0,"412":0,"413":0,"414":0,"415":0,"416":0,"417":0,"418":0,"419":0,"420":0,"421":0,"422":0,"423":0,"424":0,"425":0,"426":0,"427":0,"428":0,"429":1,"430":0,"431":0,"432":0,"433":0,"434":0,"435":0,"436":0,"437":0,"438":0,"439":0,"440":0,"441":0,"442":0,"443":0,"444":0,"445":0,"446":0,"447":0,"448":0,"449":0,"450":0,"451":0,"452":1,"453":0,"454":0,"455":0,"456":0,"457":0,"458":0,"459":0,"460":0,"461":0,"462":0,"463":0,"464":0,"465":0,"466":0,"467":0,"468":0,"469":0,"470":0,"471":0,"472":0,"473":0,"474":0,"475":0,"476":1,"477":0,"478":0,"479":0,"480":0,"481":0,"482":0,"483":0,"484":0,"485":0,"486":0,"487":0,"488":0,"489":0,"490":0,"491":0},"f":{"0":1,"1":1,"2":3,"3":3,"4":3,"5":1,"6":1,"7":1,"8":0,"9":0,"10":0,"11":0,"12":0,"13":0,"14":0,"15":0,"16":0,"17":2,"18":2,"19":2,"20":10,"21":10,"22":1,"23":15,"24":15,"25":11,"26":3,"27":3,"28":1,"29":1,"30":1,"31":1,"32":2,"33":2,"34":2,"35":1,"36":1,"37":0,"38":7,"39":7,"40":0,"41":1,"42":1,"43":0,"44":0,"45":0,"46":0,"47":0,"48":0,"49":0,"50":0,"51":0,"52":0,"53":0,"54":0,"55":0,"56":0,"57":0,"58":0,"59":0,"60":2,"61":2,"62":0,"63":0,"64":0,"65":0,"66":0,"67":0,"68":0,"69":2,"70":2,"71":0,"72":1,"73":1,"74":0,"75":2,"76":2,"77":0,"78":2,"79":2,"80":0,"81":1,"82":1,"83":0,"84":1,"85":1,"86":0,"87":0,"88":0,"89":0,"90":0,"91":0,"92":0,"93":0,"94":0,"95":0,"96":0,"97":0,"98":0},"b":{"0":[0,1],"1":[0,3],"2":[2,1],"3":[0,1],"4":[0,1],"5":[0,0],"6":[0,0],"7":[0,0],"8":[0,0],"9":[0,2],"10":[0,2],"11":[1,5],"12":[0,1],"13":[0,1],"14":[1,0],"15":[0,11],"16":[1,10],"17":[11,1],"18":[0,1],"19":[1,0],"20":[1,1],"21":[0,1],"22":[0,1],"23":[0,2],"24":[1,1],"25":[0,1],"26":[0,0],"27":[0,0],"28":[0,3],"29":[0,3],"30":[0,0],"31":[0,0],"32":[0,0],"33":[0,0],"34":[0,0],"35":[0,0],"36":[0,0],"37":[0,0],"38":[0,0],"39":[0,0],"40":[0,0],"41":[0,0],"42":[0,0],"43":[0,0],"44":[0,0],"45":[0,0],"46":[0,0],"47":[0,0],"48":[0,0],"49":[0,0],"50":[0,0],"51":[0,0],"52":[0,0],"53":[0,0],"54":[0,0],"55":[0,0],"56":[0,0],"57":[0,0],"58":[0,0],"59":[1,1],"60":[1,1],"61":[0,2],"62":[1,1],"63":[1,1],"64":[0,0],"65":[0,0],"66":[0,0],"67":[0,0],"68":[0,0],"69":[0,0],"70":[0,0],"71":[0,0],"72":[0,0],"73":[0,0],"74":[0,0],"75":[0,0],"76":[0,0],"77":[0,0],"78":[0,0],"79":[0,0],"80":[0,0,0,0,0],"81":[0,0],"82":[0,0],"83":[0,0,0,0,0],"84":[0,0],"85":[0,0],"86":[0,0],"87":[0,0],"88":[0,0],"89":[0,0],"90":[0,0],"91":[0,0],"92":[0,0],"93":[0,0],"94":[0,0],"95":[0,0,0,0,0],"96":[0,0],"97":[0,0],"98":[0,0],"99":[0,0]},"_coverageSchema":"1a1c01bbd47fc00a2c39e90264f33305004495a9","hash":"cebb0f97d72076c8bda53ada80f7b1aaa2918990"}
,"D:\\Documenti\\PULSeBS_Team5\\server\\email.js": {"path":"D:\\Documenti\\PULSeBS_Team5\\server\\email.js","statementMap":{"0":{"start":{"line":2,"column":19},"end":{"line":2,"column":40}},"1":{"start":{"line":4,"column":0},"end":{"line":12,"column":1}},"2":{"start":{"line":8,"column":4},"end":{"line":10,"column":7}},"3":{"start":{"line":9,"column":8},"end":{"line":9,"column":40}},"4":{"start":{"line":11,"column":4},"end":{"line":11,"column":14}},"5":{"start":{"line":14,"column":0},"end":{"line":59,"column":1}}},"fnMap":{"0":{"name":"(anonymous_0)","decl":{"start":{"line":4,"column":28},"end":{"line":4,"column":29}},"loc":{"start":{"line":4,"column":54},"end":{"line":12,"column":1}},"line":4},"1":{"name":"(anonymous_1)","decl":{"start":{"line":8,"column":32},"end":{"line":8,"column":33}},"loc":{"start":{"line":8,"column":46},"end":{"line":10,"column":5}},"line":8},"2":{"name":"(anonymous_2)","decl":{"start":{"line":14,"column":13},"end":{"line":14,"column":14}},"loc":{"start":{"line":14,"column":65},"end":{"line":59,"column":1}},"line":14}},"branchMap":{"0":{"loc":{"start":{"line":9,"column":15},"end":{"line":9,"column":39}},"type":"binary-expr","locations":[{"start":{"line":9,"column":15},"end":{"line":9,"column":32}},{"start":{"line":9,"column":36},"end":{"line":9,"column":39}}],"line":9}},"s":{"0":1,"1":1,"2":0,"3":0,"4":0,"5":1},"f":{"0":0,"1":0,"2":0},"b":{"0":[0,0]},"_coverageSchema":"1a1c01bbd47fc00a2c39e90264f33305004495a9","hash":"9569f2e7d860143974d9ee3ad13ebe41c522d0b5"}
}
