{"D:\\Documenti\\PULSeBS_Team5\\server\\dao.js": {"path":"D:\\Documenti\\PULSeBS_Team5\\server\\dao.js","statementMap":{"0":{"start":{"line":1,"column":13},"end":{"line":1,"column":31}},"1":{"start":{"line":2,"column":13},"end":{"line":2,"column":30}},"2":{"start":{"line":3,"column":14},"end":{"line":3,"column":32}},"3":{"start":{"line":4,"column":18},"end":{"line":4,"column":38}},"4":{"start":{"line":5,"column":13},"end":{"line":5,"column":30}},"5":{"start":{"line":6,"column":26},"end":{"line":6,"column":39}},"6":{"start":{"line":8,"column":29},"end":{"line":8,"column":147}},"7":{"start":{"line":9,"column":24},"end":{"line":9,"column":212}},"8":{"start":{"line":10,"column":24},"end":{"line":10,"column":202}},"9":{"start":{"line":11,"column":25},"end":{"line":11,"column":130}},"10":{"start":{"line":12,"column":25},"end":{"line":12,"column":132}},"11":{"start":{"line":14,"column":14},"end":{"line":14,"column":36}},"12":{"start":{"line":18,"column":0},"end":{"line":26,"column":1}},"13":{"start":{"line":19,"column":4},"end":{"line":23,"column":7}},"14":{"start":{"line":20,"column":8},"end":{"line":22,"column":9}},"15":{"start":{"line":21,"column":12},"end":{"line":21,"column":22}},"16":{"start":{"line":25,"column":4},"end":{"line":25,"column":14}},"17":{"start":{"line":28,"column":0},"end":{"line":45,"column":1}},"18":{"start":{"line":29,"column":4},"end":{"line":44,"column":6}},"19":{"start":{"line":31,"column":22},"end":{"line":31,"column":57}},"20":{"start":{"line":32,"column":12},"end":{"line":42,"column":14}},"21":{"start":{"line":33,"column":20},"end":{"line":40,"column":21}},"22":{"start":{"line":34,"column":24},"end":{"line":34,"column":36}},"23":{"start":{"line":36,"column":25},"end":{"line":40,"column":21}},"24":{"start":{"line":37,"column":24},"end":{"line":37,"column":42}},"25":{"start":{"line":39,"column":24},"end":{"line":39,"column":41}},"26":{"start":{"line":47,"column":0},"end":{"line":60,"column":4}},"27":{"start":{"line":48,"column":4},"end":{"line":59,"column":7}},"28":{"start":{"line":49,"column":20},"end":{"line":49,"column":57}},"29":{"start":{"line":50,"column":8},"end":{"line":58,"column":11}},"30":{"start":{"line":51,"column":12},"end":{"line":57,"column":13}},"31":{"start":{"line":52,"column":16},"end":{"line":52,"column":28}},"32":{"start":{"line":53,"column":17},"end":{"line":57,"column":13}},"33":{"start":{"line":54,"column":16},"end":{"line":54,"column":28}},"34":{"start":{"line":56,"column":16},"end":{"line":56,"column":33}},"35":{"start":{"line":62,"column":0},"end":{"line":75,"column":2}},"36":{"start":{"line":63,"column":4},"end":{"line":74,"column":7}},"37":{"start":{"line":64,"column":20},"end":{"line":64,"column":61}},"38":{"start":{"line":65,"column":8},"end":{"line":73,"column":11}},"39":{"start":{"line":66,"column":12},"end":{"line":72,"column":13}},"40":{"start":{"line":67,"column":16},"end":{"line":67,"column":28}},"41":{"start":{"line":68,"column":17},"end":{"line":72,"column":13}},"42":{"start":{"line":69,"column":16},"end":{"line":69,"column":28}},"43":{"start":{"line":71,"column":16},"end":{"line":71,"column":33}},"44":{"start":{"line":77,"column":0},"end":{"line":90,"column":2}},"45":{"start":{"line":78,"column":4},"end":{"line":89,"column":7}},"46":{"start":{"line":79,"column":20},"end":{"line":79,"column":67}},"47":{"start":{"line":80,"column":8},"end":{"line":88,"column":11}},"48":{"start":{"line":81,"column":12},"end":{"line":87,"column":13}},"49":{"start":{"line":82,"column":16},"end":{"line":82,"column":28}},"50":{"start":{"line":83,"column":17},"end":{"line":87,"column":13}},"51":{"start":{"line":84,"column":16},"end":{"line":84,"column":28}},"52":{"start":{"line":86,"column":16},"end":{"line":86,"column":33}},"53":{"start":{"line":93,"column":0},"end":{"line":95,"column":1}},"54":{"start":{"line":94,"column":4},"end":{"line":94,"column":49}},"55":{"start":{"line":99,"column":0},"end":{"line":103,"column":2}},"56":{"start":{"line":100,"column":4},"end":{"line":102,"column":6}},"57":{"start":{"line":101,"column":8},"end":{"line":101,"column":20}},"58":{"start":{"line":107,"column":0},"end":{"line":161,"column":1}},"59":{"start":{"line":108,"column":4},"end":{"line":160,"column":6}},"60":{"start":{"line":110,"column":24},"end":{"line":125,"column":45}},"61":{"start":{"line":127,"column":12},"end":{"line":158,"column":14}},"62":{"start":{"line":128,"column":20},"end":{"line":156,"column":21}},"63":{"start":{"line":129,"column":24},"end":{"line":129,"column":36}},"64":{"start":{"line":131,"column":25},"end":{"line":156,"column":21}},"65":{"start":{"line":132,"column":24},"end":{"line":132,"column":35}},"66":{"start":{"line":134,"column":38},"end":{"line":134,"column":40}},"67":{"start":{"line":135,"column":24},"end":{"line":154,"column":25}},"68":{"start":{"line":136,"column":28},"end":{"line":153,"column":30}},"69":{"start":{"line":155,"column":24},"end":{"line":155,"column":43}},"70":{"start":{"line":164,"column":0},"end":{"line":185,"column":1}},"71":{"start":{"line":166,"column":4},"end":{"line":184,"column":7}},"72":{"start":{"line":168,"column":31},"end":{"line":168,"column":81}},"73":{"start":{"line":169,"column":12},"end":{"line":183,"column":13}},"74":{"start":{"line":170,"column":26},"end":{"line":170,"column":108}},"75":{"start":{"line":171,"column":16},"end":{"line":179,"column":19}},"76":{"start":{"line":172,"column":20},"end":{"line":178,"column":43}},"77":{"start":{"line":173,"column":24},"end":{"line":173,"column":36}},"78":{"start":{"line":175,"column":25},"end":{"line":178,"column":43}},"79":{"start":{"line":176,"column":24},"end":{"line":176,"column":44}},"80":{"start":{"line":178,"column":24},"end":{"line":178,"column":43}},"81":{"start":{"line":182,"column":16},"end":{"line":182,"column":56}},"82":{"start":{"line":188,"column":0},"end":{"line":204,"column":1}},"83":{"start":{"line":189,"column":4},"end":{"line":203,"column":7}},"84":{"start":{"line":191,"column":18},"end":{"line":193,"column":68}},"85":{"start":{"line":194,"column":8},"end":{"line":202,"column":11}},"86":{"start":{"line":195,"column":12},"end":{"line":201,"column":36}},"87":{"start":{"line":196,"column":16},"end":{"line":196,"column":28}},"88":{"start":{"line":198,"column":17},"end":{"line":201,"column":36}},"89":{"start":{"line":199,"column":16},"end":{"line":199,"column":35}},"90":{"start":{"line":201,"column":16},"end":{"line":201,"column":36}},"91":{"start":{"line":207,"column":0},"end":{"line":223,"column":1}},"92":{"start":{"line":208,"column":4},"end":{"line":222,"column":7}},"93":{"start":{"line":210,"column":18},"end":{"line":212,"column":59}},"94":{"start":{"line":213,"column":8},"end":{"line":221,"column":11}},"95":{"start":{"line":214,"column":12},"end":{"line":220,"column":36}},"96":{"start":{"line":215,"column":16},"end":{"line":215,"column":28}},"97":{"start":{"line":217,"column":17},"end":{"line":220,"column":36}},"98":{"start":{"line":218,"column":16},"end":{"line":218,"column":35}},"99":{"start":{"line":220,"column":16},"end":{"line":220,"column":36}},"100":{"start":{"line":225,"column":0},"end":{"line":251,"column":1}},"101":{"start":{"line":226,"column":4},"end":{"line":250,"column":7}},"102":{"start":{"line":230,"column":18},"end":{"line":234,"column":38}},"103":{"start":{"line":235,"column":8},"end":{"line":249,"column":11}},"104":{"start":{"line":236,"column":12},"end":{"line":248,"column":28}},"105":{"start":{"line":237,"column":16},"end":{"line":237,"column":28}},"106":{"start":{"line":238,"column":18},"end":{"line":248,"column":28}},"107":{"start":{"line":239,"column":16},"end":{"line":245,"column":23}},"108":{"start":{"line":248,"column":16},"end":{"line":248,"column":28}},"109":{"start":{"line":253,"column":0},"end":{"line":277,"column":1}},"110":{"start":{"line":254,"column":4},"end":{"line":276,"column":7}},"111":{"start":{"line":256,"column":18},"end":{"line":256,"column":75}},"112":{"start":{"line":257,"column":8},"end":{"line":275,"column":11}},"113":{"start":{"line":258,"column":12},"end":{"line":274,"column":13}},"114":{"start":{"line":259,"column":16},"end":{"line":259,"column":28}},"115":{"start":{"line":260,"column":18},"end":{"line":274,"column":13}},"116":{"start":{"line":261,"column":16},"end":{"line":270,"column":17}},"117":{"start":{"line":262,"column":20},"end":{"line":262,"column":39}},"118":{"start":{"line":265,"column":20},"end":{"line":269,"column":27}},"119":{"start":{"line":273,"column":16},"end":{"line":273,"column":35}},"120":{"start":{"line":280,"column":0},"end":{"line":301,"column":1}},"121":{"start":{"line":282,"column":4},"end":{"line":300,"column":7}},"122":{"start":{"line":284,"column":19},"end":{"line":288,"column":53}},"123":{"start":{"line":289,"column":8},"end":{"line":299,"column":11}},"124":{"start":{"line":290,"column":12},"end":{"line":298,"column":17}},"125":{"start":{"line":291,"column":16},"end":{"line":291,"column":28}},"126":{"start":{"line":292,"column":18},"end":{"line":298,"column":17}},"127":{"start":{"line":293,"column":16},"end":{"line":297,"column":23}},"128":{"start":{"line":304,"column":0},"end":{"line":358,"column":1}},"129":{"start":{"line":306,"column":4},"end":{"line":357,"column":7}},"130":{"start":{"line":309,"column":23},"end":{"line":309,"column":66}},"131":{"start":{"line":310,"column":8},"end":{"line":356,"column":9}},"132":{"start":{"line":311,"column":12},"end":{"line":311,"column":46}},"133":{"start":{"line":313,"column":29},"end":{"line":313,"column":79}},"134":{"start":{"line":314,"column":12},"end":{"line":355,"column":56}},"135":{"start":{"line":316,"column":28},"end":{"line":316,"column":64}},"136":{"start":{"line":317,"column":16},"end":{"line":353,"column":50}},"137":{"start":{"line":318,"column":32},"end":{"line":318,"column":33}},"138":{"start":{"line":319,"column":20},"end":{"line":320,"column":34}},"139":{"start":{"line":320,"column":24},"end":{"line":320,"column":34}},"140":{"start":{"line":322,"column":40},"end":{"line":322,"column":77}},"141":{"start":{"line":324,"column":20},"end":{"line":326,"column":21}},"142":{"start":{"line":325,"column":24},"end":{"line":325,"column":64}},"143":{"start":{"line":328,"column":40},"end":{"line":328,"column":74}},"144":{"start":{"line":330,"column":30},"end":{"line":331,"column":52}},"145":{"start":{"line":332,"column":32},"end":{"line":351,"column":39}},"146":{"start":{"line":334,"column":40},"end":{"line":350,"column":41}},"147":{"start":{"line":335,"column":44},"end":{"line":335,"column":56}},"148":{"start":{"line":339,"column":68},"end":{"line":343,"column":108}},"149":{"start":{"line":344,"column":44},"end":{"line":347,"column":124}},"150":{"start":{"line":345,"column":48},"end":{"line":345,"column":129}},"151":{"start":{"line":346,"column":49},"end":{"line":347,"column":124}},"152":{"start":{"line":347,"column":48},"end":{"line":347,"column":124}},"153":{"start":{"line":349,"column":44},"end":{"line":349,"column":94}},"154":{"start":{"line":353,"column":20},"end":{"line":353,"column":50}},"155":{"start":{"line":355,"column":16},"end":{"line":355,"column":56}},"156":{"start":{"line":360,"column":0},"end":{"line":404,"column":1}},"157":{"start":{"line":361,"column":4},"end":{"line":403,"column":6}},"158":{"start":{"line":363,"column":24},"end":{"line":372,"column":45}},"159":{"start":{"line":374,"column":16},"end":{"line":401,"column":14}},"160":{"start":{"line":375,"column":20},"end":{"line":399,"column":21}},"161":{"start":{"line":376,"column":24},"end":{"line":376,"column":36}},"162":{"start":{"line":378,"column":25},"end":{"line":399,"column":21}},"163":{"start":{"line":379,"column":24},"end":{"line":379,"column":35}},"164":{"start":{"line":381,"column":38},"end":{"line":381,"column":40}},"165":{"start":{"line":382,"column":24},"end":{"line":397,"column":25}},"166":{"start":{"line":383,"column":28},"end":{"line":396,"column":30}},"167":{"start":{"line":398,"column":24},"end":{"line":398,"column":43}},"168":{"start":{"line":406,"column":0},"end":{"line":448,"column":1}},"169":{"start":{"line":407,"column":4},"end":{"line":447,"column":6}},"170":{"start":{"line":411,"column":22},"end":{"line":411,"column":69}},"171":{"start":{"line":412,"column":12},"end":{"line":445,"column":13}},"172":{"start":{"line":413,"column":16},"end":{"line":413,"column":55}},"173":{"start":{"line":416,"column":26},"end":{"line":419,"column":49}},"174":{"start":{"line":420,"column":20},"end":{"line":444,"column":18}},"175":{"start":{"line":421,"column":24},"end":{"line":442,"column":25}},"176":{"start":{"line":422,"column":28},"end":{"line":422,"column":40}},"177":{"start":{"line":424,"column":29},"end":{"line":442,"column":25}},"178":{"start":{"line":425,"column":28},"end":{"line":425,"column":39}},"179":{"start":{"line":427,"column":42},"end":{"line":427,"column":44}},"180":{"start":{"line":428,"column":28},"end":{"line":440,"column":29}},"181":{"start":{"line":429,"column":32},"end":{"line":439,"column":34}},"182":{"start":{"line":441,"column":28},"end":{"line":441,"column":47}},"183":{"start":{"line":450,"column":0},"end":{"line":490,"column":1}},"184":{"start":{"line":451,"column":4},"end":{"line":489,"column":6}},"185":{"start":{"line":453,"column":22},"end":{"line":458,"column":49}},"186":{"start":{"line":459,"column":16},"end":{"line":487,"column":14}},"187":{"start":{"line":460,"column":20},"end":{"line":485,"column":21}},"188":{"start":{"line":461,"column":24},"end":{"line":461,"column":36}},"189":{"start":{"line":463,"column":25},"end":{"line":485,"column":21}},"190":{"start":{"line":464,"column":24},"end":{"line":464,"column":35}},"191":{"start":{"line":466,"column":37},"end":{"line":466,"column":39}},"192":{"start":{"line":467,"column":24},"end":{"line":483,"column":25}},"193":{"start":{"line":468,"column":28},"end":{"line":482,"column":30}},"194":{"start":{"line":484,"column":24},"end":{"line":484,"column":43}},"195":{"start":{"line":493,"column":0},"end":{"line":514,"column":1}},"196":{"start":{"line":494,"column":4},"end":{"line":513,"column":7}},"197":{"start":{"line":496,"column":18},"end":{"line":496,"column":167}},"198":{"start":{"line":497,"column":8},"end":{"line":512,"column":11}},"199":{"start":{"line":498,"column":12},"end":{"line":511,"column":17}},"200":{"start":{"line":499,"column":16},"end":{"line":499,"column":28}},"201":{"start":{"line":500,"column":18},"end":{"line":511,"column":17}},"202":{"start":{"line":501,"column":16},"end":{"line":505,"column":23}},"203":{"start":{"line":509,"column":20},"end":{"line":510,"column":27}},"204":{"start":{"line":516,"column":0},"end":{"line":554,"column":1}},"205":{"start":{"line":517,"column":4},"end":{"line":553,"column":11}},"206":{"start":{"line":518,"column":27},"end":{"line":518,"column":63}},"207":{"start":{"line":520,"column":24},"end":{"line":520,"column":33}},"208":{"start":{"line":521,"column":24},"end":{"line":521,"column":33}},"209":{"start":{"line":522,"column":21},"end":{"line":522,"column":30}},"210":{"start":{"line":523,"column":16},"end":{"line":523,"column":62}},"211":{"start":{"line":525,"column":8},"end":{"line":529,"column":9}},"212":{"start":{"line":526,"column":12},"end":{"line":526,"column":67}},"213":{"start":{"line":527,"column":12},"end":{"line":527,"column":75}},"214":{"start":{"line":528,"column":12},"end":{"line":528,"column":75}},"215":{"start":{"line":530,"column":8},"end":{"line":552,"column":15}},"216":{"start":{"line":532,"column":16},"end":{"line":551,"column":17}},"217":{"start":{"line":533,"column":20},"end":{"line":533,"column":32}},"218":{"start":{"line":536,"column":20},"end":{"line":549,"column":21}},"219":{"start":{"line":537,"column":24},"end":{"line":548,"column":27}},"220":{"start":{"line":538,"column":28},"end":{"line":547,"column":29}},"221":{"start":{"line":539,"column":32},"end":{"line":539,"column":45}},"222":{"start":{"line":541,"column":56},"end":{"line":545,"column":88}},"223":{"start":{"line":546,"column":33},"end":{"line":546,"column":109}},"224":{"start":{"line":550,"column":20},"end":{"line":550,"column":34}},"225":{"start":{"line":558,"column":0},"end":{"line":597,"column":1}},"226":{"start":{"line":559,"column":4},"end":{"line":596,"column":6}},"227":{"start":{"line":563,"column":18},"end":{"line":569,"column":45}},"228":{"start":{"line":570,"column":12},"end":{"line":593,"column":10}},"229":{"start":{"line":571,"column":16},"end":{"line":591,"column":17}},"230":{"start":{"line":572,"column":20},"end":{"line":572,"column":32}},"231":{"start":{"line":574,"column":21},"end":{"line":591,"column":17}},"232":{"start":{"line":575,"column":20},"end":{"line":575,"column":31}},"233":{"start":{"line":577,"column":34},"end":{"line":577,"column":36}},"234":{"start":{"line":578,"column":20},"end":{"line":589,"column":21}},"235":{"start":{"line":579,"column":24},"end":{"line":588,"column":26}},"236":{"start":{"line":590,"column":20},"end":{"line":590,"column":39}},"237":{"start":{"line":599,"column":0},"end":{"line":635,"column":1}},"238":{"start":{"line":600,"column":4},"end":{"line":634,"column":7}},"239":{"start":{"line":602,"column":18},"end":{"line":602,"column":71}},"240":{"start":{"line":603,"column":8},"end":{"line":633,"column":9}},"241":{"start":{"line":604,"column":12},"end":{"line":604,"column":51}},"242":{"start":{"line":606,"column":27},"end":{"line":606,"column":62}},"243":{"start":{"line":607,"column":22},"end":{"line":607,"column":69}},"244":{"start":{"line":608,"column":12},"end":{"line":632,"column":19}},"245":{"start":{"line":611,"column":20},"end":{"line":631,"column":21}},"246":{"start":{"line":612,"column":24},"end":{"line":612,"column":36}},"247":{"start":{"line":615,"column":24},"end":{"line":628,"column":25}},"248":{"start":{"line":616,"column":28},"end":{"line":627,"column":29}},"249":{"start":{"line":617,"column":56},"end":{"line":622,"column":62}},"250":{"start":{"line":623,"column":32},"end":{"line":626,"column":103}},"251":{"start":{"line":624,"column":36},"end":{"line":624,"column":103}},"252":{"start":{"line":625,"column":37},"end":{"line":626,"column":103}},"253":{"start":{"line":626,"column":36},"end":{"line":626,"column":103}},"254":{"start":{"line":630,"column":24},"end":{"line":630,"column":38}},"255":{"start":{"line":640,"column":0},"end":{"line":681,"column":1}},"256":{"start":{"line":641,"column":4},"end":{"line":680,"column":6}},"257":{"start":{"line":643,"column":24},"end":{"line":649,"column":87}},"258":{"start":{"line":651,"column":16},"end":{"line":678,"column":14}},"259":{"start":{"line":652,"column":20},"end":{"line":676,"column":21}},"260":{"start":{"line":653,"column":24},"end":{"line":653,"column":36}},"261":{"start":{"line":655,"column":25},"end":{"line":676,"column":21}},"262":{"start":{"line":656,"column":24},"end":{"line":656,"column":35}},"263":{"start":{"line":658,"column":38},"end":{"line":658,"column":40}},"264":{"start":{"line":659,"column":24},"end":{"line":673,"column":25}},"265":{"start":{"line":660,"column":28},"end":{"line":672,"column":30}},"266":{"start":{"line":675,"column":24},"end":{"line":675,"column":43}},"267":{"start":{"line":684,"column":0},"end":{"line":696,"column":1}},"268":{"start":{"line":685,"column":4},"end":{"line":695,"column":7}},"269":{"start":{"line":686,"column":18},"end":{"line":686,"column":69}},"270":{"start":{"line":687,"column":8},"end":{"line":694,"column":15}},"271":{"start":{"line":689,"column":16},"end":{"line":692,"column":34}},"272":{"start":{"line":690,"column":20},"end":{"line":690,"column":32}},"273":{"start":{"line":692,"column":20},"end":{"line":692,"column":34}},"274":{"start":{"line":698,"column":0},"end":{"line":781,"column":1}},"275":{"start":{"line":699,"column":4},"end":{"line":780,"column":6}},"276":{"start":{"line":703,"column":16},"end":{"line":703,"column":51}},"277":{"start":{"line":704,"column":4},"end":{"line":704,"column":82}},"278":{"start":{"line":705,"column":4},"end":{"line":705,"column":84}},"279":{"start":{"line":706,"column":4},"end":{"line":741,"column":30}},"280":{"start":{"line":742,"column":4},"end":{"line":742,"column":47}},"281":{"start":{"line":743,"column":4},"end":{"line":743,"column":39}},"282":{"start":{"line":744,"column":4},"end":{"line":744,"column":41}},"283":{"start":{"line":745,"column":4},"end":{"line":745,"column":18}},"284":{"start":{"line":746,"column":12},"end":{"line":777,"column":10}},"285":{"start":{"line":747,"column":16},"end":{"line":775,"column":17}},"286":{"start":{"line":748,"column":20},"end":{"line":748,"column":32}},"287":{"start":{"line":750,"column":21},"end":{"line":775,"column":17}},"288":{"start":{"line":751,"column":20},"end":{"line":751,"column":31}},"289":{"start":{"line":753,"column":34},"end":{"line":753,"column":36}},"290":{"start":{"line":754,"column":28},"end":{"line":754,"column":200}},"291":{"start":{"line":755,"column":20},"end":{"line":773,"column":21}},"292":{"start":{"line":756,"column":24},"end":{"line":756,"column":52}},"293":{"start":{"line":757,"column":24},"end":{"line":757,"column":50}},"294":{"start":{"line":758,"column":24},"end":{"line":758,"column":44}},"295":{"start":{"line":759,"column":24},"end":{"line":759,"column":100}},"296":{"start":{"line":760,"column":24},"end":{"line":760,"column":88}},"297":{"start":{"line":761,"column":24},"end":{"line":761,"column":90}},"298":{"start":{"line":762,"column":24},"end":{"line":762,"column":42}},"299":{"start":{"line":763,"column":24},"end":{"line":763,"column":52}},"300":{"start":{"line":764,"column":24},"end":{"line":764,"column":50}},"301":{"start":{"line":765,"column":24},"end":{"line":765,"column":58}},"302":{"start":{"line":766,"column":24},"end":{"line":766,"column":54}},"303":{"start":{"line":767,"column":24},"end":{"line":767,"column":48}},"304":{"start":{"line":768,"column":24},"end":{"line":768,"column":58}},"305":{"start":{"line":769,"column":24},"end":{"line":769,"column":52}},"306":{"start":{"line":770,"column":24},"end":{"line":770,"column":56}},"307":{"start":{"line":771,"column":24},"end":{"line":771,"column":62}},"308":{"start":{"line":774,"column":20},"end":{"line":774,"column":39}},"309":{"start":{"line":829,"column":0},"end":{"line":877,"column":1}},"310":{"start":{"line":830,"column":4},"end":{"line":876,"column":6}},"311":{"start":{"line":832,"column":24},"end":{"line":843,"column":96}},"312":{"start":{"line":845,"column":16},"end":{"line":874,"column":14}},"313":{"start":{"line":846,"column":20},"end":{"line":872,"column":21}},"314":{"start":{"line":847,"column":24},"end":{"line":847,"column":41}},"315":{"start":{"line":848,"column":24},"end":{"line":848,"column":36}},"316":{"start":{"line":850,"column":25},"end":{"line":872,"column":21}},"317":{"start":{"line":852,"column":24},"end":{"line":852,"column":35}},"318":{"start":{"line":854,"column":38},"end":{"line":854,"column":40}},"319":{"start":{"line":856,"column":24},"end":{"line":870,"column":25}},"320":{"start":{"line":857,"column":28},"end":{"line":869,"column":30}},"321":{"start":{"line":871,"column":24},"end":{"line":871,"column":43}},"322":{"start":{"line":881,"column":0},"end":{"line":905,"column":1}},"323":{"start":{"line":882,"column":4},"end":{"line":904,"column":7}},"324":{"start":{"line":884,"column":18},"end":{"line":891,"column":30}},"325":{"start":{"line":892,"column":8},"end":{"line":903,"column":11}},"326":{"start":{"line":893,"column":12},"end":{"line":902,"column":17}},"327":{"start":{"line":894,"column":16},"end":{"line":894,"column":28}},"328":{"start":{"line":895,"column":18},"end":{"line":902,"column":17}},"329":{"start":{"line":896,"column":16},"end":{"line":896,"column":42}},"330":{"start":{"line":900,"column":20},"end":{"line":901,"column":27}},"331":{"start":{"line":907,"column":0},"end":{"line":932,"column":1}},"332":{"start":{"line":908,"column":4},"end":{"line":931,"column":7}},"333":{"start":{"line":910,"column":18},"end":{"line":917,"column":30}},"334":{"start":{"line":918,"column":8},"end":{"line":918,"column":25}},"335":{"start":{"line":919,"column":8},"end":{"line":930,"column":11}},"336":{"start":{"line":920,"column":12},"end":{"line":929,"column":17}},"337":{"start":{"line":921,"column":16},"end":{"line":921,"column":28}},"338":{"start":{"line":922,"column":18},"end":{"line":929,"column":17}},"339":{"start":{"line":923,"column":16},"end":{"line":923,"column":42}},"340":{"start":{"line":927,"column":20},"end":{"line":928,"column":27}},"341":{"start":{"line":934,"column":0},"end":{"line":963,"column":1}},"342":{"start":{"line":935,"column":4},"end":{"line":962,"column":6}},"343":{"start":{"line":937,"column":24},"end":{"line":937,"column":91}},"344":{"start":{"line":939,"column":16},"end":{"line":960,"column":14}},"345":{"start":{"line":940,"column":20},"end":{"line":958,"column":21}},"346":{"start":{"line":941,"column":24},"end":{"line":941,"column":36}},"347":{"start":{"line":943,"column":25},"end":{"line":958,"column":21}},"348":{"start":{"line":945,"column":24},"end":{"line":945,"column":35}},"349":{"start":{"line":947,"column":38},"end":{"line":947,"column":40}},"350":{"start":{"line":949,"column":24},"end":{"line":956,"column":25}},"351":{"start":{"line":950,"column":28},"end":{"line":955,"column":30}},"352":{"start":{"line":957,"column":24},"end":{"line":957,"column":43}},"353":{"start":{"line":965,"column":0},"end":{"line":996,"column":1}},"354":{"start":{"line":966,"column":4},"end":{"line":995,"column":6}},"355":{"start":{"line":968,"column":24},"end":{"line":968,"column":178}},"356":{"start":{"line":970,"column":16},"end":{"line":993,"column":14}},"357":{"start":{"line":971,"column":20},"end":{"line":991,"column":21}},"358":{"start":{"line":972,"column":24},"end":{"line":972,"column":36}},"359":{"start":{"line":974,"column":25},"end":{"line":991,"column":21}},"360":{"start":{"line":976,"column":24},"end":{"line":976,"column":35}},"361":{"start":{"line":978,"column":38},"end":{"line":978,"column":40}},"362":{"start":{"line":980,"column":24},"end":{"line":989,"column":25}},"363":{"start":{"line":981,"column":28},"end":{"line":988,"column":30}},"364":{"start":{"line":990,"column":24},"end":{"line":990,"column":43}},"365":{"start":{"line":999,"column":0},"end":{"line":1026,"column":1}},"366":{"start":{"line":1000,"column":4},"end":{"line":1025,"column":7}},"367":{"start":{"line":1001,"column":28},"end":{"line":1001,"column":30}},"368":{"start":{"line":1002,"column":27},"end":{"line":1002,"column":29}},"369":{"start":{"line":1004,"column":22},"end":{"line":1004,"column":43}},"370":{"start":{"line":1005,"column":8},"end":{"line":1005,"column":61}},"371":{"start":{"line":1007,"column":8},"end":{"line":1022,"column":9}},"372":{"start":{"line":1008,"column":12},"end":{"line":1011,"column":13}},"373":{"start":{"line":1009,"column":16},"end":{"line":1009,"column":85}},"374":{"start":{"line":1010,"column":16},"end":{"line":1010,"column":25}},"375":{"start":{"line":1013,"column":24},"end":{"line":1013,"column":144}},"376":{"start":{"line":1015,"column":12},"end":{"line":1021,"column":13}},"377":{"start":{"line":1016,"column":16},"end":{"line":1016,"column":200}},"378":{"start":{"line":1017,"column":16},"end":{"line":1017,"column":39}},"379":{"start":{"line":1020,"column":16},"end":{"line":1020,"column":48}},"380":{"start":{"line":1024,"column":8},"end":{"line":1024,"column":29}},"381":{"start":{"line":1029,"column":0},"end":{"line":1056,"column":1}},"382":{"start":{"line":1030,"column":4},"end":{"line":1055,"column":6}},"383":{"start":{"line":1031,"column":28},"end":{"line":1031,"column":30}},"384":{"start":{"line":1032,"column":27},"end":{"line":1032,"column":29}},"385":{"start":{"line":1034,"column":22},"end":{"line":1034,"column":43}},"386":{"start":{"line":1035,"column":8},"end":{"line":1035,"column":61}},"387":{"start":{"line":1037,"column":8},"end":{"line":1052,"column":9}},"388":{"start":{"line":1038,"column":12},"end":{"line":1041,"column":13}},"389":{"start":{"line":1039,"column":16},"end":{"line":1039,"column":85}},"390":{"start":{"line":1040,"column":16},"end":{"line":1040,"column":25}},"391":{"start":{"line":1043,"column":24},"end":{"line":1043,"column":144}},"392":{"start":{"line":1045,"column":12},"end":{"line":1051,"column":13}},"393":{"start":{"line":1046,"column":16},"end":{"line":1046,"column":201}},"394":{"start":{"line":1047,"column":16},"end":{"line":1047,"column":39}},"395":{"start":{"line":1050,"column":16},"end":{"line":1050,"column":48}},"396":{"start":{"line":1054,"column":8},"end":{"line":1054,"column":29}},"397":{"start":{"line":1058,"column":0},"end":{"line":1125,"column":1}},"398":{"start":{"line":1059,"column":4},"end":{"line":1124,"column":7}},"399":{"start":{"line":1060,"column":34},"end":{"line":1060,"column":36}},"400":{"start":{"line":1061,"column":33},"end":{"line":1061,"column":35}},"401":{"start":{"line":1063,"column":22},"end":{"line":1063,"column":43}},"402":{"start":{"line":1064,"column":8},"end":{"line":1064,"column":67}},"403":{"start":{"line":1066,"column":25},"end":{"line":1066,"column":27}},"404":{"start":{"line":1067,"column":25},"end":{"line":1067,"column":27}},"405":{"start":{"line":1068,"column":29},"end":{"line":1068,"column":31}},"406":{"start":{"line":1069,"column":29},"end":{"line":1069,"column":31}},"407":{"start":{"line":1071,"column":8},"end":{"line":1121,"column":9}},"408":{"start":{"line":1072,"column":12},"end":{"line":1075,"column":13}},"409":{"start":{"line":1073,"column":16},"end":{"line":1073,"column":91}},"410":{"start":{"line":1074,"column":16},"end":{"line":1074,"column":25}},"411":{"start":{"line":1077,"column":21},"end":{"line":1077,"column":39}},"412":{"start":{"line":1078,"column":12},"end":{"line":1095,"column":13}},"413":{"start":{"line":1079,"column":29},"end":{"line":1079,"column":55}},"414":{"start":{"line":1080,"column":16},"end":{"line":1080,"column":36}},"415":{"start":{"line":1082,"column":16},"end":{"line":1091,"column":17}},"416":{"start":{"line":1083,"column":20},"end":{"line":1083,"column":100}},"417":{"start":{"line":1084,"column":20},"end":{"line":1084,"column":40}},"418":{"start":{"line":1085,"column":20},"end":{"line":1085,"column":29}},"419":{"start":{"line":1087,"column":21},"end":{"line":1091,"column":17}},"420":{"start":{"line":1088,"column":20},"end":{"line":1088,"column":101}},"421":{"start":{"line":1089,"column":20},"end":{"line":1089,"column":40}},"422":{"start":{"line":1090,"column":20},"end":{"line":1090,"column":29}},"423":{"start":{"line":1093,"column":17},"end":{"line":1095,"column":13}},"424":{"start":{"line":1094,"column":16},"end":{"line":1094,"column":25}},"425":{"start":{"line":1097,"column":12},"end":{"line":1110,"column":13}},"426":{"start":{"line":1098,"column":31},"end":{"line":1098,"column":72}},"427":{"start":{"line":1099,"column":16},"end":{"line":1099,"column":53}},"428":{"start":{"line":1101,"column":16},"end":{"line":1105,"column":17}},"429":{"start":{"line":1102,"column":20},"end":{"line":1102,"column":112}},"430":{"start":{"line":1103,"column":20},"end":{"line":1103,"column":57}},"431":{"start":{"line":1104,"column":20},"end":{"line":1104,"column":29}},"432":{"start":{"line":1107,"column":17},"end":{"line":1110,"column":13}},"433":{"start":{"line":1108,"column":16},"end":{"line":1108,"column":108}},"434":{"start":{"line":1109,"column":16},"end":{"line":1109,"column":25}},"435":{"start":{"line":1112,"column":24},"end":{"line":1112,"column":83}},"436":{"start":{"line":1114,"column":12},"end":{"line":1120,"column":13}},"437":{"start":{"line":1115,"column":16},"end":{"line":1115,"column":73}},"438":{"start":{"line":1116,"column":16},"end":{"line":1116,"column":51}},"439":{"start":{"line":1119,"column":16},"end":{"line":1119,"column":53}},"440":{"start":{"line":1123,"column":8},"end":{"line":1123,"column":35}},"441":{"start":{"line":1128,"column":0},"end":{"line":1178,"column":1}},"442":{"start":{"line":1129,"column":4},"end":{"line":1177,"column":7}},"443":{"start":{"line":1130,"column":30},"end":{"line":1130,"column":32}},"444":{"start":{"line":1131,"column":29},"end":{"line":1131,"column":31}},"445":{"start":{"line":1133,"column":22},"end":{"line":1133,"column":43}},"446":{"start":{"line":1134,"column":8},"end":{"line":1134,"column":63}},"447":{"start":{"line":1136,"column":25},"end":{"line":1136,"column":27}},"448":{"start":{"line":1137,"column":25},"end":{"line":1137,"column":27}},"449":{"start":{"line":1139,"column":8},"end":{"line":1174,"column":9}},"450":{"start":{"line":1140,"column":12},"end":{"line":1143,"column":13}},"451":{"start":{"line":1141,"column":16},"end":{"line":1141,"column":87}},"452":{"start":{"line":1142,"column":16},"end":{"line":1142,"column":25}},"453":{"start":{"line":1145,"column":21},"end":{"line":1145,"column":35}},"454":{"start":{"line":1146,"column":12},"end":{"line":1163,"column":13}},"455":{"start":{"line":1147,"column":29},"end":{"line":1147,"column":55}},"456":{"start":{"line":1148,"column":16},"end":{"line":1148,"column":36}},"457":{"start":{"line":1150,"column":16},"end":{"line":1159,"column":17}},"458":{"start":{"line":1151,"column":20},"end":{"line":1151,"column":96}},"459":{"start":{"line":1152,"column":20},"end":{"line":1152,"column":40}},"460":{"start":{"line":1153,"column":20},"end":{"line":1153,"column":29}},"461":{"start":{"line":1155,"column":21},"end":{"line":1159,"column":17}},"462":{"start":{"line":1156,"column":20},"end":{"line":1156,"column":97}},"463":{"start":{"line":1157,"column":20},"end":{"line":1157,"column":40}},"464":{"start":{"line":1158,"column":20},"end":{"line":1158,"column":29}},"465":{"start":{"line":1161,"column":17},"end":{"line":1163,"column":13}},"466":{"start":{"line":1162,"column":16},"end":{"line":1162,"column":25}},"467":{"start":{"line":1165,"column":24},"end":{"line":1165,"column":110}},"468":{"start":{"line":1167,"column":12},"end":{"line":1173,"column":13}},"469":{"start":{"line":1168,"column":16},"end":{"line":1168,"column":110}},"470":{"start":{"line":1169,"column":16},"end":{"line":1169,"column":43}},"471":{"start":{"line":1172,"column":16},"end":{"line":1172,"column":49}},"472":{"start":{"line":1176,"column":8},"end":{"line":1176,"column":31}},"473":{"start":{"line":1181,"column":0},"end":{"line":1286,"column":1}},"474":{"start":{"line":1182,"column":4},"end":{"line":1285,"column":7}},"475":{"start":{"line":1183,"column":31},"end":{"line":1183,"column":33}},"476":{"start":{"line":1184,"column":30},"end":{"line":1184,"column":32}},"477":{"start":{"line":1186,"column":22},"end":{"line":1186,"column":43}},"478":{"start":{"line":1187,"column":8},"end":{"line":1187,"column":64}},"479":{"start":{"line":1189,"column":29},"end":{"line":1189,"column":31}},"480":{"start":{"line":1190,"column":29},"end":{"line":1190,"column":31}},"481":{"start":{"line":1191,"column":29},"end":{"line":1191,"column":31}},"482":{"start":{"line":1193,"column":8},"end":{"line":1282,"column":9}},"483":{"start":{"line":1194,"column":12},"end":{"line":1197,"column":13}},"484":{"start":{"line":1195,"column":16},"end":{"line":1195,"column":88}},"485":{"start":{"line":1196,"column":16},"end":{"line":1196,"column":25}},"486":{"start":{"line":1199,"column":12},"end":{"line":1212,"column":13}},"487":{"start":{"line":1200,"column":31},"end":{"line":1200,"column":69}},"488":{"start":{"line":1201,"column":16},"end":{"line":1201,"column":50}},"489":{"start":{"line":1203,"column":16},"end":{"line":1207,"column":17}},"490":{"start":{"line":1204,"column":20},"end":{"line":1204,"column":105}},"491":{"start":{"line":1205,"column":20},"end":{"line":1205,"column":54}},"492":{"start":{"line":1206,"column":20},"end":{"line":1206,"column":29}},"493":{"start":{"line":1209,"column":17},"end":{"line":1212,"column":13}},"494":{"start":{"line":1210,"column":16},"end":{"line":1210,"column":101}},"495":{"start":{"line":1211,"column":16},"end":{"line":1211,"column":25}},"496":{"start":{"line":1214,"column":12},"end":{"line":1228,"column":13}},"497":{"start":{"line":1215,"column":34},"end":{"line":1215,"column":75}},"498":{"start":{"line":1216,"column":16},"end":{"line":1216,"column":50}},"499":{"start":{"line":1218,"column":16},"end":{"line":1227,"column":17}},"500":{"start":{"line":1219,"column":33},"end":{"line":1219,"column":99}},"501":{"start":{"line":1221,"column":20},"end":{"line":1226,"column":21}},"502":{"start":{"line":1222,"column":24},"end":{"line":1222,"column":88}},"503":{"start":{"line":1225,"column":24},"end":{"line":1225,"column":58}},"504":{"start":{"line":1230,"column":31},"end":{"line":1230,"column":57}},"505":{"start":{"line":1231,"column":29},"end":{"line":1231,"column":55}},"506":{"start":{"line":1232,"column":22},"end":{"line":1232,"column":23}},"507":{"start":{"line":1234,"column":12},"end":{"line":1256,"column":13}},"508":{"start":{"line":1236,"column":20},"end":{"line":1236,"column":28}},"509":{"start":{"line":1237,"column":20},"end":{"line":1237,"column":26}},"510":{"start":{"line":1239,"column":20},"end":{"line":1239,"column":28}},"511":{"start":{"line":1240,"column":20},"end":{"line":1240,"column":26}},"512":{"start":{"line":1242,"column":20},"end":{"line":1242,"column":28}},"513":{"start":{"line":1243,"column":20},"end":{"line":1243,"column":26}},"514":{"start":{"line":1245,"column":20},"end":{"line":1245,"column":28}},"515":{"start":{"line":1246,"column":20},"end":{"line":1246,"column":26}},"516":{"start":{"line":1248,"column":20},"end":{"line":1248,"column":28}},"517":{"start":{"line":1249,"column":20},"end":{"line":1249,"column":26}},"518":{"start":{"line":1251,"column":20},"end":{"line":1251,"column":28}},"519":{"start":{"line":1252,"column":20},"end":{"line":1252,"column":26}},"520":{"start":{"line":1254,"column":20},"end":{"line":1254,"column":28}},"521":{"start":{"line":1255,"column":20},"end":{"line":1255,"column":26}},"522":{"start":{"line":1257,"column":12},"end":{"line":1257,"column":39}},"523":{"start":{"line":1258,"column":12},"end":{"line":1258,"column":51}},"524":{"start":{"line":1259,"column":12},"end":{"line":1261,"column":13}},"525":{"start":{"line":1260,"column":16},"end":{"line":1260,"column":46}},"526":{"start":{"line":1262,"column":12},"end":{"line":1262,"column":42}},"527":{"start":{"line":1264,"column":22},"end":{"line":1264,"column":24}},"528":{"start":{"line":1265,"column":20},"end":{"line":1265,"column":22}},"529":{"start":{"line":1266,"column":12},"end":{"line":1280,"column":13}},"530":{"start":{"line":1267,"column":16},"end":{"line":1267,"column":109}},"531":{"start":{"line":1269,"column":16},"end":{"line":1269,"column":66}},"532":{"start":{"line":1271,"column":16},"end":{"line":1271,"column":62}},"533":{"start":{"line":1272,"column":16},"end":{"line":1278,"column":17}},"534":{"start":{"line":1273,"column":20},"end":{"line":1273,"column":87}},"535":{"start":{"line":1274,"column":20},"end":{"line":1274,"column":49}},"536":{"start":{"line":1277,"column":20},"end":{"line":1277,"column":54}},"537":{"start":{"line":1279,"column":16},"end":{"line":1279,"column":46}},"538":{"start":{"line":1284,"column":8},"end":{"line":1284,"column":32}},"539":{"start":{"line":1288,"column":0},"end":{"line":1330,"column":1}},"540":{"start":{"line":1290,"column":4},"end":{"line":1329,"column":6}},"541":{"start":{"line":1292,"column":24},"end":{"line":1300,"column":52}},"542":{"start":{"line":1302,"column":16},"end":{"line":1327,"column":14}},"543":{"start":{"line":1303,"column":20},"end":{"line":1325,"column":21}},"544":{"start":{"line":1304,"column":24},"end":{"line":1304,"column":41}},"545":{"start":{"line":1305,"column":24},"end":{"line":1305,"column":36}},"546":{"start":{"line":1307,"column":25},"end":{"line":1325,"column":21}},"547":{"start":{"line":1309,"column":24},"end":{"line":1309,"column":35}},"548":{"start":{"line":1311,"column":38},"end":{"line":1311,"column":40}},"549":{"start":{"line":1313,"column":24},"end":{"line":1323,"column":25}},"550":{"start":{"line":1314,"column":28},"end":{"line":1322,"column":30}},"551":{"start":{"line":1324,"column":24},"end":{"line":1324,"column":43}},"552":{"start":{"line":1332,"column":0},"end":{"line":1342,"column":1}},"553":{"start":{"line":1333,"column":16},"end":{"line":1333,"column":86}},"554":{"start":{"line":1335,"column":4},"end":{"line":1341,"column":5}},"555":{"start":{"line":1336,"column":8},"end":{"line":1336,"column":61}},"556":{"start":{"line":1337,"column":8},"end":{"line":1337,"column":17}},"557":{"start":{"line":1340,"column":8},"end":{"line":1340,"column":17}},"558":{"start":{"line":1344,"column":0},"end":{"line":1372,"column":1}},"559":{"start":{"line":1345,"column":4},"end":{"line":1371,"column":6}},"560":{"start":{"line":1347,"column":22},"end":{"line":1347,"column":44}},"561":{"start":{"line":1348,"column":16},"end":{"line":1369,"column":14}},"562":{"start":{"line":1349,"column":20},"end":{"line":1367,"column":21}},"563":{"start":{"line":1350,"column":24},"end":{"line":1350,"column":36}},"564":{"start":{"line":1352,"column":25},"end":{"line":1367,"column":21}},"565":{"start":{"line":1353,"column":24},"end":{"line":1353,"column":35}},"566":{"start":{"line":1355,"column":37},"end":{"line":1355,"column":39}},"567":{"start":{"line":1356,"column":24},"end":{"line":1365,"column":25}},"568":{"start":{"line":1357,"column":28},"end":{"line":1364,"column":30}},"569":{"start":{"line":1366,"column":24},"end":{"line":1366,"column":43}},"570":{"start":{"line":1374,"column":0},"end":{"line":1392,"column":1}},"571":{"start":{"line":1375,"column":4},"end":{"line":1391,"column":7}},"572":{"start":{"line":1376,"column":18},"end":{"line":1380,"column":25}},"573":{"start":{"line":1381,"column":8},"end":{"line":1390,"column":15}},"574":{"start":{"line":1383,"column":16},"end":{"line":1383,"column":40}},"575":{"start":{"line":1384,"column":16},"end":{"line":1388,"column":34}},"576":{"start":{"line":1385,"column":20},"end":{"line":1385,"column":36}},"577":{"start":{"line":1386,"column":20},"end":{"line":1386,"column":32}},"578":{"start":{"line":1388,"column":20},"end":{"line":1388,"column":34}},"579":{"start":{"line":1394,"column":0},"end":{"line":1415,"column":1}},"580":{"start":{"line":1395,"column":4},"end":{"line":1414,"column":7}},"581":{"start":{"line":1396,"column":8},"end":{"line":1396,"column":44}},"582":{"start":{"line":1397,"column":18},"end":{"line":1404,"column":76}},"583":{"start":{"line":1405,"column":8},"end":{"line":1413,"column":15}},"584":{"start":{"line":1407,"column":16},"end":{"line":1411,"column":34}},"585":{"start":{"line":1408,"column":20},"end":{"line":1408,"column":36}},"586":{"start":{"line":1409,"column":20},"end":{"line":1409,"column":32}},"587":{"start":{"line":1411,"column":20},"end":{"line":1411,"column":34}},"588":{"start":{"line":1417,"column":0},"end":{"line":1434,"column":1}},"589":{"start":{"line":1418,"column":4},"end":{"line":1433,"column":7}},"590":{"start":{"line":1419,"column":18},"end":{"line":1423,"column":25}},"591":{"start":{"line":1424,"column":8},"end":{"line":1432,"column":15}},"592":{"start":{"line":1426,"column":16},"end":{"line":1430,"column":34}},"593":{"start":{"line":1427,"column":20},"end":{"line":1427,"column":36}},"594":{"start":{"line":1428,"column":20},"end":{"line":1428,"column":32}},"595":{"start":{"line":1430,"column":20},"end":{"line":1430,"column":34}},"596":{"start":{"line":1436,"column":0},"end":{"line":1456,"column":1}},"597":{"start":{"line":1437,"column":4},"end":{"line":1455,"column":7}},"598":{"start":{"line":1438,"column":8},"end":{"line":1438,"column":45}},"599":{"start":{"line":1439,"column":18},"end":{"line":1446,"column":76}},"600":{"start":{"line":1447,"column":8},"end":{"line":1454,"column":15}},"601":{"start":{"line":1449,"column":16},"end":{"line":1452,"column":34}},"602":{"start":{"line":1450,"column":20},"end":{"line":1450,"column":32}},"603":{"start":{"line":1452,"column":20},"end":{"line":1452,"column":34}},"604":{"start":{"line":1458,"column":0},"end":{"line":1484,"column":1}},"605":{"start":{"line":1459,"column":4},"end":{"line":1483,"column":6}},"606":{"start":{"line":1461,"column":22},"end":{"line":1461,"column":52}},"607":{"start":{"line":1462,"column":16},"end":{"line":1481,"column":14}},"608":{"start":{"line":1463,"column":20},"end":{"line":1479,"column":21}},"609":{"start":{"line":1464,"column":24},"end":{"line":1464,"column":36}},"610":{"start":{"line":1466,"column":25},"end":{"line":1479,"column":21}},"611":{"start":{"line":1467,"column":24},"end":{"line":1467,"column":35}},"612":{"start":{"line":1469,"column":37},"end":{"line":1469,"column":39}},"613":{"start":{"line":1470,"column":24},"end":{"line":1477,"column":25}},"614":{"start":{"line":1471,"column":28},"end":{"line":1476,"column":30}},"615":{"start":{"line":1478,"column":24},"end":{"line":1478,"column":43}}},"fnMap":{"0":{"name":"(anonymous_0)","decl":{"start":{"line":18,"column":27},"end":{"line":18,"column":28}},"loc":{"start":{"line":18,"column":44},"end":{"line":26,"column":1}},"line":18},"1":{"name":"(anonymous_1)","decl":{"start":{"line":19,"column":36},"end":{"line":19,"column":37}},"loc":{"start":{"line":19,"column":43},"end":{"line":23,"column":5}},"line":19},"2":{"name":"(anonymous_2)","decl":{"start":{"line":28,"column":16},"end":{"line":28,"column":17}},"loc":{"start":{"line":28,"column":34},"end":{"line":45,"column":1}},"line":28},"3":{"name":"(anonymous_3)","decl":{"start":{"line":30,"column":8},"end":{"line":30,"column":9}},"loc":{"start":{"line":30,"column":26},"end":{"line":43,"column":9}},"line":30},"4":{"name":"(anonymous_4)","decl":{"start":{"line":32,"column":34},"end":{"line":32,"column":35}},"loc":{"start":{"line":32,"column":46},"end":{"line":41,"column":17}},"line":32},"5":{"name":"(anonymous_5)","decl":{"start":{"line":47,"column":22},"end":{"line":47,"column":23}},"loc":{"start":{"line":47,"column":40},"end":{"line":60,"column":3}},"line":47},"6":{"name":"(anonymous_6)","decl":{"start":{"line":48,"column":23},"end":{"line":48,"column":24}},"loc":{"start":{"line":48,"column":44},"end":{"line":59,"column":5}},"line":48},"7":{"name":"(anonymous_7)","decl":{"start":{"line":50,"column":30},"end":{"line":50,"column":31}},"loc":{"start":{"line":50,"column":45},"end":{"line":58,"column":9}},"line":50},"8":{"name":"(anonymous_8)","decl":{"start":{"line":62,"column":24},"end":{"line":62,"column":25}},"loc":{"start":{"line":62,"column":44},"end":{"line":75,"column":1}},"line":62},"9":{"name":"(anonymous_9)","decl":{"start":{"line":63,"column":23},"end":{"line":63,"column":24}},"loc":{"start":{"line":63,"column":44},"end":{"line":74,"column":5}},"line":63},"10":{"name":"(anonymous_10)","decl":{"start":{"line":65,"column":32},"end":{"line":65,"column":33}},"loc":{"start":{"line":65,"column":47},"end":{"line":73,"column":9}},"line":65},"11":{"name":"(anonymous_11)","decl":{"start":{"line":77,"column":27},"end":{"line":77,"column":28}},"loc":{"start":{"line":77,"column":50},"end":{"line":90,"column":1}},"line":77},"12":{"name":"(anonymous_12)","decl":{"start":{"line":78,"column":23},"end":{"line":78,"column":24}},"loc":{"start":{"line":78,"column":44},"end":{"line":89,"column":5}},"line":78},"13":{"name":"(anonymous_13)","decl":{"start":{"line":80,"column":35},"end":{"line":80,"column":36}},"loc":{"start":{"line":80,"column":50},"end":{"line":88,"column":9}},"line":80},"14":{"name":"(anonymous_14)","decl":{"start":{"line":93,"column":22},"end":{"line":93,"column":23}},"loc":{"start":{"line":93,"column":49},"end":{"line":95,"column":1}},"line":93},"15":{"name":"(anonymous_15)","decl":{"start":{"line":99,"column":21},"end":{"line":99,"column":22}},"loc":{"start":{"line":99,"column":42},"end":{"line":103,"column":1}},"line":99},"16":{"name":"(anonymous_16)","decl":{"start":{"line":100,"column":33},"end":{"line":100,"column":34}},"loc":{"start":{"line":100,"column":53},"end":{"line":102,"column":5}},"line":100},"17":{"name":"(anonymous_17)","decl":{"start":{"line":107,"column":20},"end":{"line":107,"column":21}},"loc":{"start":{"line":107,"column":56},"end":{"line":161,"column":1}},"line":107},"18":{"name":"(anonymous_18)","decl":{"start":{"line":109,"column":8},"end":{"line":109,"column":9}},"loc":{"start":{"line":109,"column":26},"end":{"line":159,"column":9}},"line":109},"19":{"name":"(anonymous_19)","decl":{"start":{"line":127,"column":59},"end":{"line":127,"column":60}},"loc":{"start":{"line":127,"column":71},"end":{"line":157,"column":17}},"line":127},"20":{"name":"(anonymous_20)","decl":{"start":{"line":164,"column":21},"end":{"line":164,"column":22}},"loc":{"start":{"line":164,"column":49},"end":{"line":185,"column":1}},"line":164},"21":{"name":"(anonymous_21)","decl":{"start":{"line":167,"column":8},"end":{"line":167,"column":9}},"loc":{"start":{"line":167,"column":32},"end":{"line":184,"column":5}},"line":167},"22":{"name":"(anonymous_22)","decl":{"start":{"line":171,"column":50},"end":{"line":171,"column":51}},"loc":{"start":{"line":171,"column":64},"end":{"line":179,"column":17}},"line":171},"23":{"name":"(anonymous_23)","decl":{"start":{"line":188,"column":28},"end":{"line":188,"column":29}},"loc":{"start":{"line":188,"column":56},"end":{"line":204,"column":1}},"line":188},"24":{"name":"(anonymous_24)","decl":{"start":{"line":190,"column":8},"end":{"line":190,"column":9}},"loc":{"start":{"line":190,"column":26},"end":{"line":203,"column":5}},"line":190},"25":{"name":"(anonymous_25)","decl":{"start":{"line":194,"column":42},"end":{"line":194,"column":43}},"loc":{"start":{"line":194,"column":56},"end":{"line":202,"column":9}},"line":194},"26":{"name":"(anonymous_26)","decl":{"start":{"line":207,"column":28},"end":{"line":207,"column":29}},"loc":{"start":{"line":207,"column":59},"end":{"line":223,"column":1}},"line":207},"27":{"name":"(anonymous_27)","decl":{"start":{"line":209,"column":8},"end":{"line":209,"column":9}},"loc":{"start":{"line":209,"column":26},"end":{"line":222,"column":5}},"line":209},"28":{"name":"(anonymous_28)","decl":{"start":{"line":213,"column":45},"end":{"line":213,"column":46}},"loc":{"start":{"line":213,"column":59},"end":{"line":221,"column":9}},"line":213},"29":{"name":"(anonymous_29)","decl":{"start":{"line":225,"column":23},"end":{"line":225,"column":24}},"loc":{"start":{"line":225,"column":43},"end":{"line":251,"column":1}},"line":225},"30":{"name":"(anonymous_30)","decl":{"start":{"line":228,"column":8},"end":{"line":228,"column":9}},"loc":{"start":{"line":228,"column":26},"end":{"line":250,"column":5}},"line":228},"31":{"name":"(anonymous_31)","decl":{"start":{"line":235,"column":34},"end":{"line":235,"column":35}},"loc":{"start":{"line":235,"column":48},"end":{"line":249,"column":9}},"line":235},"32":{"name":"(anonymous_32)","decl":{"start":{"line":253,"column":23},"end":{"line":253,"column":24}},"loc":{"start":{"line":253,"column":43},"end":{"line":277,"column":1}},"line":253},"33":{"name":"(anonymous_33)","decl":{"start":{"line":255,"column":8},"end":{"line":255,"column":9}},"loc":{"start":{"line":255,"column":26},"end":{"line":276,"column":5}},"line":255},"34":{"name":"(anonymous_34)","decl":{"start":{"line":257,"column":34},"end":{"line":257,"column":35}},"loc":{"start":{"line":257,"column":48},"end":{"line":275,"column":9}},"line":257},"35":{"name":"(anonymous_35)","decl":{"start":{"line":280,"column":22},"end":{"line":280,"column":23}},"loc":{"start":{"line":280,"column":42},"end":{"line":301,"column":1}},"line":280},"36":{"name":"(anonymous_36)","decl":{"start":{"line":283,"column":8},"end":{"line":283,"column":9}},"loc":{"start":{"line":283,"column":26},"end":{"line":300,"column":5}},"line":283},"37":{"name":"(anonymous_37)","decl":{"start":{"line":289,"column":34},"end":{"line":289,"column":35}},"loc":{"start":{"line":289,"column":48},"end":{"line":299,"column":9}},"line":289},"38":{"name":"(anonymous_38)","decl":{"start":{"line":304,"column":20},"end":{"line":304,"column":21}},"loc":{"start":{"line":304,"column":54},"end":{"line":358,"column":1}},"line":304},"39":{"name":"(anonymous_39)","decl":{"start":{"line":307,"column":8},"end":{"line":307,"column":9}},"loc":{"start":{"line":307,"column":32},"end":{"line":357,"column":5}},"line":307},"40":{"name":"(anonymous_40)","decl":{"start":{"line":333,"column":36},"end":{"line":333,"column":37}},"loc":{"start":{"line":333,"column":55},"end":{"line":351,"column":37}},"line":333},"41":{"name":"(anonymous_41)","decl":{"start":{"line":360,"column":27},"end":{"line":360,"column":28}},"loc":{"start":{"line":360,"column":68},"end":{"line":404,"column":1}},"line":360},"42":{"name":"(anonymous_42)","decl":{"start":{"line":362,"column":8},"end":{"line":362,"column":9}},"loc":{"start":{"line":362,"column":26},"end":{"line":402,"column":9}},"line":362},"43":{"name":"(anonymous_43)","decl":{"start":{"line":374,"column":60},"end":{"line":374,"column":61}},"loc":{"start":{"line":374,"column":72},"end":{"line":400,"column":17}},"line":374},"44":{"name":"(anonymous_44)","decl":{"start":{"line":406,"column":20},"end":{"line":406,"column":21}},"loc":{"start":{"line":406,"column":45},"end":{"line":448,"column":1}},"line":406},"45":{"name":"(anonymous_45)","decl":{"start":{"line":408,"column":8},"end":{"line":408,"column":9}},"loc":{"start":{"line":408,"column":32},"end":{"line":446,"column":9}},"line":408},"46":{"name":"(anonymous_46)","decl":{"start":{"line":420,"column":44},"end":{"line":420,"column":45}},"loc":{"start":{"line":420,"column":56},"end":{"line":443,"column":21}},"line":420},"47":{"name":"(anonymous_47)","decl":{"start":{"line":450,"column":20},"end":{"line":450,"column":21}},"loc":{"start":{"line":450,"column":40},"end":{"line":490,"column":1}},"line":450},"48":{"name":"(anonymous_48)","decl":{"start":{"line":452,"column":8},"end":{"line":452,"column":9}},"loc":{"start":{"line":452,"column":26},"end":{"line":488,"column":9}},"line":452},"49":{"name":"(anonymous_49)","decl":{"start":{"line":459,"column":40},"end":{"line":459,"column":41}},"loc":{"start":{"line":459,"column":52},"end":{"line":486,"column":17}},"line":459},"50":{"name":"(anonymous_50)","decl":{"start":{"line":493,"column":22},"end":{"line":493,"column":23}},"loc":{"start":{"line":493,"column":42},"end":{"line":514,"column":1}},"line":493},"51":{"name":"(anonymous_51)","decl":{"start":{"line":495,"column":8},"end":{"line":495,"column":9}},"loc":{"start":{"line":495,"column":26},"end":{"line":513,"column":5}},"line":495},"52":{"name":"(anonymous_52)","decl":{"start":{"line":497,"column":34},"end":{"line":497,"column":35}},"loc":{"start":{"line":497,"column":48},"end":{"line":512,"column":9}},"line":497},"53":{"name":"(anonymous_53)","decl":{"start":{"line":516,"column":22},"end":{"line":516,"column":23}},"loc":{"start":{"line":516,"column":43},"end":{"line":554,"column":1}},"line":516},"54":{"name":"(anonymous_54)","decl":{"start":{"line":517,"column":24},"end":{"line":517,"column":25}},"loc":{"start":{"line":517,"column":48},"end":{"line":553,"column":9}},"line":517},"55":{"name":"(anonymous_55)","decl":{"start":{"line":531,"column":12},"end":{"line":531,"column":13}},"loc":{"start":{"line":531,"column":25},"end":{"line":552,"column":13}},"line":531},"56":{"name":"(anonymous_56)","decl":{"start":{"line":537,"column":64},"end":{"line":537,"column":65}},"loc":{"start":{"line":537,"column":78},"end":{"line":548,"column":25}},"line":537},"57":{"name":"(anonymous_57)","decl":{"start":{"line":558,"column":21},"end":{"line":558,"column":22}},"loc":{"start":{"line":558,"column":41},"end":{"line":597,"column":1}},"line":558},"58":{"name":"(anonymous_58)","decl":{"start":{"line":560,"column":8},"end":{"line":560,"column":9}},"loc":{"start":{"line":560,"column":32},"end":{"line":594,"column":5}},"line":560},"59":{"name":"(anonymous_59)","decl":{"start":{"line":570,"column":36},"end":{"line":570,"column":37}},"loc":{"start":{"line":570,"column":48},"end":{"line":592,"column":13}},"line":570},"60":{"name":"(anonymous_60)","decl":{"start":{"line":599,"column":22},"end":{"line":599,"column":23}},"loc":{"start":{"line":599,"column":59},"end":{"line":635,"column":1}},"line":599},"61":{"name":"(anonymous_61)","decl":{"start":{"line":600,"column":24},"end":{"line":600,"column":25}},"loc":{"start":{"line":600,"column":48},"end":{"line":634,"column":5}},"line":600},"62":{"name":"(anonymous_62)","decl":{"start":{"line":609,"column":16},"end":{"line":609,"column":17}},"loc":{"start":{"line":609,"column":29},"end":{"line":632,"column":17}},"line":609},"63":{"name":"(anonymous_63)","decl":{"start":{"line":640,"column":31},"end":{"line":640,"column":32}},"loc":{"start":{"line":640,"column":72},"end":{"line":681,"column":1}},"line":640},"64":{"name":"(anonymous_64)","decl":{"start":{"line":642,"column":8},"end":{"line":642,"column":9}},"loc":{"start":{"line":642,"column":26},"end":{"line":679,"column":9}},"line":642},"65":{"name":"(anonymous_65)","decl":{"start":{"line":651,"column":27},"end":{"line":651,"column":28}},"loc":{"start":{"line":651,"column":39},"end":{"line":677,"column":17}},"line":651},"66":{"name":"(anonymous_66)","decl":{"start":{"line":684,"column":21},"end":{"line":684,"column":22}},"loc":{"start":{"line":684,"column":41},"end":{"line":696,"column":1}},"line":684},"67":{"name":"(anonymous_67)","decl":{"start":{"line":685,"column":23},"end":{"line":685,"column":24}},"loc":{"start":{"line":685,"column":41},"end":{"line":695,"column":5}},"line":685},"68":{"name":"(anonymous_68)","decl":{"start":{"line":688,"column":12},"end":{"line":688,"column":13}},"loc":{"start":{"line":688,"column":25},"end":{"line":694,"column":13}},"line":688},"69":{"name":"(anonymous_69)","decl":{"start":{"line":698,"column":22},"end":{"line":698,"column":23}},"loc":{"start":{"line":698,"column":70},"end":{"line":781,"column":1}},"line":698},"70":{"name":"(anonymous_70)","decl":{"start":{"line":700,"column":8},"end":{"line":700,"column":9}},"loc":{"start":{"line":700,"column":32},"end":{"line":778,"column":5}},"line":700},"71":{"name":"(anonymous_71)","decl":{"start":{"line":746,"column":65},"end":{"line":746,"column":66}},"loc":{"start":{"line":746,"column":77},"end":{"line":776,"column":13}},"line":746},"72":{"name":"(anonymous_72)","decl":{"start":{"line":829,"column":25},"end":{"line":829,"column":26}},"loc":{"start":{"line":829,"column":65},"end":{"line":877,"column":1}},"line":829},"73":{"name":"(anonymous_73)","decl":{"start":{"line":831,"column":8},"end":{"line":831,"column":9}},"loc":{"start":{"line":831,"column":26},"end":{"line":875,"column":9}},"line":831},"74":{"name":"(anonymous_74)","decl":{"start":{"line":845,"column":59},"end":{"line":845,"column":60}},"loc":{"start":{"line":845,"column":71},"end":{"line":873,"column":17}},"line":845},"75":{"name":"(anonymous_75)","decl":{"start":{"line":881,"column":21},"end":{"line":881,"column":22}},"loc":{"start":{"line":881,"column":53},"end":{"line":905,"column":1}},"line":881},"76":{"name":"(anonymous_76)","decl":{"start":{"line":883,"column":8},"end":{"line":883,"column":9}},"loc":{"start":{"line":883,"column":26},"end":{"line":904,"column":5}},"line":883},"77":{"name":"(anonymous_77)","decl":{"start":{"line":892,"column":56},"end":{"line":892,"column":57}},"loc":{"start":{"line":892,"column":70},"end":{"line":903,"column":9}},"line":892},"78":{"name":"(anonymous_78)","decl":{"start":{"line":907,"column":22},"end":{"line":907,"column":23}},"loc":{"start":{"line":907,"column":54},"end":{"line":932,"column":1}},"line":907},"79":{"name":"(anonymous_79)","decl":{"start":{"line":909,"column":8},"end":{"line":909,"column":9}},"loc":{"start":{"line":909,"column":26},"end":{"line":931,"column":5}},"line":909},"80":{"name":"(anonymous_80)","decl":{"start":{"line":919,"column":56},"end":{"line":919,"column":57}},"loc":{"start":{"line":919,"column":70},"end":{"line":930,"column":9}},"line":919},"81":{"name":"(anonymous_81)","decl":{"start":{"line":934,"column":26},"end":{"line":934,"column":27}},"loc":{"start":{"line":934,"column":46},"end":{"line":963,"column":1}},"line":934},"82":{"name":"(anonymous_82)","decl":{"start":{"line":936,"column":8},"end":{"line":936,"column":9}},"loc":{"start":{"line":936,"column":26},"end":{"line":961,"column":9}},"line":936},"83":{"name":"(anonymous_83)","decl":{"start":{"line":939,"column":40},"end":{"line":939,"column":41}},"loc":{"start":{"line":939,"column":52},"end":{"line":959,"column":17}},"line":939},"84":{"name":"(anonymous_84)","decl":{"start":{"line":965,"column":22},"end":{"line":965,"column":23}},"loc":{"start":{"line":965,"column":32},"end":{"line":996,"column":1}},"line":965},"85":{"name":"(anonymous_85)","decl":{"start":{"line":967,"column":8},"end":{"line":967,"column":9}},"loc":{"start":{"line":967,"column":26},"end":{"line":994,"column":9}},"line":967},"86":{"name":"(anonymous_86)","decl":{"start":{"line":970,"column":27},"end":{"line":970,"column":28}},"loc":{"start":{"line":970,"column":39},"end":{"line":992,"column":17}},"line":970},"87":{"name":"(anonymous_87)","decl":{"start":{"line":999,"column":20},"end":{"line":999,"column":21}},"loc":{"start":{"line":999,"column":35},"end":{"line":1026,"column":1}},"line":999},"88":{"name":"(anonymous_88)","decl":{"start":{"line":1000,"column":23},"end":{"line":1000,"column":24}},"loc":{"start":{"line":1000,"column":50},"end":{"line":1025,"column":5}},"line":1000},"89":{"name":"(anonymous_89)","decl":{"start":{"line":1029,"column":20},"end":{"line":1029,"column":21}},"loc":{"start":{"line":1029,"column":35},"end":{"line":1056,"column":1}},"line":1029},"90":{"name":"(anonymous_90)","decl":{"start":{"line":1030,"column":23},"end":{"line":1030,"column":24}},"loc":{"start":{"line":1030,"column":50},"end":{"line":1055,"column":5}},"line":1030},"91":{"name":"(anonymous_91)","decl":{"start":{"line":1058,"column":23},"end":{"line":1058,"column":24}},"loc":{"start":{"line":1058,"column":38},"end":{"line":1125,"column":1}},"line":1058},"92":{"name":"(anonymous_92)","decl":{"start":{"line":1059,"column":23},"end":{"line":1059,"column":24}},"loc":{"start":{"line":1059,"column":50},"end":{"line":1124,"column":5}},"line":1059},"93":{"name":"(anonymous_93)","decl":{"start":{"line":1128,"column":19},"end":{"line":1128,"column":20}},"loc":{"start":{"line":1128,"column":34},"end":{"line":1178,"column":1}},"line":1128},"94":{"name":"(anonymous_94)","decl":{"start":{"line":1129,"column":23},"end":{"line":1129,"column":24}},"loc":{"start":{"line":1129,"column":50},"end":{"line":1177,"column":5}},"line":1129},"95":{"name":"(anonymous_95)","decl":{"start":{"line":1181,"column":20},"end":{"line":1181,"column":21}},"loc":{"start":{"line":1181,"column":55},"end":{"line":1286,"column":1}},"line":1181},"96":{"name":"(anonymous_96)","decl":{"start":{"line":1182,"column":23},"end":{"line":1182,"column":24}},"loc":{"start":{"line":1182,"column":50},"end":{"line":1285,"column":5}},"line":1182},"97":{"name":"(anonymous_97)","decl":{"start":{"line":1288,"column":37},"end":{"line":1288,"column":38}},"loc":{"start":{"line":1288,"column":62},"end":{"line":1330,"column":1}},"line":1288},"98":{"name":"(anonymous_98)","decl":{"start":{"line":1291,"column":8},"end":{"line":1291,"column":9}},"loc":{"start":{"line":1291,"column":26},"end":{"line":1328,"column":9}},"line":1291},"99":{"name":"(anonymous_99)","decl":{"start":{"line":1302,"column":82},"end":{"line":1302,"column":83}},"loc":{"start":{"line":1302,"column":94},"end":{"line":1326,"column":17}},"line":1302},"100":{"name":"(anonymous_100)","decl":{"start":{"line":1332,"column":21},"end":{"line":1332,"column":22}},"loc":{"start":{"line":1332,"column":68},"end":{"line":1342,"column":1}},"line":1332},"101":{"name":"(anonymous_101)","decl":{"start":{"line":1344,"column":19},"end":{"line":1344,"column":20}},"loc":{"start":{"line":1344,"column":29},"end":{"line":1372,"column":1}},"line":1344},"102":{"name":"(anonymous_102)","decl":{"start":{"line":1346,"column":8},"end":{"line":1346,"column":9}},"loc":{"start":{"line":1346,"column":26},"end":{"line":1370,"column":9}},"line":1346},"103":{"name":"(anonymous_103)","decl":{"start":{"line":1348,"column":27},"end":{"line":1348,"column":28}},"loc":{"start":{"line":1348,"column":39},"end":{"line":1368,"column":17}},"line":1348},"104":{"name":"(anonymous_104)","decl":{"start":{"line":1374,"column":28},"end":{"line":1374,"column":29}},"loc":{"start":{"line":1374,"column":42},"end":{"line":1392,"column":1}},"line":1374},"105":{"name":"(anonymous_105)","decl":{"start":{"line":1375,"column":23},"end":{"line":1375,"column":24}},"loc":{"start":{"line":1375,"column":41},"end":{"line":1391,"column":5}},"line":1375},"106":{"name":"(anonymous_106)","decl":{"start":{"line":1382,"column":12},"end":{"line":1382,"column":13}},"loc":{"start":{"line":1382,"column":25},"end":{"line":1390,"column":13}},"line":1382},"107":{"name":"(anonymous_107)","decl":{"start":{"line":1394,"column":24},"end":{"line":1394,"column":25}},"loc":{"start":{"line":1394,"column":43},"end":{"line":1415,"column":1}},"line":1394},"108":{"name":"(anonymous_108)","decl":{"start":{"line":1395,"column":23},"end":{"line":1395,"column":24}},"loc":{"start":{"line":1395,"column":47},"end":{"line":1414,"column":5}},"line":1395},"109":{"name":"(anonymous_109)","decl":{"start":{"line":1406,"column":12},"end":{"line":1406,"column":13}},"loc":{"start":{"line":1406,"column":25},"end":{"line":1413,"column":13}},"line":1406},"110":{"name":"(anonymous_110)","decl":{"start":{"line":1417,"column":29},"end":{"line":1417,"column":30}},"loc":{"start":{"line":1417,"column":43},"end":{"line":1434,"column":1}},"line":1417},"111":{"name":"(anonymous_111)","decl":{"start":{"line":1418,"column":23},"end":{"line":1418,"column":24}},"loc":{"start":{"line":1418,"column":41},"end":{"line":1433,"column":5}},"line":1418},"112":{"name":"(anonymous_112)","decl":{"start":{"line":1425,"column":12},"end":{"line":1425,"column":13}},"loc":{"start":{"line":1425,"column":25},"end":{"line":1432,"column":13}},"line":1425},"113":{"name":"(anonymous_113)","decl":{"start":{"line":1436,"column":25},"end":{"line":1436,"column":26}},"loc":{"start":{"line":1436,"column":44},"end":{"line":1456,"column":1}},"line":1436},"114":{"name":"(anonymous_114)","decl":{"start":{"line":1437,"column":23},"end":{"line":1437,"column":24}},"loc":{"start":{"line":1437,"column":46},"end":{"line":1455,"column":5}},"line":1437},"115":{"name":"(anonymous_115)","decl":{"start":{"line":1448,"column":12},"end":{"line":1448,"column":13}},"loc":{"start":{"line":1448,"column":25},"end":{"line":1454,"column":13}},"line":1448},"116":{"name":"(anonymous_116)","decl":{"start":{"line":1458,"column":27},"end":{"line":1458,"column":28}},"loc":{"start":{"line":1458,"column":37},"end":{"line":1484,"column":1}},"line":1458},"117":{"name":"(anonymous_117)","decl":{"start":{"line":1460,"column":8},"end":{"line":1460,"column":9}},"loc":{"start":{"line":1460,"column":26},"end":{"line":1482,"column":9}},"line":1460},"118":{"name":"(anonymous_118)","decl":{"start":{"line":1462,"column":27},"end":{"line":1462,"column":28}},"loc":{"start":{"line":1462,"column":39},"end":{"line":1480,"column":17}},"line":1462}},"branchMap":{"0":{"loc":{"start":{"line":20,"column":8},"end":{"line":22,"column":9}},"type":"if","locations":[{"start":{"line":20,"column":8},"end":{"line":22,"column":9}},{"start":{"line":20,"column":8},"end":{"line":22,"column":9}}],"line":20},"1":{"loc":{"start":{"line":33,"column":20},"end":{"line":40,"column":21}},"type":"if","locations":[{"start":{"line":33,"column":20},"end":{"line":40,"column":21}},{"start":{"line":33,"column":20},"end":{"line":40,"column":21}}],"line":33},"2":{"loc":{"start":{"line":36,"column":25},"end":{"line":40,"column":21}},"type":"if","locations":[{"start":{"line":36,"column":25},"end":{"line":40,"column":21}},{"start":{"line":36,"column":25},"end":{"line":40,"column":21}}],"line":36},"3":{"loc":{"start":{"line":51,"column":12},"end":{"line":57,"column":13}},"type":"if","locations":[{"start":{"line":51,"column":12},"end":{"line":57,"column":13}},{"start":{"line":51,"column":12},"end":{"line":57,"column":13}}],"line":51},"4":{"loc":{"start":{"line":53,"column":17},"end":{"line":57,"column":13}},"type":"if","locations":[{"start":{"line":53,"column":17},"end":{"line":57,"column":13}},{"start":{"line":53,"column":17},"end":{"line":57,"column":13}}],"line":53},"5":{"loc":{"start":{"line":66,"column":12},"end":{"line":72,"column":13}},"type":"if","locations":[{"start":{"line":66,"column":12},"end":{"line":72,"column":13}},{"start":{"line":66,"column":12},"end":{"line":72,"column":13}}],"line":66},"6":{"loc":{"start":{"line":68,"column":17},"end":{"line":72,"column":13}},"type":"if","locations":[{"start":{"line":68,"column":17},"end":{"line":72,"column":13}},{"start":{"line":68,"column":17},"end":{"line":72,"column":13}}],"line":68},"7":{"loc":{"start":{"line":81,"column":12},"end":{"line":87,"column":13}},"type":"if","locations":[{"start":{"line":81,"column":12},"end":{"line":87,"column":13}},{"start":{"line":81,"column":12},"end":{"line":87,"column":13}}],"line":81},"8":{"loc":{"start":{"line":83,"column":17},"end":{"line":87,"column":13}},"type":"if","locations":[{"start":{"line":83,"column":17},"end":{"line":87,"column":13}},{"start":{"line":83,"column":17},"end":{"line":87,"column":13}}],"line":83},"9":{"loc":{"start":{"line":128,"column":20},"end":{"line":156,"column":21}},"type":"if","locations":[{"start":{"line":128,"column":20},"end":{"line":156,"column":21}},{"start":{"line":128,"column":20},"end":{"line":156,"column":21}}],"line":128},"10":{"loc":{"start":{"line":131,"column":25},"end":{"line":156,"column":21}},"type":"if","locations":[{"start":{"line":131,"column":25},"end":{"line":156,"column":21}},{"start":{"line":131,"column":25},"end":{"line":156,"column":21}}],"line":131},"11":{"loc":{"start":{"line":169,"column":12},"end":{"line":183,"column":13}},"type":"if","locations":[{"start":{"line":169,"column":12},"end":{"line":183,"column":13}},{"start":{"line":169,"column":12},"end":{"line":183,"column":13}}],"line":169},"12":{"loc":{"start":{"line":172,"column":20},"end":{"line":178,"column":43}},"type":"if","locations":[{"start":{"line":172,"column":20},"end":{"line":178,"column":43}},{"start":{"line":172,"column":20},"end":{"line":178,"column":43}}],"line":172},"13":{"loc":{"start":{"line":175,"column":25},"end":{"line":178,"column":43}},"type":"if","locations":[{"start":{"line":175,"column":25},"end":{"line":178,"column":43}},{"start":{"line":175,"column":25},"end":{"line":178,"column":43}}],"line":175},"14":{"loc":{"start":{"line":175,"column":28},"end":{"line":175,"column":44}},"type":"binary-expr","locations":[{"start":{"line":175,"column":28},"end":{"line":175,"column":33}},{"start":{"line":175,"column":37},"end":{"line":175,"column":44}}],"line":175},"15":{"loc":{"start":{"line":195,"column":12},"end":{"line":201,"column":36}},"type":"if","locations":[{"start":{"line":195,"column":12},"end":{"line":201,"column":36}},{"start":{"line":195,"column":12},"end":{"line":201,"column":36}}],"line":195},"16":{"loc":{"start":{"line":198,"column":17},"end":{"line":201,"column":36}},"type":"if","locations":[{"start":{"line":198,"column":17},"end":{"line":201,"column":36}},{"start":{"line":198,"column":17},"end":{"line":201,"column":36}}],"line":198},"17":{"loc":{"start":{"line":198,"column":20},"end":{"line":198,"column":36}},"type":"binary-expr","locations":[{"start":{"line":198,"column":20},"end":{"line":198,"column":25}},{"start":{"line":198,"column":29},"end":{"line":198,"column":36}}],"line":198},"18":{"loc":{"start":{"line":214,"column":12},"end":{"line":220,"column":36}},"type":"if","locations":[{"start":{"line":214,"column":12},"end":{"line":220,"column":36}},{"start":{"line":214,"column":12},"end":{"line":220,"column":36}}],"line":214},"19":{"loc":{"start":{"line":217,"column":17},"end":{"line":220,"column":36}},"type":"if","locations":[{"start":{"line":217,"column":17},"end":{"line":220,"column":36}},{"start":{"line":217,"column":17},"end":{"line":220,"column":36}}],"line":217},"20":{"loc":{"start":{"line":217,"column":20},"end":{"line":217,"column":36}},"type":"binary-expr","locations":[{"start":{"line":217,"column":20},"end":{"line":217,"column":25}},{"start":{"line":217,"column":29},"end":{"line":217,"column":36}}],"line":217},"21":{"loc":{"start":{"line":236,"column":12},"end":{"line":248,"column":28}},"type":"if","locations":[{"start":{"line":236,"column":12},"end":{"line":248,"column":28}},{"start":{"line":236,"column":12},"end":{"line":248,"column":28}}],"line":236},"22":{"loc":{"start":{"line":238,"column":18},"end":{"line":248,"column":28}},"type":"if","locations":[{"start":{"line":238,"column":18},"end":{"line":248,"column":28}},{"start":{"line":238,"column":18},"end":{"line":248,"column":28}}],"line":238},"23":{"loc":{"start":{"line":258,"column":12},"end":{"line":274,"column":13}},"type":"if","locations":[{"start":{"line":258,"column":12},"end":{"line":274,"column":13}},{"start":{"line":258,"column":12},"end":{"line":274,"column":13}}],"line":258},"24":{"loc":{"start":{"line":260,"column":18},"end":{"line":274,"column":13}},"type":"if","locations":[{"start":{"line":260,"column":18},"end":{"line":274,"column":13}},{"start":{"line":260,"column":18},"end":{"line":274,"column":13}}],"line":260},"25":{"loc":{"start":{"line":261,"column":16},"end":{"line":270,"column":17}},"type":"if","locations":[{"start":{"line":261,"column":16},"end":{"line":270,"column":17}},{"start":{"line":261,"column":16},"end":{"line":270,"column":17}}],"line":261},"26":{"loc":{"start":{"line":290,"column":12},"end":{"line":298,"column":17}},"type":"if","locations":[{"start":{"line":290,"column":12},"end":{"line":298,"column":17}},{"start":{"line":290,"column":12},"end":{"line":298,"column":17}}],"line":290},"27":{"loc":{"start":{"line":292,"column":18},"end":{"line":298,"column":17}},"type":"if","locations":[{"start":{"line":292,"column":18},"end":{"line":298,"column":17}},{"start":{"line":292,"column":18},"end":{"line":298,"column":17}}],"line":292},"28":{"loc":{"start":{"line":310,"column":8},"end":{"line":356,"column":9}},"type":"if","locations":[{"start":{"line":310,"column":8},"end":{"line":356,"column":9}},{"start":{"line":310,"column":8},"end":{"line":356,"column":9}}],"line":310},"29":{"loc":{"start":{"line":314,"column":12},"end":{"line":355,"column":56}},"type":"if","locations":[{"start":{"line":314,"column":12},"end":{"line":355,"column":56}},{"start":{"line":314,"column":12},"end":{"line":355,"column":56}}],"line":314},"30":{"loc":{"start":{"line":317,"column":16},"end":{"line":353,"column":50}},"type":"if","locations":[{"start":{"line":317,"column":16},"end":{"line":353,"column":50}},{"start":{"line":317,"column":16},"end":{"line":353,"column":50}}],"line":317},"31":{"loc":{"start":{"line":319,"column":20},"end":{"line":320,"column":34}},"type":"if","locations":[{"start":{"line":319,"column":20},"end":{"line":320,"column":34}},{"start":{"line":319,"column":20},"end":{"line":320,"column":34}}],"line":319},"32":{"loc":{"start":{"line":324,"column":20},"end":{"line":326,"column":21}},"type":"if","locations":[{"start":{"line":324,"column":20},"end":{"line":326,"column":21}},{"start":{"line":324,"column":20},"end":{"line":326,"column":21}}],"line":324},"33":{"loc":{"start":{"line":334,"column":40},"end":{"line":350,"column":41}},"type":"if","locations":[{"start":{"line":334,"column":40},"end":{"line":350,"column":41}},{"start":{"line":334,"column":40},"end":{"line":350,"column":41}}],"line":334},"34":{"loc":{"start":{"line":344,"column":44},"end":{"line":347,"column":124}},"type":"if","locations":[{"start":{"line":344,"column":44},"end":{"line":347,"column":124}},{"start":{"line":344,"column":44},"end":{"line":347,"column":124}}],"line":344},"35":{"loc":{"start":{"line":346,"column":49},"end":{"line":347,"column":124}},"type":"if","locations":[{"start":{"line":346,"column":49},"end":{"line":347,"column":124}},{"start":{"line":346,"column":49},"end":{"line":347,"column":124}}],"line":346},"36":{"loc":{"start":{"line":375,"column":20},"end":{"line":399,"column":21}},"type":"if","locations":[{"start":{"line":375,"column":20},"end":{"line":399,"column":21}},{"start":{"line":375,"column":20},"end":{"line":399,"column":21}}],"line":375},"37":{"loc":{"start":{"line":378,"column":25},"end":{"line":399,"column":21}},"type":"if","locations":[{"start":{"line":378,"column":25},"end":{"line":399,"column":21}},{"start":{"line":378,"column":25},"end":{"line":399,"column":21}}],"line":378},"38":{"loc":{"start":{"line":412,"column":12},"end":{"line":445,"column":13}},"type":"if","locations":[{"start":{"line":412,"column":12},"end":{"line":445,"column":13}},{"start":{"line":412,"column":12},"end":{"line":445,"column":13}}],"line":412},"39":{"loc":{"start":{"line":421,"column":24},"end":{"line":442,"column":25}},"type":"if","locations":[{"start":{"line":421,"column":24},"end":{"line":442,"column":25}},{"start":{"line":421,"column":24},"end":{"line":442,"column":25}}],"line":421},"40":{"loc":{"start":{"line":424,"column":29},"end":{"line":442,"column":25}},"type":"if","locations":[{"start":{"line":424,"column":29},"end":{"line":442,"column":25}},{"start":{"line":424,"column":29},"end":{"line":442,"column":25}}],"line":424},"41":{"loc":{"start":{"line":460,"column":20},"end":{"line":485,"column":21}},"type":"if","locations":[{"start":{"line":460,"column":20},"end":{"line":485,"column":21}},{"start":{"line":460,"column":20},"end":{"line":485,"column":21}}],"line":460},"42":{"loc":{"start":{"line":463,"column":25},"end":{"line":485,"column":21}},"type":"if","locations":[{"start":{"line":463,"column":25},"end":{"line":485,"column":21}},{"start":{"line":463,"column":25},"end":{"line":485,"column":21}}],"line":463},"43":{"loc":{"start":{"line":498,"column":12},"end":{"line":511,"column":17}},"type":"if","locations":[{"start":{"line":498,"column":12},"end":{"line":511,"column":17}},{"start":{"line":498,"column":12},"end":{"line":511,"column":17}}],"line":498},"44":{"loc":{"start":{"line":500,"column":18},"end":{"line":511,"column":17}},"type":"if","locations":[{"start":{"line":500,"column":18},"end":{"line":511,"column":17}},{"start":{"line":500,"column":18},"end":{"line":511,"column":17}}],"line":500},"45":{"loc":{"start":{"line":525,"column":8},"end":{"line":529,"column":9}},"type":"if","locations":[{"start":{"line":525,"column":8},"end":{"line":529,"column":9}},{"start":{"line":525,"column":8},"end":{"line":529,"column":9}}],"line":525},"46":{"loc":{"start":{"line":532,"column":16},"end":{"line":551,"column":17}},"type":"if","locations":[{"start":{"line":532,"column":16},"end":{"line":551,"column":17}},{"start":{"line":532,"column":16},"end":{"line":551,"column":17}}],"line":532},"47":{"loc":{"start":{"line":536,"column":20},"end":{"line":549,"column":21}},"type":"if","locations":[{"start":{"line":536,"column":20},"end":{"line":549,"column":21}},{"start":{"line":536,"column":20},"end":{"line":549,"column":21}}],"line":536},"48":{"loc":{"start":{"line":538,"column":28},"end":{"line":547,"column":29}},"type":"if","locations":[{"start":{"line":538,"column":28},"end":{"line":547,"column":29}},{"start":{"line":538,"column":28},"end":{"line":547,"column":29}}],"line":538},"49":{"loc":{"start":{"line":571,"column":16},"end":{"line":591,"column":17}},"type":"if","locations":[{"start":{"line":571,"column":16},"end":{"line":591,"column":17}},{"start":{"line":571,"column":16},"end":{"line":591,"column":17}}],"line":571},"50":{"loc":{"start":{"line":574,"column":21},"end":{"line":591,"column":17}},"type":"if","locations":[{"start":{"line":574,"column":21},"end":{"line":591,"column":17}},{"start":{"line":574,"column":21},"end":{"line":591,"column":17}}],"line":574},"51":{"loc":{"start":{"line":603,"column":8},"end":{"line":633,"column":9}},"type":"if","locations":[{"start":{"line":603,"column":8},"end":{"line":633,"column":9}},{"start":{"line":603,"column":8},"end":{"line":633,"column":9}}],"line":603},"52":{"loc":{"start":{"line":611,"column":20},"end":{"line":631,"column":21}},"type":"if","locations":[{"start":{"line":611,"column":20},"end":{"line":631,"column":21}},{"start":{"line":611,"column":20},"end":{"line":631,"column":21}}],"line":611},"53":{"loc":{"start":{"line":615,"column":24},"end":{"line":628,"column":25}},"type":"if","locations":[{"start":{"line":615,"column":24},"end":{"line":6
[...]
ine":971,"column":20},"end":{"line":991,"column":21}},"type":"if","locations":[{"start":{"line":971,"column":20},"end":{"line":991,"column":21}},{"start":{"line":971,"column":20},"end":{"line":991,"column":21}}],"line":971},"78":{"loc":{"start":{"line":974,"column":25},"end":{"line":991,"column":21}},"type":"if","locations":[{"start":{"line":974,"column":25},"end":{"line":991,"column":21}},{"start":{"line":974,"column":25},"end":{"line":991,"column":21}}],"line":974},"79":{"loc":{"start":{"line":1008,"column":12},"end":{"line":1011,"column":13}},"type":"if","locations":[{"start":{"line":1008,"column":12},"end":{"line":1011,"column":13}},{"start":{"line":1008,"column":12},"end":{"line":1011,"column":13}}],"line":1008},"80":{"loc":{"start":{"line":1008,"column":16},"end":{"line":1008,"column":160}},"type":"binary-expr","locations":[{"start":{"line":1008,"column":16},"end":{"line":1008,"column":40}},{"start":{"line":1008,"column":44},"end":{"line":1008,"column":71}},{"start":{"line":1008,"column":75},"end":{"line":1008,"column":100}},{"start":{"line":1008,"column":104},"end":{"line":1008,"column":135}},{"start":{"line":1008,"column":139},"end":{"line":1008,"column":160}}],"line":1008},"81":{"loc":{"start":{"line":1038,"column":12},"end":{"line":1041,"column":13}},"type":"if","locations":[{"start":{"line":1038,"column":12},"end":{"line":1041,"column":13}},{"start":{"line":1038,"column":12},"end":{"line":1041,"column":13}}],"line":1038},"82":{"loc":{"start":{"line":1038,"column":16},"end":{"line":1038,"column":207}},"type":"binary-expr","locations":[{"start":{"line":1038,"column":16},"end":{"line":1038,"column":36}},{"start":{"line":1038,"column":40},"end":{"line":1038,"column":62}},{"start":{"line":1038,"column":66},"end":{"line":1038,"column":91}},{"start":{"line":1038,"column":95},"end":{"line":1038,"column":117}},{"start":{"line":1038,"column":121},"end":{"line":1038,"column":152}},{"start":{"line":1038,"column":156},"end":{"line":1038,"column":182}},{"start":{"line":1038,"column":186},"end":{"line":1038,"column":207}}],"line":1038},"83":{"loc":{"start":{"line":1072,"column":12},"end":{"line":1075,"column":13}},"type":"if","locations":[{"start":{"line":1072,"column":12},"end":{"line":1075,"column":13}},{"start":{"line":1072,"column":12},"end":{"line":1075,"column":13}}],"line":1072},"84":{"loc":{"start":{"line":1072,"column":16},"end":{"line":1072,"column":79}},"type":"binary-expr","locations":[{"start":{"line":1072,"column":16},"end":{"line":1072,"column":44}},{"start":{"line":1072,"column":48},"end":{"line":1072,"column":79}}],"line":1072},"85":{"loc":{"start":{"line":1078,"column":12},"end":{"line":1095,"column":13}},"type":"if","locations":[{"start":{"line":1078,"column":12},"end":{"line":1095,"column":13}},{"start":{"line":1078,"column":12},"end":{"line":1095,"column":13}}],"line":1078},"86":{"loc":{"start":{"line":1082,"column":16},"end":{"line":1091,"column":17}},"type":"if","locations":[{"start":{"line":1082,"column":16},"end":{"line":1091,"column":17}},{"start":{"line":1082,"column":16},"end":{"line":1091,"column":17}}],"line":1082},"87":{"loc":{"start":{"line":1087,"column":21},"end":{"line":1091,"column":17}},"type":"if","locations":[{"start":{"line":1087,"column":21},"end":{"line":1091,"column":17}},{"start":{"line":1087,"column":21},"end":{"line":1091,"column":17}}],"line":1087},"88":{"loc":{"start":{"line":1093,"column":17},"end":{"line":1095,"column":13}},"type":"if","locations":[{"start":{"line":1093,"column":17},"end":{"line":1095,"column":13}},{"start":{"line":1093,"column":17},"end":{"line":1095,"column":13}}],"line":1093},"89":{"loc":{"start":{"line":1097,"column":12},"end":{"line":1110,"column":13}},"type":"if","locations":[{"start":{"line":1097,"column":12},"end":{"line":1110,"column":13}},{"start":{"line":1097,"column":12},"end":{"line":1110,"column":13}}],"line":1097},"90":{"loc":{"start":{"line":1101,"column":16},"end":{"line":1105,"column":17}},"type":"if","locations":[{"start":{"line":1101,"column":16},"end":{"line":1105,"column":17}},{"start":{"line":1101,"column":16},"end":{"line":1105,"column":17}}],"line":1101},"91":{"loc":{"start":{"line":1107,"column":17},"end":{"line":1110,"column":13}},"type":"if","locations":[{"start":{"line":1107,"column":17},"end":{"line":1110,"column":13}},{"start":{"line":1107,"column":17},"end":{"line":1110,"column":13}}],"line":1107},"92":{"loc":{"start":{"line":1140,"column":12},"end":{"line":1143,"column":13}},"type":"if","locations":[{"start":{"line":1140,"column":12},"end":{"line":1143,"column":13}},{"start":{"line":1140,"column":12},"end":{"line":1143,"column":13}}],"line":1140},"93":{"loc":{"start":{"line":1140,"column":16},"end":{"line":1140,"column":161}},"type":"binary-expr","locations":[{"start":{"line":1140,"column":16},"end":{"line":1140,"column":40}},{"start":{"line":1140,"column":44},"end":{"line":1140,"column":68}},{"start":{"line":1140,"column":72},"end":{"line":1140,"column":100}},{"start":{"line":1140,"column":104},"end":{"line":1140,"column":130}},{"start":{"line":1140,"column":134},"end":{"line":1140,"column":161}}],"line":1140},"94":{"loc":{"start":{"line":1146,"column":12},"end":{"line":1163,"column":13}},"type":"if","locations":[{"start":{"line":1146,"column":12},"end":{"line":1163,"column":13}},{"start":{"line":1146,"column":12},"end":{"line":1163,"column":13}}],"line":1146},"95":{"loc":{"start":{"line":1150,"column":16},"end":{"line":1159,"column":17}},"type":"if","locations":[{"start":{"line":1150,"column":16},"end":{"line":1159,"column":17}},{"start":{"line":1150,"column":16},"end":{"line":1159,"column":17}}],"line":1150},"96":{"loc":{"start":{"line":1155,"column":21},"end":{"line":1159,"column":17}},"type":"if","locations":[{"start":{"line":1155,"column":21},"end":{"line":1159,"column":17}},{"start":{"line":1155,"column":21},"end":{"line":1159,"column":17}}],"line":1155},"97":{"loc":{"start":{"line":1161,"column":17},"end":{"line":1163,"column":13}},"type":"if","locations":[{"start":{"line":1161,"column":17},"end":{"line":1163,"column":13}},{"start":{"line":1161,"column":17},"end":{"line":1163,"column":13}}],"line":1161},"98":{"loc":{"start":{"line":1194,"column":12},"end":{"line":1197,"column":13}},"type":"if","locations":[{"start":{"line":1194,"column":12},"end":{"line":1197,"column":13}},{"start":{"line":1194,"column":12},"end":{"line":1197,"column":13}}],"line":1194},"99":{"loc":{"start":{"line":1194,"column":16},"end":{"line":1194,"column":157}},"type":"binary-expr","locations":[{"start":{"line":1194,"column":16},"end":{"line":1194,"column":41}},{"start":{"line":1194,"column":45},"end":{"line":1194,"column":70}},{"start":{"line":1194,"column":74},"end":{"line":1194,"column":98}},{"start":{"line":1194,"column":102},"end":{"line":1194,"column":128}},{"start":{"line":1194,"column":132},"end":{"line":1194,"column":157}}],"line":1194},"100":{"loc":{"start":{"line":1199,"column":12},"end":{"line":1212,"column":13}},"type":"if","locations":[{"start":{"line":1199,"column":12},"end":{"line":1212,"column":13}},{"start":{"line":1199,"column":12},"end":{"line":1212,"column":13}}],"line":1199},"101":{"loc":{"start":{"line":1203,"column":16},"end":{"line":1207,"column":17}},"type":"if","locations":[{"start":{"line":1203,"column":16},"end":{"line":1207,"column":17}},{"start":{"line":1203,"column":16},"end":{"line":1207,"column":17}}],"line":1203},"102":{"loc":{"start":{"line":1209,"column":17},"end":{"line":1212,"column":13}},"type":"if","locations":[{"start":{"line":1209,"column":17},"end":{"line":1212,"column":13}},{"start":{"line":1209,"column":17},"end":{"line":1212,"column":13}}],"line":1209},"103":{"loc":{"start":{"line":1214,"column":12},"end":{"line":1228,"column":13}},"type":"if","locations":[{"start":{"line":1214,"column":12},"end":{"line":1228,"column":13}},{"start":{"line":1214,"column":12},"end":{"line":1228,"column":13}}],"line":1214},"104":{"loc":{"start":{"line":1218,"column":16},"end":{"line":1227,"column":17}},"type":"if","locations":[{"start":{"line":1218,"column":16},"end":{"line":1227,"column":17}},{"start":{"line":1218,"column":16},"end":{"line":1227,"column":17}}],"line":1218},"105":{"loc":{"start":{"line":1234,"column":12},"end":{"line":1256,"column":13}},"type":"switch","locations":[{"start":{"line":1235,"column":16},"end":{"line":1237,"column":26}},{"start":{"line":1238,"column":16},"end":{"line":1240,"column":26}},{"start":{"line":1241,"column":16},"end":{"line":1243,"column":26}},{"start":{"line":1244,"column":16},"end":{"line":1246,"column":26}},{"start":{"line":1247,"column":16},"end":{"line":1249,"column":26}},{"start":{"line":1250,"column":16},"end":{"line":1252,"column":26}},{"start":{"line":1253,"column":16},"end":{"line":1255,"column":26}}],"line":1234},"106":{"loc":{"start":{"line":1303,"column":20},"end":{"line":1325,"column":21}},"type":"if","locations":[{"start":{"line":1303,"column":20},"end":{"line":1325,"column":21}},{"start":{"line":1303,"column":20},"end":{"line":1325,"column":21}}],"line":1303},"107":{"loc":{"start":{"line":1307,"column":25},"end":{"line":1325,"column":21}},"type":"if","locations":[{"start":{"line":1307,"column":25},"end":{"line":1325,"column":21}},{"start":{"line":1307,"column":25},"end":{"line":1325,"column":21}}],"line":1307},"108":{"loc":{"start":{"line":1349,"column":20},"end":{"line":1367,"column":21}},"type":"if","locations":[{"start":{"line":1349,"column":20},"end":{"line":1367,"column":21}},{"start":{"line":1349,"column":20},"end":{"line":1367,"column":21}}],"line":1349},"109":{"loc":{"start":{"line":1352,"column":25},"end":{"line":1367,"column":21}},"type":"if","locations":[{"start":{"line":1352,"column":25},"end":{"line":1367,"column":21}},{"start":{"line":1352,"column":25},"end":{"line":1367,"column":21}}],"line":1352},"110":{"loc":{"start":{"line":1384,"column":16},"end":{"line":1388,"column":34}},"type":"if","locations":[{"start":{"line":1384,"column":16},"end":{"line":1388,"column":34}},{"start":{"line":1384,"column":16},"end":{"line":1388,"column":34}}],"line":1384},"111":{"loc":{"start":{"line":1407,"column":16},"end":{"line":1411,"column":34}},"type":"if","locations":[{"start":{"line":1407,"column":16},"end":{"line":1411,"column":34}},{"start":{"line":1407,"column":16},"end":{"line":1411,"column":34}}],"line":1407},"112":{"loc":{"start":{"line":1426,"column":16},"end":{"line":1430,"column":34}},"type":"if","locations":[{"start":{"line":1426,"column":16},"end":{"line":1430,"column":34}},{"start":{"line":1426,"column":16},"end":{"line":1430,"column":34}}],"line":1426},"113":{"loc":{"start":{"line":1449,"column":16},"end":{"line":1452,"column":34}},"type":"if","locations":[{"start":{"line":1449,"column":16},"end":{"line":1452,"column":34}},{"start":{"line":1449,"column":16},"end":{"line":1452,"column":34}}],"line":1449},"114":{"loc":{"start":{"line":1463,"column":20},"end":{"line":1479,"column":21}},"type":"if","locations":[{"start":{"line":1463,"column":20},"end":{"line":1479,"column":21}},{"start":{"line":1463,"column":20},"end":{"line":1479,"column":21}}],"line":1463},"115":{"loc":{"start":{"line":1466,"column":25},"end":{"line":1479,"column":21}},"type":"if","locations":[{"start":{"line":1466,"column":25},"end":{"line":1479,"column":21}},{"start":{"line":1466,"column":25},"end":{"line":1479,"column":21}}],"line":1466}},"s":{"0":1,"1":1,"2":1,"3":1,"4":1,"5":1,"6":1,"7":1,"8":1,"9":1,"10":1,"11":1,"12":1,"13":1,"14":1,"15":0,"16":1,"17":1,"18":3,"19":3,"20":3,"21":3,"22":0,"23":3,"24":2,"25":1,"26":1,"27":1,"28":1,"29":1,"30":1,"31":0,"32":1,"33":0,"34":1,"35":1,"36":0,"37":0,"38":0,"39":0,"40":0,"41":0,"42":0,"43":0,"44":1,"45":0,"46":0,"47":0,"48":0,"49":0,"50":0,"51":0,"52":0,"53":1,"54":0,"55":1,"56":0,"57":0,"58":1,"59":2,"60":2,"61":2,"62":2,"63":0,"64":2,"65":0,"66":2,"67":2,"68":5,"69":2,"70":1,"71":15,"72":15,"73":15,"74":13,"75":13,"76":13,"77":0,"78":13,"79":2,"80":11,"81":2,"82":1,"83":28,"84":28,"85":28,"86":28,"87":0,"88":28,"89":24,"90":4,"91":1,"92":6,"93":6,"94":6,"95":6,"96":0,"97":6,"98":4,"99":2,"100":1,"101":12,"102":12,"103":12,"104":12,"105":0,"106":12,"107":12,"108":0,"109":1,"110":13,"111":13,"112":13,"113":13,"114":0,"115":13,"116":12,"117":0,"118":12,"119":1,"120":1,"121":12,"122":12,"123":12,"124":12,"125":0,"126":12,"127":12,"128":1,"129":12,"130":12,"131":12,"132":1,"133":11,"134":11,"135":10,"136":10,"137":10,"138":10,"139":3,"140":10,"141":10,"142":1,"143":10,"144":10,"145":10,"146":10,"147":0,"148":10,"149":10,"150":7,"151":3,"152":3,"153":10,"154":0,"155":1,"156":1,"157":1,"158":1,"159":1,"160":1,"161":0,"162":1,"163":0,"164":1,"165":1,"166":3,"167":1,"168":1,"169":1,"170":1,"171":1,"172":0,"173":1,"174":1,"175":1,"176":0,"177":1,"178":0,"179":1,"180":1,"181":1,"182":1,"183":1,"184":1,"185":1,"186":1,"187":1,"188":0,"189":1,"190":1,"191":0,"192":0,"193":0,"194":0,"195":1,"196":6,"197":6,"198":6,"199":6,"200":0,"201":6,"202":2,"203":4,"204":1,"205":5,"206":5,"207":5,"208":5,"209":5,"210":5,"211":5,"212":1,"213":1,"214":1,"215":5,"216":5,"217":0,"218":5,"219":1,"220":1,"221":0,"222":1,"223":1,"224":5,"225":1,"226":2,"227":2,"228":2,"229":2,"230":0,"231":2,"232":2,"233":0,"234":0,"235":0,"236":0,"237":1,"238":3,"239":3,"240":3,"241":1,"242":2,"243":2,"244":2,"245":2,"246":0,"247":2,"248":2,"249":0,"250":0,"251":0,"252":0,"253":0,"254":2,"255":1,"256":0,"257":0,"258":0,"259":0,"260":0,"261":0,"262":0,"263":0,"264":0,"265":0,"266":0,"267":1,"268":0,"269":0,"270":0,"271":0,"272":0,"273":0,"274":1,"275":3,"276":3,"277":3,"278":3,"279":3,"280":3,"281":3,"282":3,"283":3,"284":3,"285":3,"286":0,"287":3,"288":0,"289":3,"290":3,"291":3,"292":4,"293":4,"294":4,"295":4,"296":4,"297":4,"298":4,"299":4,"300":4,"301":4,"302":4,"303":4,"304":4,"305":4,"306":4,"307":4,"308":3,"309":1,"310":1,"311":1,"312":1,"313":1,"314":0,"315":0,"316":1,"317":0,"318":1,"319":1,"320":2,"321":1,"322":1,"323":2,"324":2,"325":2,"326":2,"327":0,"328":2,"329":2,"330":0,"331":1,"332":2,"333":2,"334":2,"335":2,"336":2,"337":0,"338":2,"339":2,"340":0,"341":1,"342":2,"343":2,"344":2,"345":2,"346":0,"347":2,"348":0,"349":2,"350":2,"351":5,"352":2,"353":1,"354":1,"355":1,"356":1,"357":1,"358":0,"359":1,"360":0,"361":1,"362":1,"363":5,"364":1,"365":1,"366":0,"367":0,"368":0,"369":0,"370":0,"371":0,"372":0,"373":0,"374":0,"375":0,"376":0,"377":0,"378":0,"379":0,"380":0,"381":1,"382":0,"383":0,"384":0,"385":0,"386":0,"387":0,"388":0,"389":0,"390":0,"391":0,"392":0,"393":0,"394":0,"395":0,"396":0,"397":1,"398":0,"399":0,"400":0,"401":0,"402":0,"403":0,"404":0,"405":0,"406":0,"407":0,"408":0,"409":0,"410":0,"411":0,"412":0,"413":0,"414":0,"415":0,"416":0,"417":0,"418":0,"419":0,"420":0,"421":0,"422":0,"423":0,"424":0,"425":0,"426":0,"427":0,"428":0,"429":0,"430":0,"431":0,"432":0,"433":0,"434":0,"435":0,"436":0,"437":0,"438":0,"439":0,"440":0,"441":1,"442":0,"443":0,"444":0,"445":0,"446":0,"447":0,"448":0,"449":0,"450":0,"451":0,"452":0,"453":0,"454":0,"455":0,"456":0,"457":0,"458":0,"459":0,"460":0,"461":0,"462":0,"463":0,"464":0,"465":0,"466":0,"467":0,"468":0,"469":0,"470":0,"471":0,"472":0,"473":1,"474":0,"475":0,"476":0,"477":0,"478":0,"479":0,"480":0,"481":0,"482":0,"483":0,"484":0,"485":0,"486":0,"487":0,"488":0,"489":0,"490":0,"491":0,"492":0,"493":0,"494":0,"495":0,"496":0,"497":0,"498":0,"499":0,"500":0,"501":0,"502":0,"503":0,"504":0,"505":0,"506":0,"507":0,"508":0,"509":0,"510":0,"511":0,"512":0,"513":0,"514":0,"515":0,"516":0,"517":0,"518":0,"519":0,"520":0,"521":0,"522":0,"523":0,"524":0,"525":0,"526":0,"527":0,"528":0,"529":0,"530":0,"531":0,"532":0,"533":0,"534":0,"535":0,"536":0,"537":0,"538":0,"539":1,"540":1,"541":1,"542":1,"543":1,"544":0,"545":0,"546":1,"547":0,"548":1,"549":1,"550":2,"551":1,"552":1,"553":1,"554":1,"555":1,"556":1,"557":0,"558":1,"559":0,"560":0,"561":0,"562":0,"563":0,"564":0,"565":0,"566":0,"567":0,"568":0,"569":0,"570":1,"571":1,"572":1,"573":1,"574":1,"575":1,"576":0,"577":0,"578":1,"579":1,"580":1,"581":1,"582":1,"583":1,"584":1,"585":0,"586":0,"587":1,"588":1,"589":1,"590":1,"591":1,"592":1,"593":0,"594":0,"595":1,"596":1,"597":1,"598":1,"599":1,"600":1,"601":1,"602":0,"603":1,"604":1,"605":2,"606":2,"607":2,"608":2,"609":0,"610":2,"611":0,"612":2,"613":2,"614":10,"615":2},"f":{"0":1,"1":1,"2":3,"3":3,"4":3,"5":1,"6":1,"7":1,"8":0,"9":0,"10":0,"11":0,"12":0,"13":0,"14":0,"15":0,"16":0,"17":2,"18":2,"19":2,"20":15,"21":15,"22":13,"23":28,"24":28,"25":28,"26":6,"27":6,"28":6,"29":12,"30":12,"31":12,"32":13,"33":13,"34":13,"35":12,"36":12,"37":12,"38":12,"39":12,"40":10,"41":1,"42":1,"43":1,"44":1,"45":1,"46":1,"47":1,"48":1,"49":1,"50":6,"51":6,"52":6,"53":5,"54":5,"55":5,"56":1,"57":2,"58":2,"59":2,"60":3,"61":3,"62":2,"63":0,"64":0,"65":0,"66":0,"67":0,"68":0,"69":3,"70":3,"71":3,"72":1,"73":1,"74":1,"75":2,"76":2,"77":2,"78":2,"79":2,"80":2,"81":2,"82":2,"83":2,"84":1,"85":1,"86":1,"87":0,"88":0,"89":0,"90":0,"91":0,"92":0,"93":0,"94":0,"95":0,"96":0,"97":1,"98":1,"99":1,"100":1,"101":0,"102":0,"103":0,"104":1,"105":1,"106":1,"107":1,"108":1,"109":1,"110":1,"111":1,"112":1,"113":1,"114":1,"115":1,"116":2,"117":2,"118":2},"b":{"0":[0,1],"1":[0,3],"2":[2,1],"3":[0,1],"4":[0,1],"5":[0,0],"6":[0,0],"7":[0,0],"8":[0,0],"9":[0,2],"10":[0,2],"11":[13,2],"12":[0,13],"13":[2,11],"14":[13,2],"15":[0,28],"16":[24,4],"17":[28,24],"18":[0,6],"19":[4,2],"20":[6,4],"21":[0,12],"22":[12,0],"23":[0,13],"24":[12,1],"25":[0,12],"26":[0,12],"27":[12,0],"28":[1,11],"29":[10,1],"30":[10,0],"31":[3,7],"32":[1,9],"33":[0,10],"34":[7,3],"35":[3,0],"36":[0,1],"37":[0,1],"38":[0,1],"39":[0,1],"40":[0,1],"41":[0,1],"42":[1,0],"43":[0,6],"44":[2,4],"45":[1,4],"46":[0,5],"47":[1,4],"48":[0,1],"49":[0,2],"50":[2,0],"51":[1,2],"52":[0,2],"53":[2,0],"54":[0,0],"55":[0,0],"56":[0,0],"57":[0,0],"58":[0,0],"59":[1,2],"60":[1,2],"61":[1,2],"62":[1,2],"63":[1,2],"64":[0,3],"65":[0,3],"66":[2,2],"67":[1,3],"68":[1,3],"69":[0,1],"70":[0,1],"71":[0,2],"72":[2,0],"73":[0,2],"74":[2,0],"75":[0,2],"76":[0,2],"77":[0,1],"78":[0,1],"79":[0,0],"80":[0,0,0,0,0],"81":[0,0],"82":[0,0,0,0,0,0,0],"83":[0,0],"84":[0,0],"85":[0,0],"86":[0,0],"87":[0,0],"88":[0,0],"89":[0,0],"90":[0,0],"91":[0,0],"92":[0,0],"93":[0,0,0,0,0],"94":[0,0],"95":[0,0],"96":[0,0],"97":[0,0],"98":[0,0],"99":[0,0,0,0,0],"100":[0,0],"101":[0,0],"102":[0,0],"103":[0,0],"104":[0,0],"105":[0,0,0,0,0,0,0],"106":[0,1],"107":[0,1],"108":[0,0],"109":[0,0],"110":[0,1],"111":[0,1],"112":[0,1],"113":[0,1],"114":[0,2],"115":[0,2]},"_coverageSchema":"1a1c01bbd47fc00a2c39e90264f33305004495a9","hash":"8963c8717a4f6ac429d9a4b6e7a536e4215c96e3"}
,"D:\\Documenti\\PULSeBS_Team5\\server\\email.js": {"path":"D:\\Documenti\\PULSeBS_Team5\\server\\email.js","statementMap":{"0":{"start":{"line":2,"column":19},"end":{"line":2,"column":40}},"1":{"start":{"line":4,"column":0},"end":{"line":12,"column":1}},"2":{"start":{"line":8,"column":4},"end":{"line":10,"column":7}},"3":{"start":{"line":9,"column":8},"end":{"line":9,"column":40}},"4":{"start":{"line":11,"column":4},"end":{"line":11,"column":14}},"5":{"start":{"line":14,"column":0},"end":{"line":59,"column":1}}},"fnMap":{"0":{"name":"(anonymous_0)","decl":{"start":{"line":4,"column":28},"end":{"line":4,"column":29}},"loc":{"start":{"line":4,"column":54},"end":{"line":12,"column":1}},"line":4},"1":{"name":"(anonymous_1)","decl":{"start":{"line":8,"column":32},"end":{"line":8,"column":33}},"loc":{"start":{"line":8,"column":46},"end":{"line":10,"column":5}},"line":8},"2":{"name":"(anonymous_2)","decl":{"start":{"line":14,"column":13},"end":{"line":14,"column":14}},"loc":{"start":{"line":14,"column":65},"end":{"line":59,"column":1}},"line":14}},"branchMap":{"0":{"loc":{"start":{"line":9,"column":15},"end":{"line":9,"column":39}},"type":"binary-expr","locations":[{"start":{"line":9,"column":15},"end":{"line":9,"column":32}},{"start":{"line":9,"column":36},"end":{"line":9,"column":39}}],"line":9}},"s":{"0":1,"1":1,"2":0,"3":0,"4":0,"5":1},"f":{"0":0,"1":0,"2":11},"b":{"0":[0,0]},"_coverageSchema":"1a1c01bbd47fc00a2c39e90264f33305004495a9","hash":"9569f2e7d860143974d9ee3ad13ebe41c522d0b5"}
}
