TN:
SF:dao.js
FN:21,(anonymous_0)
FN:22,(anonymous_1)
FN:40,(anonymous_2)
FN:42,(anonymous_3)
FN:44,(anonymous_4)
FN:59,(anonymous_5)
FN:60,(anonymous_6)
FN:62,(anonymous_7)
FN:74,(anonymous_8)
FN:75,(anonymous_9)
FN:77,(anonymous_10)
FN:89,(anonymous_11)
FN:90,(anonymous_12)
FN:92,(anonymous_13)
FN:105,(anonymous_14)
FN:111,(anonymous_15)
FN:112,(anonymous_16)
FN:119,(anonymous_17)
FN:121,(anonymous_18)
FN:139,(anonymous_19)
FN:176,(anonymous_20)
FN:179,(anonymous_21)
FN:183,(anonymous_22)
FN:200,(anonymous_23)
FN:202,(anonymous_24)
FN:206,(anonymous_25)
FN:219,(anonymous_26)
FN:221,(anonymous_27)
FN:225,(anonymous_28)
FN:237,(anonymous_29)
FN:240,(anonymous_30)
FN:247,(anonymous_31)
FN:265,(anonymous_32)
FN:267,(anonymous_33)
FN:269,(anonymous_34)
FN:292,(anonymous_35)
FN:295,(anonymous_36)
FN:301,(anonymous_37)
FN:316,(anonymous_38)
FN:319,(anonymous_39)
FN:345,(anonymous_40)
FN:372,(anonymous_41)
FN:374,(anonymous_42)
FN:386,(anonymous_43)
FN:418,(anonymous_44)
FN:420,(anonymous_45)
FN:432,(anonymous_46)
FN:462,(anonymous_47)
FN:464,(anonymous_48)
FN:471,(anonymous_49)
FN:505,(anonymous_50)
FN:507,(anonymous_51)
FN:509,(anonymous_52)
FN:528,(anonymous_53)
FN:529,(anonymous_54)
FN:543,(anonymous_55)
FN:549,(anonymous_56)
FN:570,(anonymous_57)
FN:572,(anonymous_58)
FN:582,(anonymous_59)
FN:611,(anonymous_60)
FN:612,(anonymous_61)
FN:621,(anonymous_62)
FN:652,(anonymous_63)
FN:654,(anonymous_64)
FN:663,(anonymous_65)
FN:696,(anonymous_66)
FN:697,(anonymous_67)
FN:700,(anonymous_68)
FN:710,(anonymous_69)
FN:712,(anonymous_70)
FN:758,(anonymous_71)
FN:841,(anonymous_72)
FN:843,(anonymous_73)
FN:857,(anonymous_74)
FN:893,(anonymous_75)
FN:895,(anonymous_76)
FN:904,(anonymous_77)
FN:919,(anonymous_78)
FN:921,(anonymous_79)
FN:931,(anonymous_80)
FN:946,(anonymous_81)
FN:948,(anonymous_82)
FN:951,(anonymous_83)
FN:977,(anonymous_84)
FN:979,(anonymous_85)
FN:982,(anonymous_86)
FN:1011,(anonymous_87)
FN:1012,(anonymous_88)
FN:1041,(anonymous_89)
FN:1042,(anonymous_90)
FN:1070,(anonymous_91)
FN:1071,(anonymous_92)
FN:1140,(anonymous_93)
FN:1141,(anonymous_94)
FN:1193,(anonymous_95)
FN:1194,(anonymous_96)
FN:1297,(anonymous_97)
FN:1300,(anonymous_98)
FN:1311,(anonymous_99)
FN:1341,(anonymous_100)
FN:1342,(anonymous_101)
FN:1352,(anonymous_102)
FN:1363,(anonymous_103)
FN:1364,(anonymous_104)
FN:1374,(anonymous_105)
FNF:106
FNH:80
FNDA:1,(anonymous_0)
FNDA:1,(anonymous_1)
FNDA:3,(anonymous_2)
FNDA:3,(anonymous_3)
FNDA:3,(anonymous_4)
FNDA:1,(anonymous_5)
FNDA:1,(anonymous_6)
FNDA:1,(anonymous_7)
FNDA:0,(anonymous_8)
FNDA:0,(anonymous_9)
FNDA:0,(anonymous_10)
FNDA:0,(anonymous_11)
FNDA:0,(anonymous_12)
FNDA:0,(anonymous_13)
FNDA:0,(anonymous_14)
FNDA:0,(anonymous_15)
FNDA:0,(anonymous_16)
FNDA:2,(anonymous_17)
FNDA:2,(anonymous_18)
FNDA:2,(anonymous_19)
FNDA:11,(anonymous_20)
FNDA:11,(anonymous_21)
FNDA:9,(anonymous_22)
FNDA:16,(anonymous_23)
FNDA:16,(anonymous_24)
FNDA:16,(anonymous_25)
FNDA:6,(anonymous_26)
FNDA:6,(anonymous_27)
FNDA:6,(anonymous_28)
FNDA:3,(anonymous_29)
FNDA:3,(anonymous_30)
FNDA:3,(anonymous_31)
FNDA:4,(anonymous_32)
FNDA:4,(anonymous_33)
FNDA:4,(anonymous_34)
FNDA:3,(anonymous_35)
FNDA:3,(anonymous_36)
FNDA:3,(anonymous_37)
FNDA:8,(anonymous_38)
FNDA:8,(anonymous_39)
FNDA:2,(anonymous_40)
FNDA:1,(anonymous_41)
FNDA:1,(anonymous_42)
FNDA:1,(anonymous_43)
FNDA:1,(anonymous_44)
FNDA:1,(anonymous_45)
FNDA:1,(anonymous_46)
FNDA:1,(anonymous_47)
FNDA:1,(anonymous_48)
FNDA:1,(anonymous_49)
FNDA:3,(anonymous_50)
FNDA:3,(anonymous_51)
FNDA:3,(anonymous_52)
FNDA:2,(anonymous_53)
FNDA:2,(anonymous_54)
FNDA:2,(anonymous_55)
FNDA:0,(anonymous_56)
FNDA:2,(anonymous_57)
FNDA:2,(anonymous_58)
FNDA:2,(anonymous_59)
FNDA:3,(anonymous_60)
FNDA:3,(anonymous_61)
FNDA:2,(anonymous_62)
FNDA:0,(anonymous_63)
FNDA:0,(anonymous_64)
FNDA:0,(anonymous_65)
FNDA:0,(anonymous_66)
FNDA:0,(anonymous_67)
FNDA:0,(anonymous_68)
FNDA:2,(anonymous_69)
FNDA:2,(anonymous_70)
FNDA:2,(anonymous_71)
FNDA:1,(anonymous_72)
FNDA:1,(anonymous_73)
FNDA:1,(anonymous_74)
FNDA:2,(anonymous_75)
FNDA:2,(anonymous_76)
FNDA:2,(anonymous_77)
FNDA:1,(anonymous_78)
FNDA:1,(anonymous_79)
FNDA:1,(anonymous_80)
FNDA:2,(anonymous_81)
FNDA:2,(anonymous_82)
FNDA:2,(anonymous_83)
FNDA:1,(anonymous_84)
FNDA:1,(anonymous_85)
FNDA:1,(anonymous_86)
FNDA:0,(anonymous_87)
FNDA:0,(anonymous_88)
FNDA:0,(anonymous_89)
FNDA:0,(anonymous_90)
FNDA:0,(anonymous_91)
FNDA:0,(anonymous_92)
FNDA:0,(anonymous_93)
FNDA:0,(anonymous_94)
FNDA:0,(anonymous_95)
FNDA:0,(anonymous_96)
FNDA:1,(anonymous_97)
FNDA:1,(anonymous_98)
FNDA:1,(anonymous_99)
FNDA:1,(anonymous_100)
FNDA:1,(anonymous_101)
FNDA:1,(anonymous_102)
FNDA:1,(anonymous_103)
FNDA:1,(anonymous_104)
FNDA:1,(anonymous_105)
DA:1,1
DA:2,1
DA:3,1
DA:4,1
DA:5,1
DA:6,1
DA:7,1
DA:8,1
DA:11,1
DA:12,1
DA:13,1
DA:14,1
DA:15,1
DA:17,1
DA:21,1
DA:22,1
DA:23,1
DA:24,0
DA:28,1
DA:40,1
DA:41,3
DA:43,3
DA:44,3
DA:45,3
DA:46,0
DA:48,3
DA:49,2
DA:51,1
DA:59,1
DA:60,1
DA:61,1
DA:62,1
DA:63,1
DA:64,0
DA:65,1
DA:66,0
DA:68,1
DA:74,1
DA:75,0
DA:76,0
DA:77,0
DA:78,0
DA:79,0
DA:80,0
DA:81,0
DA:83,0
DA:89,1
DA:90,0
DA:91,0
DA:92,0
DA:93,0
DA:94,0
DA:95,0
DA:96,0
DA:98,0
DA:105,1
DA:106,0
DA:111,1
DA:112,0
DA:113,0
DA:119,1
DA:120,2
DA:122,2
DA:139,2
DA:140,2
DA:141,0
DA:143,2
DA:144,0
DA:146,2
DA:147,2
DA:148,5
DA:167,2
DA:176,1
DA:178,11
DA:180,11
DA:181,11
DA:182,9
DA:183,9
DA:184,9
DA:185,0
DA:187,9
DA:188,6
DA:190,3
DA:194,2
DA:200,1
DA:201,16
DA:203,16
DA:206,16
DA:207,16
DA:208,0
DA:210,16
DA:211,12
DA:213,4
DA:219,1
DA:220,6
DA:222,6
DA:225,6
DA:226,6
DA:227,0
DA:229,6
DA:230,4
DA:232,2
DA:237,1
DA:238,3
DA:242,3
DA:247,3
DA:248,3
DA:249,0
DA:250,3
DA:251,3
DA:260,0
DA:265,1
DA:266,4
DA:268,4
DA:269,4
DA:270,4
DA:271,0
DA:272,4
DA:273,3
DA:274,0
DA:277,3
DA:285,1
DA:292,1
DA:294,3
DA:296,3
DA:301,3
DA:302,3
DA:303,0
DA:304,3
DA:305,3
DA:316,1
DA:318,8
DA:321,8
DA:322,8
DA:323,5
DA:325,3
DA:326,3
DA:328,2
DA:329,2
DA:330,2
DA:331,2
DA:332,0
DA:334,2
DA:336,2
DA:337,0
DA:340,2
DA:342,2
DA:344,2
DA:346,2
DA:347,0
DA:351,2
DA:356,2
DA:357,2
DA:358,0
DA:359,0
DA:361,2
DA:365,0
DA:367,1
DA:372,1
DA:373,1
DA:375,1
DA:386,1
DA:387,1
DA:388,0
DA:390,1
DA:391,0
DA:393,1
DA:394,1
DA:395,3
DA:410,1
DA:418,1
DA:419,1
DA:423,1
DA:424,1
DA:425,0
DA:428,1
DA:432,1
DA:433,1
DA:434,0
DA:436,1
DA:437,0
DA:439,1
DA:440,1
DA:441,1
DA:453,1
DA:462,1
DA:463,1
DA:465,1
DA:471,1
DA:472,1
DA:473,0
DA:475,1
DA:476,1
DA:478,0
DA:479,0
DA:480,0
DA:496,0
DA:505,1
DA:506,3
DA:508,3
DA:509,3
DA:510,3
DA:511,0
DA:512,3
DA:513,0
DA:521,3
DA:528,1
DA:529,2
DA:530,2
DA:532,2
DA:533,2
DA:534,2
DA:535,2
DA:537,2
DA:538,0
DA:539,0
DA:540,0
DA:542,2
DA:544,2
DA:545,0
DA:548,2
DA:549,0
DA:550,0
DA:551,0
DA:553,0
DA:558,0
DA:562,2
DA:570,1
DA:571,2
DA:575,2
DA:582,2
DA:583,2
DA:584,0
DA:586,2
DA:587,1
DA:589,1
DA:590,1
DA:591,1
DA:602,1
DA:611,1
DA:612,3
DA:614,3
DA:615,3
DA:616,1
DA:618,2
DA:619,2
DA:620,2
DA:623,2
DA:624,0
DA:627,2
DA:628,2
DA:629,1
DA:635,1
DA:636,1
DA:637,0
DA:638,0
DA:642,2
DA:652,1
DA:653,0
DA:655,0
DA:663,0
DA:664,0
DA:665,0
DA:667,0
DA:668,0
DA:670,0
DA:671,0
DA:672,0
DA:687,0
DA:696,1
DA:697,0
DA:698,0
DA:699,0
DA:701,0
DA:702,0
DA:704,0
DA:710,1
DA:711,2
DA:715,2
DA:716,2
DA:717,2
DA:718,2
DA:754,2
DA:755,2
DA:756,2
DA:757,2
DA:758,2
DA:759,2
DA:760,0
DA:762,2
DA:763,2
DA:765,0
DA:766,0
DA:767,0
DA:768,0
DA:769,0
DA:770,0
DA:771,0
DA:772,0
DA:773,0
DA:774,0
DA:775,0
DA:776,0
DA:777,0
DA:778,0
DA:779,0
DA:780,0
DA:781,0
DA:782,0
DA:783,0
DA:786,0
DA:841,1
DA:842,1
DA:844,1
DA:857,1
DA:858,1
DA:859,0
DA:860,0
DA:862,1
DA:864,0
DA:866,1
DA:868,1
DA:869,2
DA:883,1
DA:893,1
DA:894,2
DA:896,2
DA:904,2
DA:905,2
DA:906,0
DA:907,2
DA:908,2
DA:912,0
DA:919,1
DA:920,1
DA:922,1
DA:930,1
DA:931,1
DA:932,1
DA:933,0
DA:934,1
DA:935,1
DA:939,0
DA:946,1
DA:947,2
DA:949,2
DA:951,2
DA:952,2
DA:953,0
DA:955,2
DA:957,0
DA:959,2
DA:961,2
DA:962,5
DA:969,2
DA:977,1
DA:978,1
DA:980,1
DA:982,1
DA:983,1
DA:984,0
DA:986,1
DA:988,0
DA:990,1
DA:992,1
DA:993,5
DA:1002,1
DA:1011,1
DA:1012,0
DA:1013,0
DA:1014,0
DA:1016,0
DA:1017,0
DA:1019,0
DA:1020,0
DA:1021,0
DA:1022,0
DA:1025,0
DA:1027,0
DA:1028,0
DA:1029,0
DA:1032,0
DA:1036,0
DA:1041,1
DA:1042,0
DA:1043,0
DA:1044,0
DA:1046,0
DA:1047,0
DA:1049,0
DA:1050,0
DA:1051,0
DA:1052,0
DA:1055,0
DA:1057,0
DA:1058,0
DA:1059,0
DA:1062,0
DA:1066,0
DA:1070,1
DA:1071,0
DA:1072,0
DA:1073,0
DA:1075,0
DA:1076,0
DA:1078,0
DA:1079,0
DA:1080,0
DA:1081,0
DA:1083,0
DA:1084,0
DA:1085,0
DA:1086,0
DA:1089,0
DA:1090,0
DA:1091,0
DA:1092,0
DA:1094,0
DA:1095,0
DA:1096,0
DA:1097,0
DA:1099,0
DA:1100,0
DA:1101,0
DA:1102,0
DA:1105,0
DA:1106,0
DA:1109,0
DA:1110,0
DA:1111,0
DA:1113,0
DA:1114,0
DA:1115,0
DA:1116,0
DA:1119,0
DA:1120,0
DA:1121,0
DA:1124,0
DA:1126,0
DA:1127,0
DA:1128,0
DA:1131,0
DA:1135,0
DA:1140,1
DA:1141,0
DA:1142,0
DA:1143,0
DA:1145,0
DA:1146,0
DA:1148,0
DA:1149,0
DA:1151,0
DA:1152,0
DA:1153,0
DA:1154,0
DA:1157,0
DA:1158,0
DA:1159,0
DA:1160,0
DA:1162,0
DA:1163,0
DA:1164,0
DA:1165,0
DA:1167,0
DA:1168,0
DA:1169,0
DA:1170,0
DA:1173,0
DA:1174,0
DA:1177,0
DA:1179,0
DA:1180,0
DA:1181,0
DA:1184,0
DA:1188,0
DA:1193,1
DA:1194,0
DA:1195,0
DA:1196,0
DA:1198,0
DA:1199,0
DA:1201,0
DA:1202,0
DA:1203,0
DA:1205,0
DA:1206,0
DA:1207,0
DA:1208,0
DA:1211,0
DA:1212,0
DA:1213,0
DA:1215,0
DA:1216,0
DA:1217,0
DA:1218,0
DA:1221,0
DA:1222,0
DA:1223,0
DA:1226,0
DA:1227,0
DA:1228,0
DA:1230,0
DA:1231,0
DA:1233,0
DA:1234,0
DA:1237,0
DA:1242,0
DA:1243,0
DA:1244,0
DA:1246,0
DA:1248,0
DA:1249,0
DA:1251,0
DA:1252,0
DA:1254,0
DA:1255,0
DA:1257,0
DA:1258,0
DA:1260,0
DA:1261,0
DA:1263,0
DA:1264,0
DA:1266,0
DA:1267,0
DA:1269,0
DA:1270,0
DA:1271,0
DA:1272,0
DA:1275,0
DA:1276,0
DA:1277,0
DA:1278,0
DA:1279,0
DA:1280,0
DA:1281,0
DA:1282,0
DA:1283,0
DA:1286,0
DA:1288,0
DA:1293,0
DA:1297,1
DA:1299,1
DA:1301,1
DA:1311,1
DA:1312,1
DA:1313,0
DA:1314,0
DA:1316,1
DA:1318,1
DA:1320,0
DA:1322,0
DA:1323,0
DA:1333,0
DA:1341,1
DA:1342,1
DA:1343,1
DA:1351,1
DA:1353,1
DA:1354,0
DA:1355,0
DA:1357,1
DA:1363,1
DA:1364,1
DA:1365,1
DA:1373,1
DA:1375,1
DA:1376,0
DA:1378,1
LF:568
LH:278
BRDA:23,0,0,0
BRDA:23,0,1,1
BRDA:45,1,0,0
BRDA:45,1,1,3
BRDA:48,2,0,2
BRDA:48,2,1,1
BRDA:63,3,0,0
BRDA:63,3,1,1
BRDA:65,4,0,0
BRDA:65,4,1,1
BRDA:78,5,0,0
BRDA:78,5,1,0
BRDA:80,6,0,0
BRDA:80,6,1,0
BRDA:93,7,0,0
BRDA:93,7,1,0
BRDA:95,8,0,0
BRDA:95,8,1,0
BRDA:140,9,0,0
BRDA:140,9,1,2
BRDA:143,10,0,0
BRDA:143,10,1,2
BRDA:181,11,0,9
BRDA:181,11,1,2
BRDA:184,12,0,0
BRDA:184,12,1,9
BRDA:187,13,0,6
BRDA:187,13,1,3
BRDA:187,14,0,9
BRDA:187,14,1,6
BRDA:207,15,0,0
BRDA:207,15,1,16
BRDA:210,16,0,12
BRDA:210,16,1,4
BRDA:210,17,0,16
BRDA:210,17,1,12
BRDA:226,18,0,0
BRDA:226,18,1,6
BRDA:229,19,0,4
BRDA:229,19,1,2
BRDA:229,20,0,6
BRDA:229,20,1,4
BRDA:248,21,0,0
BRDA:248,21,1,3
BRDA:250,22,0,3
BRDA:250,22,1,0
BRDA:270,23,0,0
BRDA:270,23,1,4
BRDA:272,24,0,3
BRDA:272,24,1,1
BRDA:273,25,0,0
BRDA:273,25,1,3
BRDA:302,26,0,0
BRDA:302,26,1,3
BRDA:304,27,0,3
BRDA:304,27,1,0
BRDA:322,28,0,5
BRDA:322,28,1,3
BRDA:326,29,0,2
BRDA:326,29,1,1
BRDA:329,30,0,2
BRDA:329,30,1,0
BRDA:331,31,0,0
BRDA:331,31,1,2
BRDA:336,32,0,0
BRDA:336,32,1,2
BRDA:346,33,0,0
BRDA:346,33,1,2
BRDA:356,34,0,2
BRDA:356,34,1,0
BRDA:358,35,0,0
BRDA:358,35,1,0
BRDA:387,36,0,0
BRDA:387,36,1,1
BRDA:390,37,0,0
BRDA:390,37,1,1
BRDA:424,38,0,0
BRDA:424,38,1,1
BRDA:433,39,0,0
BRDA:433,39,1,1
BRDA:436,40,0,0
BRDA:436,40,1,1
BRDA:472,41,0,0
BRDA:472,41,1,1
BRDA:475,42,0,1
BRDA:475,42,1,0
BRDA:510,43,0,0
BRDA:510,43,1,3
BRDA:512,44,0,0
BRDA:512,44,1,3
BRDA:537,45,0,0
BRDA:537,45,1,2
BRDA:544,46,0,0
BRDA:544,46,1,2
BRDA:548,47,0,0
BRDA:548,47,1,2
BRDA:550,48,0,0
BRDA:550,48,1,0
BRDA:583,49,0,0
BRDA:583,49,1,2
BRDA:586,50,0,1
BRDA:586,50,1,1
BRDA:615,51,0,1
BRDA:615,51,1,2
BRDA:623,52,0,0
BRDA:623,52,1,2
BRDA:627,53,0,2
BRDA:627,53,1,0
BRDA:635,54,0,1
BRDA:635,54,1,0
BRDA:637,55,0,0
BRDA:637,55,1,0
BRDA:664,56,0,0
BRDA:664,56,1,0
BRDA:667,57,0,0
BRDA:667,57,1,0
BRDA:701,58,0,0
BRDA:701,58,1,0
BRDA:716,59,0,1
BRDA:716,59,1,1
BRDA:717,60,0,1
BRDA:717,60,1,1
BRDA:754,61,0,0
BRDA:754,61,1,2
BRDA:755,62,0,1
BRDA:755,62,1,1
BRDA:756,63,0,1
BRDA:756,63,1,1
BRDA:759,64,0,0
BRDA:759,64,1,2
BRDA:762,65,0,2
BRDA:762,65,1,0
BRDA:771,66,0,0
BRDA:771,66,1,0
BRDA:772,67,0,0
BRDA:772,67,1,0
BRDA:773,68,0,0
BRDA:773,68,1,0
BRDA:858,69,0,0
BRDA:858,69,1,1
BRDA:862,70,0,0
BRDA:862,70,1,1
BRDA:905,71,0,0
BRDA:905,71,1,2
BRDA:907,72,0,2
BRDA:907,72,1,0
BRDA:932,73,0,0
BRDA:932,73,1,1
BRDA:934,74,0,1
BRDA:934,74,1,0
BRDA:952,75,0,0
BRDA:952,75,1,2
BRDA:955,76,0,0
BRDA:955,76,1,2
BRDA:983,77,0,0
BRDA:983,77,1,1
BRDA:986,78,0,0
BRDA:986,78,1,1
BRDA:1020,79,0,0
BRDA:1020,79,1,0
BRDA:1020,80,0,0
BRDA:1020,80,1,0
BRDA:1020,80,2,0
BRDA:1020,80,3,0
BRDA:1020,80,4,0
BRDA:1050,81,0,0
BRDA:1050,81,1,0
BRDA:1050,82,0,0
BRDA:1050,82,1,0
BRDA:1050,82,2,0
BRDA:1050,82,3,0
BRDA:1050,82,4,0
BRDA:1050,82,5,0
BRDA:1050,82,6,0
BRDA:1084,83,0,0
BRDA:1084,83,1,0
BRDA:1084,84,0,0
BRDA:1084,84,1,0
BRDA:1090,85,0,0
BRDA:1090,85,1,0
BRDA:1094,86,0,0
BRDA:1094,86,1,0
BRDA:1099,87,0,0
BRDA:1099,87,1,0
BRDA:1105,88,0,0
BRDA:1105,88,1,0
BRDA:1109,89,0,0
BRDA:1109,89,1,0
BRDA:1113,90,0,0
BRDA:1113,90,1,0
BRDA:1119,91,0,0
BRDA:1119,91,1,0
BRDA:1152,92,0,0
BRDA:1152,92,1,0
BRDA:1152,93,0,0
BRDA:1152,93,1,0
BRDA:1152,93,2,0
BRDA:1152,93,3,0
BRDA:1152,93,4,0
BRDA:1158,94,0,0
BRDA:1158,94,1,0
BRDA:1162,95,0,0
BRDA:1162,95,1,0
BRDA:1167,96,0,0
BRDA:1167,96,1,0
BRDA:1173,97,0,0
BRDA:1173,97,1,0
BRDA:1206,98,0,0
BRDA:1206,98,1,0
BRDA:1206,99,0,0
BRDA:1206,99,1,0
BRDA:1206,99,2,0
BRDA:1206,99,3,0
BRDA:1206,99,4,0
BRDA:1211,100,0,0
BRDA:1211,100,1,0
BRDA:1215,101,0,0
BRDA:1215,101,1,0
BRDA:1221,102,0,0
BRDA:1221,102,1,0
BRDA:1226,103,0,0
BRDA:1226,103,1,0
BRDA:1230,104,0,0
BRDA:1230,104,1,0
BRDA:1246,105,0,0
BRDA:1246,105,1,0
BRDA:1246,105,2,0
BRDA:1246,105,3,0
BRDA:1246,105,4,0
BRDA:1246,105,5,0
BRDA:1246,105,6,0
BRDA:1312,106,0,0
BRDA:1312,106,1,1
BRDA:1316,107,0,1
BRDA:1316,107,1,0
BRDA:1353,108,0,0
BRDA:1353,108,1,1
BRDA:1375,109,0,0
BRDA:1375,109,1,1
BRF:239
BRH:87
end_of_record
TN:
SF:email.js
FN:4,(anonymous_0)
FN:8,(anonymous_1)
FN:14,(anonymous_2)
FNF:3
FNH:1
FNDA:0,(anonymous_0)
FNDA:0,(anonymous_1)
FNDA:3,(anonymous_2)
DA:2,1
DA:4,1
DA:8,0
DA:9,0
DA:11,0
DA:14,1
LF:6
LH:3
BRDA:9,0,0,0
BRDA:9,0,1,0
BRF:2
BRH:0
end_of_record
