TN:
SF:dao.js
FN:18,(anonymous_0)
FN:19,(anonymous_1)
FN:28,(anonymous_2)
FN:30,(anonymous_3)
FN:32,(anonymous_4)
FN:47,(anonymous_5)
FN:48,(anonymous_6)
FN:50,(anonymous_7)
FN:62,(anonymous_8)
FN:63,(anonymous_9)
FN:65,(anonymous_10)
FN:77,(anonymous_11)
FN:78,(anonymous_12)
FN:80,(anonymous_13)
FN:93,(anonymous_14)
FN:99,(anonymous_15)
FN:100,(anonymous_16)
FN:107,(anonymous_17)
FN:109,(anonymous_18)
FN:127,(anonymous_19)
FN:164,(anonymous_20)
FN:167,(anonymous_21)
FN:171,(anonymous_22)
FN:188,(anonymous_23)
FN:190,(anonymous_24)
FN:194,(anonymous_25)
FN:207,(anonymous_26)
FN:209,(anonymous_27)
FN:213,(anonymous_28)
FN:225,(anonymous_29)
FN:228,(anonymous_30)
FN:235,(anonymous_31)
FN:253,(anonymous_32)
FN:255,(anonymous_33)
FN:257,(anonymous_34)
FN:280,(anonymous_35)
FN:283,(anonymous_36)
FN:289,(anonymous_37)
FN:304,(anonymous_38)
FN:307,(anonymous_39)
FN:333,(anonymous_40)
FN:360,(anonymous_41)
FN:362,(anonymous_42)
FN:374,(anonymous_43)
FN:406,(anonymous_44)
FN:408,(anonymous_45)
FN:420,(anonymous_46)
FN:450,(anonymous_47)
FN:452,(anonymous_48)
FN:459,(anonymous_49)
FN:493,(anonymous_50)
FN:495,(anonymous_51)
FN:497,(anonymous_52)
FN:516,(anonymous_53)
FN:517,(anonymous_54)
FN:531,(anonymous_55)
FN:537,(anonymous_56)
FN:558,(anonymous_57)
FN:560,(anonymous_58)
FN:570,(anonymous_59)
FN:599,(anonymous_60)
FN:600,(anonymous_61)
FN:609,(anonymous_62)
FN:640,(anonymous_63)
FN:642,(anonymous_64)
FN:651,(anonymous_65)
FN:684,(anonymous_66)
FN:685,(anonymous_67)
FN:688,(anonymous_68)
FN:698,(anonymous_69)
FN:700,(anonymous_70)
FN:746,(anonymous_71)
FN:829,(anonymous_72)
FN:831,(anonymous_73)
FN:845,(anonymous_74)
FN:881,(anonymous_75)
FN:883,(anonymous_76)
FN:892,(anonymous_77)
FN:907,(anonymous_78)
FN:909,(anonymous_79)
FN:919,(anonymous_80)
FN:934,(anonymous_81)
FN:936,(anonymous_82)
FN:939,(anonymous_83)
FN:965,(anonymous_84)
FN:967,(anonymous_85)
FN:970,(anonymous_86)
FN:999,(anonymous_87)
FN:1000,(anonymous_88)
FN:1029,(anonymous_89)
FN:1030,(anonymous_90)
FN:1058,(anonymous_91)
FN:1059,(anonymous_92)
FN:1128,(anonymous_93)
FN:1129,(anonymous_94)
FN:1181,(anonymous_95)
FN:1182,(anonymous_96)
FN:1288,(anonymous_97)
FN:1291,(anonymous_98)
FN:1302,(anonymous_99)
FN:1332,(anonymous_100)
FN:1344,(anonymous_101)
FN:1346,(anonymous_102)
FN:1348,(anonymous_103)
FN:1374,(anonymous_104)
FN:1375,(anonymous_105)
FN:1382,(anonymous_106)
FN:1394,(anonymous_107)
FN:1395,(anonymous_108)
FN:1406,(anonymous_109)
FN:1417,(anonymous_110)
FN:1418,(anonymous_111)
FN:1425,(anonymous_112)
FN:1436,(anonymous_113)
FN:1437,(anonymous_114)
FN:1448,(anonymous_115)
FN:1458,(anonymous_116)
FN:1460,(anonymous_117)
FN:1462,(anonymous_118)
FNF:119
FNH:91
FNDA:1,(anonymous_0)
FNDA:1,(anonymous_1)
FNDA:3,(anonymous_2)
FNDA:3,(anonymous_3)
FNDA:3,(anonymous_4)
FNDA:1,(anonymous_5)
FNDA:1,(anonymous_6)
FNDA:1,(anonymous_7)
FNDA:0,(anonymous_8)
FNDA:0,(anonymous_9)
FNDA:0,(anonymous_10)
FNDA:0,(anonymous_11)
FNDA:0,(anonymous_12)
FNDA:0,(anonymous_13)
FNDA:0,(anonymous_14)
FNDA:0,(anonymous_15)
FNDA:0,(anonymous_16)
FNDA:2,(anonymous_17)
FNDA:2,(anonymous_18)
FNDA:2,(anonymous_19)
FNDA:15,(anonymous_20)
FNDA:15,(anonymous_21)
FNDA:13,(anonymous_22)
FNDA:28,(anonymous_23)
FNDA:28,(anonymous_24)
FNDA:28,(anonymous_25)
FNDA:6,(anonymous_26)
FNDA:6,(anonymous_27)
FNDA:6,(anonymous_28)
FNDA:12,(anonymous_29)
FNDA:12,(anonymous_30)
FNDA:12,(anonymous_31)
FNDA:13,(anonymous_32)
FNDA:13,(anonymous_33)
FNDA:13,(anonymous_34)
FNDA:12,(anonymous_35)
FNDA:12,(anonymous_36)
FNDA:12,(anonymous_37)
FNDA:12,(anonymous_38)
FNDA:12,(anonymous_39)
FNDA:10,(anonymous_40)
FNDA:1,(anonymous_41)
FNDA:1,(anonymous_42)
FNDA:1,(anonymous_43)
FNDA:1,(anonymous_44)
FNDA:1,(anonymous_45)
FNDA:1,(anonymous_46)
FNDA:1,(anonymous_47)
FNDA:1,(anonymous_48)
FNDA:1,(anonymous_49)
FNDA:6,(anonymous_50)
FNDA:6,(anonymous_51)
FNDA:6,(anonymous_52)
FNDA:5,(anonymous_53)
FNDA:5,(anonymous_54)
FNDA:5,(anonymous_55)
FNDA:1,(anonymous_56)
FNDA:2,(anonymous_57)
FNDA:2,(anonymous_58)
FNDA:2,(anonymous_59)
FNDA:3,(anonymous_60)
FNDA:3,(anonymous_61)
FNDA:2,(anonymous_62)
FNDA:0,(anonymous_63)
FNDA:0,(anonymous_64)
FNDA:0,(anonymous_65)
FNDA:0,(anonymous_66)
FNDA:0,(anonymous_67)
FNDA:0,(anonymous_68)
FNDA:3,(anonymous_69)
FNDA:3,(anonymous_70)
FNDA:3,(anonymous_71)
FNDA:1,(anonymous_72)
FNDA:1,(anonymous_73)
FNDA:1,(anonymous_74)
FNDA:2,(anonymous_75)
FNDA:2,(anonymous_76)
FNDA:2,(anonymous_77)
FNDA:2,(anonymous_78)
FNDA:2,(anonymous_79)
FNDA:2,(anonymous_80)
FNDA:2,(anonymous_81)
FNDA:2,(anonymous_82)
FNDA:2,(anonymous_83)
FNDA:1,(anonymous_84)
FNDA:1,(anonymous_85)
FNDA:1,(anonymous_86)
FNDA:0,(anonymous_87)
FNDA:0,(anonymous_88)
FNDA:0,(anonymous_89)
FNDA:0,(anonymous_90)
FNDA:0,(anonymous_91)
FNDA:0,(anonymous_92)
FNDA:0,(anonymous_93)
FNDA:0,(anonymous_94)
FNDA:0,(anonymous_95)
FNDA:0,(anonymous_96)
FNDA:1,(anonymous_97)
FNDA:1,(anonymous_98)
FNDA:1,(anonymous_99)
FNDA:1,(anonymous_100)
FNDA:0,(anonymous_101)
FNDA:0,(anonymous_102)
FNDA:0,(anonymous_103)
FNDA:1,(anonymous_104)
FNDA:1,(anonymous_105)
FNDA:1,(anonymous_106)
FNDA:1,(anonymous_107)
FNDA:1,(anonymous_108)
FNDA:1,(anonymous_109)
FNDA:1,(anonymous_110)
FNDA:1,(anonymous_111)
FNDA:1,(anonymous_112)
FNDA:1,(anonymous_113)
FNDA:1,(anonymous_114)
FNDA:1,(anonymous_115)
FNDA:2,(anonymous_116)
FNDA:2,(anonymous_117)
FNDA:2,(anonymous_118)
DA:1,1
DA:2,1
DA:3,1
DA:4,1
DA:5,1
DA:6,1
DA:8,1
DA:9,1
DA:10,1
DA:11,1
DA:12,1
DA:14,1
DA:18,1
DA:19,1
DA:20,1
DA:21,0
DA:25,1
DA:28,1
DA:29,3
DA:31,3
DA:32,3
DA:33,3
DA:34,0
DA:36,3
DA:37,2
DA:39,1
DA:47,1
DA:48,1
DA:49,1
DA:50,1
DA:51,1
DA:52,0
DA:53,1
DA:54,0
DA:56,1
DA:62,1
DA:63,0
DA:64,0
DA:65,0
DA:66,0
DA:67,0
DA:68,0
DA:69,0
DA:71,0
DA:77,1
DA:78,0
DA:79,0
DA:80,0
DA:81,0
DA:82,0
DA:83,0
DA:84,0
DA:86,0
DA:93,1
DA:94,0
DA:99,1
DA:100,0
DA:101,0
DA:107,1
DA:108,2
DA:110,2
DA:127,2
DA:128,2
DA:129,0
DA:131,2
DA:132,0
DA:134,2
DA:135,2
DA:136,5
DA:155,2
DA:164,1
DA:166,15
DA:168,15
DA:169,15
DA:170,13
DA:171,13
DA:172,13
DA:173,0
DA:175,13
DA:176,2
DA:178,11
DA:182,2
DA:188,1
DA:189,28
DA:191,28
DA:194,28
DA:195,28
DA:196,0
DA:198,28
DA:199,24
DA:201,4
DA:207,1
DA:208,6
DA:210,6
DA:213,6
DA:214,6
DA:215,0
DA:217,6
DA:218,4
DA:220,2
DA:225,1
DA:226,12
DA:230,12
DA:235,12
DA:236,12
DA:237,0
DA:238,12
DA:239,12
DA:248,0
DA:253,1
DA:254,13
DA:256,13
DA:257,13
DA:258,13
DA:259,0
DA:260,13
DA:261,12
DA:262,0
DA:265,12
DA:273,1
DA:280,1
DA:282,12
DA:284,12
DA:289,12
DA:290,12
DA:291,0
DA:292,12
DA:293,12
DA:304,1
DA:306,12
DA:309,12
DA:310,12
DA:311,1
DA:313,11
DA:314,11
DA:316,10
DA:317,10
DA:318,10
DA:319,10
DA:320,3
DA:322,10
DA:324,10
DA:325,1
DA:328,10
DA:330,10
DA:332,10
DA:334,10
DA:335,0
DA:339,10
DA:344,10
DA:345,7
DA:346,3
DA:347,3
DA:349,10
DA:353,0
DA:355,1
DA:360,1
DA:361,1
DA:363,1
DA:374,1
DA:375,1
DA:376,0
DA:378,1
DA:379,0
DA:381,1
DA:382,1
DA:383,3
DA:398,1
DA:406,1
DA:407,1
DA:411,1
DA:412,1
DA:413,0
DA:416,1
DA:420,1
DA:421,1
DA:422,0
DA:424,1
DA:425,0
DA:427,1
DA:428,1
DA:429,1
DA:441,1
DA:450,1
DA:451,1
DA:453,1
DA:459,1
DA:460,1
DA:461,0
DA:463,1
DA:464,1
DA:466,0
DA:467,0
DA:468,0
DA:484,0
DA:493,1
DA:494,6
DA:496,6
DA:497,6
DA:498,6
DA:499,0
DA:500,6
DA:501,2
DA:509,4
DA:516,1
DA:517,5
DA:518,5
DA:520,5
DA:521,5
DA:522,5
DA:523,5
DA:525,5
DA:526,1
DA:527,1
DA:528,1
DA:530,5
DA:532,5
DA:533,0
DA:536,5
DA:537,1
DA:538,1
DA:539,0
DA:541,1
DA:546,1
DA:550,5
DA:558,1
DA:559,2
DA:563,2
DA:570,2
DA:571,2
DA:572,0
DA:574,2
DA:575,2
DA:577,0
DA:578,0
DA:579,0
DA:590,0
DA:599,1
DA:600,3
DA:602,3
DA:603,3
DA:604,1
DA:606,2
DA:607,2
DA:608,2
DA:611,2
DA:612,0
DA:615,2
DA:616,2
DA:617,0
DA:623,0
DA:624,0
DA:625,0
DA:626,0
DA:630,2
DA:640,1
DA:641,0
DA:643,0
DA:651,0
DA:652,0
DA:653,0
DA:655,0
DA:656,0
DA:658,0
DA:659,0
DA:660,0
DA:675,0
DA:684,1
DA:685,0
DA:686,0
DA:687,0
DA:689,0
DA:690,0
DA:692,0
DA:698,1
DA:699,3
DA:703,3
DA:704,3
DA:705,3
DA:706,3
DA:742,3
DA:743,3
DA:744,3
DA:745,3
DA:746,3
DA:747,3
DA:748,0
DA:750,3
DA:751,0
DA:753,3
DA:754,3
DA:755,3
DA:756,4
DA:757,4
DA:758,4
DA:759,4
DA:760,4
DA:761,4
DA:762,4
DA:763,4
DA:764,4
DA:765,4
DA:766,4
DA:767,4
DA:768,4
DA:769,4
DA:770,4
DA:771,4
DA:774,3
DA:829,1
DA:830,1
DA:832,1
DA:845,1
DA:846,1
DA:847,0
DA:848,0
DA:850,1
DA:852,0
DA:854,1
DA:856,1
DA:857,2
DA:871,1
DA:881,1
DA:882,2
DA:884,2
DA:892,2
DA:893,2
DA:894,0
DA:895,2
DA:896,2
DA:900,0
DA:907,1
DA:908,2
DA:910,2
DA:918,2
DA:919,2
DA:920,2
DA:921,0
DA:922,2
DA:923,2
DA:927,0
DA:934,1
DA:935,2
DA:937,2
DA:939,2
DA:940,2
DA:941,0
DA:943,2
DA:945,0
DA:947,2
DA:949,2
DA:950,5
DA:957,2
DA:965,1
DA:966,1
DA:968,1
DA:970,1
DA:971,1
DA:972,0
DA:974,1
DA:976,0
DA:978,1
DA:980,1
DA:981,5
DA:990,1
DA:999,1
DA:1000,0
DA:1001,0
DA:1002,0
DA:1004,0
DA:1005,0
DA:1007,0
DA:1008,0
DA:1009,0
DA:1010,0
DA:1013,0
DA:1015,0
DA:1016,0
DA:1017,0
DA:1020,0
DA:1024,0
DA:1029,1
DA:1030,0
DA:1031,0
DA:1032,0
DA:1034,0
DA:1035,0
DA:1037,0
DA:1038,0
DA:1039,0
DA:1040,0
DA:1043,0
DA:1045,0
DA:1046,0
DA:1047,0
DA:1050,0
DA:1054,0
DA:1058,1
DA:1059,0
DA:1060,0
DA:1061,0
DA:1063,0
DA:1064,0
DA:1066,0
DA:1067,0
DA:1068,0
DA:1069,0
DA:1071,0
DA:1072,0
DA:1073,0
DA:1074,0
DA:1077,0
DA:1078,0
DA:1079,0
DA:1080,0
DA:1082,0
DA:1083,0
DA:1084,0
DA:1085,0
DA:1087,0
DA:1088,0
DA:1089,0
DA:1090,0
DA:1093,0
DA:1094,0
DA:1097,0
DA:1098,0
DA:1099,0
DA:1101,0
DA:1102,0
DA:1103,0
DA:1104,0
DA:1107,0
DA:1108,0
DA:1109,0
DA:1112,0
DA:1114,0
DA:1115,0
DA:1116,0
DA:1119,0
DA:1123,0
DA:1128,1
DA:1129,0
DA:1130,0
DA:1131,0
DA:1133,0
DA:1134,0
DA:1136,0
DA:1137,0
DA:1139,0
DA:1140,0
DA:1141,0
DA:1142,0
DA:1145,0
DA:1146,0
DA:1147,0
DA:1148,0
DA:1150,0
DA:1151,0
DA:1152,0
DA:1153,0
DA:1155,0
DA:1156,0
DA:1157,0
DA:1158,0
DA:1161,0
DA:1162,0
DA:1165,0
DA:1167,0
DA:1168,0
DA:1169,0
DA:1172,0
DA:1176,0
DA:1181,1
DA:1182,0
DA:1183,0
DA:1184,0
DA:1186,0
DA:1187,0
DA:1189,0
DA:1190,0
DA:1191,0
DA:1193,0
DA:1194,0
DA:1195,0
DA:1196,0
DA:1199,0
DA:1200,0
DA:1201,0
DA:1203,0
DA:1204,0
DA:1205,0
DA:1206,0
DA:1209,0
DA:1210,0
DA:1211,0
DA:1214,0
DA:1215,0
DA:1216,0
DA:1218,0
DA:1219,0
DA:1221,0
DA:1222,0
DA:1225,0
DA:1230,0
DA:1231,0
DA:1232,0
DA:1234,0
DA:1236,0
DA:1237,0
DA:1239,0
DA:1240,0
DA:1242,0
DA:1243,0
DA:1245,0
DA:1246,0
DA:1248,0
DA:1249,0
DA:1251,0
DA:1252,0
DA:1254,0
DA:1255,0
DA:1257,0
DA:1258,0
DA:1259,0
DA:1260,0
DA:1262,0
DA:1264,0
DA:1265,0
DA:1266,0
DA:1267,0
DA:1269,0
DA:1271,0
DA:1272,0
DA:1273,0
DA:1274,0
DA:1277,0
DA:1279,0
DA:1284,0
DA:1288,1
DA:1290,1
DA:1292,1
DA:1302,1
DA:1303,1
DA:1304,0
DA:1305,0
DA:1307,1
DA:1309,0
DA:1311,1
DA:1313,1
DA:1314,2
DA:1324,1
DA:1332,1
DA:1333,1
DA:1335,1
DA:1336,1
DA:1337,1
DA:1340,0
DA:1344,1
DA:1345,0
DA:1347,0
DA:1348,0
DA:1349,0
DA:1350,0
DA:1352,0
DA:1353,0
DA:1355,0
DA:1356,0
DA:1357,0
DA:1366,0
DA:1374,1
DA:1375,1
DA:1376,1
DA:1381,1
DA:1383,1
DA:1384,1
DA:1385,0
DA:1386,0
DA:1388,1
DA:1394,1
DA:1395,1
DA:1396,1
DA:1397,1
DA:1405,1
DA:1407,1
DA:1408,0
DA:1409,0
DA:1411,1
DA:1417,1
DA:1418,1
DA:1419,1
DA:1424,1
DA:1426,1
DA:1427,0
DA:1428,0
DA:1430,1
DA:1436,1
DA:1437,1
DA:1438,1
DA:1439,1
DA:1447,1
DA:1449,1
DA:1450,0
DA:1452,1
DA:1458,1
DA:1459,2
DA:1461,2
DA:1462,2
DA:1463,2
DA:1464,0
DA:1466,2
DA:1467,0
DA:1469,2
DA:1470,2
DA:1471,10
DA:1478,2
LF:616
LH:334
BRDA:20,0,0,0
BRDA:20,0,1,1
BRDA:33,1,0,0
BRDA:33,1,1,3
BRDA:36,2,0,2
BRDA:36,2,1,1
BRDA:51,3,0,0
BRDA:51,3,1,1
BRDA:53,4,0,0
BRDA:53,4,1,1
BRDA:66,5,0,0
BRDA:66,5,1,0
BRDA:68,6,0,0
BRDA:68,6,1,0
BRDA:81,7,0,0
BRDA:81,7,1,0
BRDA:83,8,0,0
BRDA:83,8,1,0
BRDA:128,9,0,0
BRDA:128,9,1,2
BRDA:131,10,0,0
BRDA:131,10,1,2
BRDA:169,11,0,13
BRDA:169,11,1,2
BRDA:172,12,0,0
BRDA:172,12,1,13
BRDA:175,13,0,2
BRDA:175,13,1,11
BRDA:175,14,0,13
BRDA:175,14,1,2
BRDA:195,15,0,0
BRDA:195,15,1,28
BRDA:198,16,0,24
BRDA:198,16,1,4
BRDA:198,17,0,28
BRDA:198,17,1,24
BRDA:214,18,0,0
BRDA:214,18,1,6
BRDA:217,19,0,4
BRDA:217,19,1,2
BRDA:217,20,0,6
BRDA:217,20,1,4
BRDA:236,21,0,0
BRDA:236,21,1,12
BRDA:238,22,0,12
BRDA:238,22,1,0
BRDA:258,23,0,0
BRDA:258,23,1,13
BRDA:260,24,0,12
BRDA:260,24,1,1
BRDA:261,25,0,0
BRDA:261,25,1,12
BRDA:290,26,0,0
BRDA:290,26,1,12
BRDA:292,27,0,12
BRDA:292,27,1,0
BRDA:310,28,0,1
BRDA:310,28,1,11
BRDA:314,29,0,10
BRDA:314,29,1,1
BRDA:317,30,0,10
BRDA:317,30,1,0
BRDA:319,31,0,3
BRDA:319,31,1,7
BRDA:324,32,0,1
BRDA:324,32,1,9
BRDA:334,33,0,0
BRDA:334,33,1,10
BRDA:344,34,0,7
BRDA:344,34,1,3
BRDA:346,35,0,3
BRDA:346,35,1,0
BRDA:375,36,0,0
BRDA:375,36,1,1
BRDA:378,37,0,0
BRDA:378,37,1,1
BRDA:412,38,0,0
BRDA:412,38,1,1
BRDA:421,39,0,0
BRDA:421,39,1,1
BRDA:424,40,0,0
BRDA:424,40,1,1
BRDA:460,41,0,0
BRDA:460,41,1,1
BRDA:463,42,0,1
BRDA:463,42,1,0
BRDA:498,43,0,0
BRDA:498,43,1,6
BRDA:500,44,0,2
BRDA:500,44,1,4
BRDA:525,45,0,1
BRDA:525,45,1,4
BRDA:532,46,0,0
BRDA:532,46,1,5
BRDA:536,47,0,1
BRDA:536,47,1,4
BRDA:538,48,0,0
BRDA:538,48,1,1
BRDA:571,49,0,0
BRDA:571,49,1,2
BRDA:574,50,0,2
BRDA:574,50,1,0
BRDA:603,51,0,1
BRDA:603,51,1,2
BRDA:611,52,0,0
BRDA:611,52,1,2
BRDA:615,53,0,2
BRDA:615,53,1,0
BRDA:623,54,0,0
BRDA:623,54,1,0
BRDA:625,55,0,0
BRDA:625,55,1,0
BRDA:652,56,0,0
BRDA:652,56,1,0
BRDA:655,57,0,0
BRDA:655,57,1,0
BRDA:689,58,0,0
BRDA:689,58,1,0
BRDA:704,59,0,1
BRDA:704,59,1,2
BRDA:705,60,0,1
BRDA:705,60,1,2
BRDA:742,61,0,1
BRDA:742,61,1,2
BRDA:743,62,0,1
BRDA:743,62,1,2
BRDA:744,63,0,1
BRDA:744,63,1,2
BRDA:747,64,0,0
BRDA:747,64,1,3
BRDA:750,65,0,0
BRDA:750,65,1,3
BRDA:759,66,0,2
BRDA:759,66,1,2
BRDA:760,67,0,1
BRDA:760,67,1,3
BRDA:761,68,0,1
BRDA:761,68,1,3
BRDA:846,69,0,0
BRDA:846,69,1,1
BRDA:850,70,0,0
BRDA:850,70,1,1
BRDA:893,71,0,0
BRDA:893,71,1,2
BRDA:895,72,0,2
BRDA:895,72,1,0
BRDA:920,73,0,0
BRDA:920,73,1,2
BRDA:922,74,0,2
BRDA:922,74,1,0
BRDA:940,75,0,0
BRDA:940,75,1,2
BRDA:943,76,0,0
BRDA:943,76,1,2
BRDA:971,77,0,0
BRDA:971,77,1,1
BRDA:974,78,0,0
BRDA:974,78,1,1
BRDA:1008,79,0,0
BRDA:1008,79,1,0
BRDA:1008,80,0,0
BRDA:1008,80,1,0
BRDA:1008,80,2,0
BRDA:1008,80,3,0
BRDA:1008,80,4,0
BRDA:1038,81,0,0
BRDA:1038,81,1,0
BRDA:1038,82,0,0
BRDA:1038,82,1,0
BRDA:1038,82,2,0
BRDA:1038,82,3,0
BRDA:1038,82,4,0
BRDA:1038,82,5,0
BRDA:1038,82,6,0
BRDA:1072,83,0,0
BRDA:1072,83,1,0
BRDA:1072,84,0,0
BRDA:1072,84,1,0
BRDA:1078,85,0,0
BRDA:1078,85,1,0
BRDA:1082,86,0,0
BRDA:1082,86,1,0
BRDA:1087,87,0,0
BRDA:1087,87,1,0
BRDA:1093,88,0,0
BRDA:1093,88,1,0
BRDA:1097,89,0,0
BRDA:1097,89,1,0
BRDA:1101,90,0,0
BRDA:1101,90,1,0
BRDA:1107,91,0,0
BRDA:1107,91,1,0
BRDA:1140,92,0,0
BRDA:1140,92,1,0
BRDA:1140,93,0,0
BRDA:1140,93,1,0
BRDA:1140,93,2,0
BRDA:1140,93,3,0
BRDA:1140,93,4,0
BRDA:1146,94,0,0
BRDA:1146,94,1,0
BRDA:1150,95,0,0
BRDA:1150,95,1,0
BRDA:1155,96,0,0
BRDA:1155,96,1,0
BRDA:1161,97,0,0
BRDA:1161,97,1,0
BRDA:1194,98,0,0
BRDA:1194,98,1,0
BRDA:1194,99,0,0
BRDA:1194,99,1,0
BRDA:1194,99,2,0
BRDA:1194,99,3,0
BRDA:1194,99,4,0
BRDA:1199,100,0,0
BRDA:1199,100,1,0
BRDA:1203,101,0,0
BRDA:1203,101,1,0
BRDA:1209,102,0,0
BRDA:1209,102,1,0
BRDA:1214,103,0,0
BRDA:1214,103,1,0
BRDA:1218,104,0,0
BRDA:1218,104,1,0
BRDA:1234,105,0,0
BRDA:1234,105,1,0
BRDA:1234,105,2,0
BRDA:1234,105,3,0
BRDA:1234,105,4,0
BRDA:1234,105,5,0
BRDA:1234,105,6,0
BRDA:1303,106,0,0
BRDA:1303,106,1,1
BRDA:1307,107,0,0
BRDA:1307,107,1,1
BRDA:1349,108,0,0
BRDA:1349,108,1,0
BRDA:1352,109,0,0
BRDA:1352,109,1,0
BRDA:1384,110,0,0
BRDA:1384,110,1,1
BRDA:1407,111,0,0
BRDA:1407,111,1,1
BRDA:1426,112,0,0
BRDA:1426,112,1,1
BRDA:1449,113,0,0
BRDA:1449,113,1,1
BRDA:1463,114,0,0
BRDA:1463,114,1,2
BRDA:1466,115,0,0
BRDA:1466,115,1,2
BRF:251
BRH:104
end_of_record
TN:
SF:email.js
FN:4,(anonymous_0)
FN:8,(anonymous_1)
FN:14,(anonymous_2)
FNF:3
FNH:1
FNDA:0,(anonymous_0)
FNDA:0,(anonymous_1)
FNDA:11,(anonymous_2)
DA:2,1
DA:4,1
DA:8,0
DA:9,0
DA:11,0
DA:14,1
LF:6
LH:3
BRDA:9,0,0,0
BRDA:9,0,1,0
BRF:2
BRH:0
end_of_record
